#
# A fatal error has been detected by the Java Runtime Environment:
#
#  SIGBUS (0x7) at pc=0x76f883cc, pid=850, tid=1668281440
#
# JRE version: Java(TM) SE Runtime Environment (8.0_65-b17) (build 1.8.0_65-b17)
# Java VM: Java HotSpot(TM) Client VM (25.65-b01 mixed mode linux-arm )
# Problematic frame:
# C  [libarmmem.so+0x23cc]
#
# Failed to write core dump. Core dumps have been disabled. To enable core dumping, try "ulimit -c unlimited" before starting Java again
#
# If you would like to submit a bug report, please visit:
#   http://bugreport.java.com/bugreport/crash.jsp
# The crash happened outside the Java Virtual Machine in native code.
# See problematic frame for where to report the bug.
#

---------------  T H R E A D  ---------------

Current thread (0x63957400):  JavaThread "fileinstall-addons" daemon [_thread_in_native, id=878, stack(0x636b0000,0x63700000)]

siginfo: si_signo: 7 (SIGBUS), si_code: 2 (BUS_ADRERR), si_addr: 0x7400e000

Registers:
  r0  = 0x60d80d80
  r1  = 0x7400dfd4
  r2  = 0x00005a5d
  r3  = 0x74007c80
  r4  = 0x74007c76
  r5  = 0x6080a968
  r6  = 0x60b24548
  r7  = 0x00000079
  r8  = 0x60d7aa50
  r9  = 0x0000be8d
  r10 = 0x00006e79
  fp  = 0x00000097
  r12 = 0x0000006c
  sp  = 0x636fdd40
  lr  = 0x80000000
  pc  = 0x76f883cc
  cpsr = 0x20000010

Top of Stack: (sp=0x636fdd40)
0x636fdd40:   00000003 40700000 00000000 00000000
0x636fdd50:   60d7aa50 76127914 65678d80 636fdf88
0x636fdd60:   0000003f 6395770c 66a5443d 00000000
0x636fdd70:   2d9a500d 00000000 368b89a6 00000000
0x636fdd80:   63957400 00000000 0000003a 00000097
0x636fdd90:   6080a968 f86e8db3 00000021 61996bd8
0x636fdda0:   6080a968 f86e8db3 636fde15 636fddf4
0x636fddb0:   00000001 00000021 00000000 761291e4 

Instructions: (pc=0x76f883cc)
0x76f883ac:   e1b0ed8c 4cb12b04 2cb14b08 4ca02b04
0x76f883bc:   2ca04b08 e042200c e201c03c e26cc080
0x76f883cc:   ecb10b10 f7d1f00c eca00b10 e2522040
0x76f883dc:   2afffffa e1a0cd01 e09ccd02 02bcc000 

Register to memory mapping:

  r0  = 0x60d80d80
0x60d80d80 is an unknown value

  r1  = 0x7400dfd4
0x7400dfd4 is an unknown value

  r2  = 0x00005a5d
0x00005a5d is an unknown value

  r3  = 0x74007c80
0x74007c80 is an unknown value

  r4  = 0x74007c76
0x74007c76 is an unknown value

  r5  = 0x6080a968
0x6080a968 is an unknown value

  r6  = 0x60b24548
0x60b24548 is an unknown value

  r7  = 0x00000079
0x00000079 is an unknown value

  r8  = 0x60d7aa50
0x60d7aa50 is an unknown value

  r9  = 0x0000be8d
0x0000be8d is an unknown value

  r10 = 0x00006e79
0x00006e79 is an unknown value

  fp  = 0x00000097
0x00000097 is an unknown value

  r12 = 0x0000006c
0x0000006c is an unknown value

  sp  = 0x636fdd40
0x636fdd40 is pointing into the stack for thread: 0x63957400

  lr  = 0x80000000
0x80000000 is an unknown value

  pc  = 0x76f883cc
0x76f883cc: <offset 0x23cc> in /usr/lib/arm-linux-gnueabihf/libarmmem.so at 0x76f86000



Stack: [0x636b0000,0x63700000],  sp=0x636fdd40,  free space=311k
Native frames: (J=compiled Java code, j=interpreted, Vv=VM code, C=native code)
C  [libarmmem.so+0x23cc]

Java frames: (J=compiled Java code, j=interpreted, Vv=VM code)
J 342  java.util.zip.ZipFile.getEntry(J[BZ)J (0 bytes) @ 0x7424b1bc [0x7424b160+0x5c]
J 630 C1 java.util.zip.ZipFile.getEntry(Ljava/lang/String;)Ljava/util/zip/ZipEntry; (86 bytes) @ 0x7427e950 [0x7427e7c0+0x190]
J 767 C1 org.eclipse.osgi.baseadaptor.bundlefile.ZipBundleFile.getZipEntry(Ljava/lang/String;)Ljava/util/zip/ZipEntry; (87 bytes) @ 0x742d9414 [0x742d9390+0x84]
J 769 C1 org.eclipse.osgi.baseadaptor.bundlefile.ZipBundleFile.getEntry(Ljava/lang/String;)Lorg/eclipse/osgi/baseadaptor/bundlefile/BundleEntry; (71 bytes) @ 0x742392e0 [0x74239180+0x160]
j  org.eclipse.osgi.baseadaptor.BaseAdaptor.listEntryPaths(Ljava/util/List;Ljava/lang/String;Ljava/lang/String;I)Ljava/util/List;+140
j  org.eclipse.osgi.baseadaptor.BaseAdaptor.findEntries(Ljava/util/List;Ljava/lang/String;Ljava/lang/String;I)Ljava/util/Enumeration;+71
j  org.eclipse.osgi.framework.internal.core.AbstractBundle.findEntries(Ljava/lang/String;Ljava/lang/String;Z)Ljava/util/Enumeration;+161
j  org.eclipse.equinox.internal.ds.ComponentStorage.parseXMLDeclaration(Lorg/osgi/framework/Bundle;Ljava/lang/String;)Ljava/util/Vector;+116
j  org.eclipse.equinox.internal.ds.storage.file.FileStorage.processXMLDeclarations(Lorg/osgi/framework/Bundle;Ljava/lang/String;[Ljava/lang/String;J)Ljava/util/Vector;+3
j  org.eclipse.equinox.internal.ds.storage.file.FileStorage.loadComponentDefinitions(Lorg/osgi/framework/Bundle;Ljava/lang/String;)Ljava/util/Vector;+90
J 3968 C1 org.eclipse.equinox.internal.ds.SCRManager.startedBundle2(Lorg/osgi/framework/Bundle;)V (594 bytes) @ 0x743ae25c [0x743ae160+0xfc]
j  org.eclipse.equinox.internal.ds.SCRManager.startedBundle(Lorg/osgi/framework/Bundle;)V+42
j  org.eclipse.equinox.internal.ds.SCRManager.bundleChanged(Lorg/osgi/framework/BundleEvent;)V+90
J 3740 C1 org.eclipse.osgi.framework.internal.core.BundleContextImpl.dispatchEvent(Ljava/lang/Object;Ljava/lang/Object;ILjava/lang/Object;)V (598 bytes) @ 0x742eb6f4 [0x742ea6c0+0x1034]
J 390 C1 org.eclipse.osgi.framework.eventmgr.EventManager.dispatchEvent(Ljava/util/Set;Lorg/eclipse/osgi/framework/eventmgr/EventDispatcher;ILjava/lang/Object;)V (69 bytes) @ 0x7425a9b0 [0x7425a8f0+0xc0]
J 3734 C1 org.eclipse.osgi.framework.eventmgr.ListenerQueue.dispatchEventSynchronous(ILjava/lang/Object;)V (81 bytes) @ 0x742b2008 [0x742b1d60+0x2a8]
J 3697 C1 org.eclipse.osgi.framework.internal.core.Framework.publishBundleEventPrivileged(Lorg/osgi/framework/BundleEvent;)V (489 bytes) @ 0x742cf27c [0x742ce640+0xc3c]
j  org.eclipse.osgi.framework.internal.core.Framework.publishBundleEvent(Lorg/osgi/framework/BundleEvent;)V+8
j  org.eclipse.osgi.framework.internal.core.Framework.publishBundleEvent(ILorg/osgi/framework/Bundle;)V+10
j  org.eclipse.osgi.framework.internal.core.BundleHost.startWorker(I)V+259
j  org.eclipse.osgi.framework.internal.core.AbstractBundle.start(I)V+20
j  org.apache.felix.fileinstall.internal.DirectoryWatcher.startBundle(Lorg/osgi/framework/Bundle;)Z+75
j  org.apache.felix.fileinstall.internal.DirectoryWatcher.startBundles(Ljava/util/Collection;)V+26
J 3365 C1 org.apache.felix.fileinstall.internal.DirectoryWatcher.startAllBundles()V (154 bytes) @ 0x74307430 [0x74306f50+0x4e0]
j  org.apache.felix.fileinstall.internal.DirectoryWatcher.process(Ljava/util/Set;)V+762
j  org.apache.felix.fileinstall.internal.DirectoryWatcher.run()V+367
v  ~StubRoutines::call_stub

---------------  P R O C E S S  ---------------

Java Threads: ( => current thread )
  0x6399d000 JavaThread "Timer-12" [_thread_blocked, id=2700, stack(0x5f9d0000,0x5fa20000)]
  0x63c17800 JavaThread "Timer-11" [_thread_blocked, id=2699, stack(0x5fa70000,0x5fac0000)]
  0x63cdc400 JavaThread "Timer-10" [_thread_blocked, id=2696, stack(0x5fb10000,0x5fb60000)]
  0x64c6a000 JavaThread "Timer-9" [_thread_blocked, id=2695, stack(0x5fac0000,0x5fb10000)]
  0x63936400 JavaThread "Timer-8" [_thread_blocked, id=2693, stack(0x5fdb0000,0x5fe00000)]
  0x60dc1800 JavaThread "Atmosphere-Shared-DispatchOp-0" daemon [_thread_blocked, id=2683, stack(0x5f460000,0x5f4b0000)]
  0x60dbf800 JavaThread "Atmosphere-Scheduler-0" daemon [_thread_blocked, id=2682, stack(0x5f4b0000,0x5f500000)]
  0x60ba7c00 JavaThread "FritzBox refresh Service" daemon [_thread_blocked, id=2681, stack(0x5f500000,0x5f550000)]
  0x60b9c800 JavaThread "TCP Refresh Service" daemon [_thread_blocked, id=2680, stack(0x5f650000,0x5f6a0000)]
  0x60910400 JavaThread "Thread-88" daemon [_thread_in_native, id=2679, stack(0x5f6a0000,0x5f6f0000)]
  0x6242c800 JavaThread "Thread-87" daemon [_thread_blocked, id=2678, stack(0x5f6f0000,0x5f740000)]
  0x619f8000 JavaThread "xPL Heartbeat Device Manager" daemon [_thread_blocked, id=2677, stack(0x5f840000,0x5f890000)]
  0x61c06800 JavaThread "Ethernet Received Message Dispatcher" daemon [_thread_blocked, id=2676, stack(0x5f890000,0x5f8e0000)]
  0x61c1b000 JavaThread "xPL Receiver: Ethernet (Port 44586)" daemon [_thread_in_native, id=2675, stack(0x5f8e0000,0x5f930000)]
  0x6206f000 JavaThread "Refresh Packages" daemon [_thread_blocked, id=2670, stack(0x63bb0000,0x63c00000)]
  0x649a0000 JavaThread "Timer-7" [_thread_blocked, id=2627, stack(0x5f930000,0x5f980000)]
  0x64990c00 JavaThread "Timer-4" [_thread_blocked, id=2623, stack(0x5fa20000,0x5fa70000)]
  0x6498bc00 JavaThread "Timer-0" [_thread_blocked, id=2612, stack(0x5fb60000,0x5fbb0000)]
  0x6478f400 JavaThread "HashSessionScavenger-3" daemon [_thread_blocked, id=2603, stack(0x5fbb0000,0x5fc00000)]
  0x619fdc00 JavaThread "State Saver" daemon [_thread_in_vm_trans, id=2600, stack(0x62ee0000,0x62f30000)]
  0x6497dc00 JavaThread "qtp22705751-136" [_thread_blocked, id=2583, stack(0x5fd60000,0x5fdb0000)]
  0x6497cc00 JavaThread "qtp22705751-134" [_thread_blocked, id=2579, stack(0x6013a000,0x6018a000)]
  0x63eebc00 JavaThread "qtp22705751-133" [_thread_blocked, id=2576, stack(0x617b0000,0x61800000)]
  0x63e6f400 JavaThread "qtp22705751-132" [_thread_blocked, id=2563, stack(0x63410000,0x63460000)]
  0x63e5a800 JavaThread "qtp22705751-131" [_thread_blocked, id=2555, stack(0x62690000,0x626e0000)]
  0x6497c400 JavaThread "qtp22705751-130" [_thread_blocked, id=2553, stack(0x62970000,0x629c0000)]
  0x6497a800 JavaThread "qtp22705751-129" [_thread_blocked, id=2550, stack(0x629c0000,0x62a10000)]
  0x6497a000 JavaThread "qtp22705751-128" [_thread_blocked, id=2546, stack(0x61610000,0x61660000)]
  0x64d0fc00 JavaThread "qtp22705751-127" [_thread_blocked, id=2539, stack(0x626e0000,0x62730000)]
  0x639a1800 JavaThread "qtp22705751-126" [_thread_blocked, id=2538, stack(0x61660000,0x616b0000)]
  0x62c79800 JavaThread "Worker-3" [_thread_blocked, id=1534, stack(0x6040c000,0x6045c000)]
  0x63d6c000 JavaThread "qtp22705751-124" [_thread_blocked, id=1507, stack(0x60a8f000,0x60adf000)]
  0x640c3800 JavaThread "HTTP Refresh Service" daemon [_thread_blocked, id=1025, stack(0x6038a000,0x603da000)]
  0x61c0fc00 JavaThread "RRD4J Sync Pool [Thread-6]" daemon [_thread_blocked, id=1024, stack(0x6045c000,0x604ac000)]
  0x620e8c00 JavaThread "RRD4J Sync Pool [Thread-5]" daemon [_thread_blocked, id=1023, stack(0x604c9000,0x60519000)]
  0x640c1800 JavaThread "RRD4J Sync Pool [Thread-4]" daemon [_thread_blocked, id=1022, stack(0x60536000,0x60586000)]
  0x6401fc00 JavaThread "RRD4J Sync Pool [Thread-3]" daemon [_thread_blocked, id=1021, stack(0x605a3000,0x605f3000)]
  0x62404000 JavaThread "RRD4J Sync Pool [Thread-2]" daemon [_thread_blocked, id=1020, stack(0x60610000,0x60660000)]
  0x60812400 JavaThread "RRD4J Sync Pool [Thread-1]" daemon [_thread_blocked, id=1019, stack(0x60660000,0x606b0000)]
  0x64912800 JavaThread "EventAdmin Async Event Dispatcher Thread" daemon [_thread_blocked, id=1018, stack(0x607b0000,0x60800000)]
  0x647be800 JavaThread "NTP Refresh Service" daemon [_thread_blocked, id=1017, stack(0x60a3f000,0x60a8f000)]
  0x76207c00 JavaThread "DestroyJavaVM" [_thread_blocked, id=851, stack(0x76307000,0x76357000)]
  0x00dba800 JavaThread "[ThreadPool Manager] - Idle Thread" daemon [_thread_blocked, id=1008, stack(0x6419f000,0x641ef000)]
  0x61c26400 JavaThread "JmDNS(fe80:0:0:0:cbfc:a176:d56d:ab12%eth0.local.).State.Timer" [_thread_blocked, id=993, stack(0x61b3b000,0x61b8b000)]
  0x61c25800 JavaThread "JmDNS(fe80:0:0:0:cbfc:a176:d56d:ab12%eth0.local.).Timer" daemon [_thread_blocked, id=992, stack(0x61b8b000,0x61bdb000)]
  0x61c24400 JavaThread "SocketListener(fe80:0:0:0:cbfc:a176:d56d:ab12%eth0.local.)" daemon [_thread_in_native, id=991, stack(0x62730000,0x62780000)]
  0x63763800 JavaThread "Worker-0" [_thread_blocked, id=978, stack(0x62110000,0x62160000)]
  0x624b2800 JavaThread "com.google.inject.internal.util.$Finalizer" daemon [_thread_blocked, id=973, stack(0x62160000,0x621b0000)]
  0x62444000 JavaThread "FolderObserver" daemon [_thread_blocked, id=961, stack(0x623b0000,0x62400000)]
  0x62402c00 JavaThread "Worker-JM" [_thread_blocked, id=940, stack(0x6252e000,0x6257e000)]
  0x6401ec00 JavaThread "openHAB-job-scheduler_QuartzSchedulerThread" [_thread_blocked, id=914, stack(0x62780000,0x627d0000)]
  0x762ac800 JavaThread "openHAB-job-scheduler_Worker-2" [_thread_blocked, id=913, stack(0x627d0000,0x62820000)]
  0x6401bc00 JavaThread "openHAB-job-scheduler_Worker-1" [_thread_blocked, id=912, stack(0x62820000,0x62870000)]
  0x64d0ac00 JavaThread "qtp22705751-47 Acceptor1 SslSelectChannelConnector@0.0.0.0:8443" [_thread_blocked, id=903, stack(0x62a10000,0x62a60000)]
  0x63a93400 JavaThread "Component Resolve Thread (Bundle 98)" daemon [_thread_in_Java, id=902, stack(0x62a60000,0x62ab0000)]
  0x63a18c00 JavaThread "HashSessionScavenger-2" daemon [_thread_blocked, id=899, stack(0x62ab0000,0x62b00000)]
  0x64906c00 JavaThread "qtp22705751-44 Acceptor0 SslSelectChannelConnector@0.0.0.0:8443" [_thread_in_native, id=898, stack(0x62d11000,0x62d61000)]
  0x62c2fc00 JavaThread "qtp22705751-43 Selector1" [_thread_in_native, id=897, stack(0x62d61000,0x62db1000)]
  0x64c79000 JavaThread "Scanner-2" daemon [_thread_blocked, id=896, stack(0x62df0000,0x62e40000)]
  0x64c78000 JavaThread "Scanner-1" daemon [_thread_blocked, id=895, stack(0x62e40000,0x62e90000)]
  0x64c76800 JavaThread "HashSessionScavenger-1" daemon [_thread_blocked, id=894, stack(0x62e90000,0x62ee0000)]
  0x64cb2000 JavaThread "Scanner-0" daemon [_thread_blocked, id=892, stack(0x63030000,0x63080000)]
  0x64cab800 JavaThread "qtp22705751-37 Acceptor1 SelectChannelConnector@0.0.0.0:8082" [_thread_in_native, id=891, stack(0x63080000,0x630d0000)]
  0x64caa000 JavaThread "qtp22705751-36 Selector0" [_thread_in_native, id=890, stack(0x630d0000,0x63120000)]
  0x64ca8c00 JavaThread "qtp22705751-35 Acceptor0 SelectChannelConnector@0.0.0.0:8082" [_thread_blocked, id=889, stack(0x63120000,0x63170000)]
  0x64ca7800 JavaThread "qtp22705751-34 Selector1" [_thread_in_native, id=888, stack(0x63170000,0x631c0000)]
  0x64c9fc00 JavaThread "qtp22705751-33 Selector0" [_thread_in_native, id=887, stack(0x631c0000,0x63210000)]
  0x64c9f000 JavaThread "org.eclipse.jetty.util.RolloverFileOutputStream" daemon [_thread_blocked, id=886, stack(0x63b40000,0x63b90000)]
  0x6396c000 JavaThread "[Timer] - Main Queue Handler" daemon [_thread_blocked, id=880, stack(0x63560000,0x635b0000)]
=>0x63957400 JavaThread "fileinstall-addons" daemon [_thread_in_native, id=878, stack(0x636b0000,0x63700000)]
  0x63911c00 JavaThread "Bundle File Closer" daemon [_thread_blocked, id=864, stack(0x63f60000,0x63fb0000)]
  0x646f4c00 JavaThread "Start Level Event Dispatcher" daemon [_thread_blocked, id=862, stack(0x63fb0000,0x64000000)]
  0x646f8000 JavaThread "Framework Event Dispatcher" daemon [_thread_blocked, id=861, stack(0x6414f000,0x6419f000)]
  0x646cb800 JavaThread "Framework Active Thread" [_thread_blocked, id=859, stack(0x641ef000,0x6423f000)]
  0x76284000 JavaThread "Service Thread" daemon [_thread_blocked, id=857, stack(0x64e10000,0x64e60000)]
  0x76281000 JavaThread "C1 CompilerThread0" daemon [_thread_in_native, id=856, stack(0x64880000,0x64900000)]
  0x7627f400 JavaThread "Signal Dispatcher" daemon [_thread_blocked, id=855, stack(0x64e60000,0x64eb0000)]
  0x76262800 JavaThread "Finalizer" daemon [_thread_blocked, id=854, stack(0x64eb0000,0x64f00000)]
  0x76261000 JavaThread "Reference Handler" daemon [_thread_blocked, id=853, stack(0x65014000,0x65064000)]

Other Threads:
  0x7625e000 VMThread [stack: 0x65064000,0x650e4000] [id=852]
  0x76286000 WatcherThread [stack: 0x64800000,0x64880000] [id=858]

VM state:not at safepoint (normal execution)

VM Mutex/Monitor currently owned by a thread: None

Heap:
 def new generation   total 16128K, used 11617K [0x65800000, 0x66960000, 0x6a540000)
  eden space 14464K,  68% used [0x65800000, 0x661b87d8, 0x66620000)
  from space 1664K, 100% used [0x667c0000, 0x66960000, 0x66960000)
  to   space 1664K,   0% used [0x66620000, 0x66620000, 0x667c0000)
 tenured generation   total 35200K, used 28443K [0x6a540000, 0x6c7a0000, 0x74000000)
   the space 35200K,  80% used [0x6a540000, 0x6c106dc8, 0x6c106e00, 0x6c7a0000)
 Metaspace       used 34239K, capacity 36998K, committed 37016K, reserved 37168K

Card table byte_map: [0x74023000,0x74098000] byte_map_base: 0x73cf7000

Polling page: 0x76fc4000

CodeCache: size=32768Kb used=3856Kb max_used=4402Kb free=28911Kb
 bounds [0x74118000, 0x74580000, 0x76118000]
 total_blobs=1743 nmethods=1516 adapters=157
 compilation: enabled

Compilation events (10 events):
Event: 2817.487 Thread 0x76281000 4569             sun.invoke.util.VerifyType::isNullConversion (157 bytes)
Event: 2817.494 Thread 0x76281000 nmethod 4569 0x74560808 code [0x74560970, 0x74560dd8]
Event: 2817.494 Thread 0x76281000 4570             jdk.internal.org.objectweb.asm.ClassWriter::put122 (15 bytes)
Event: 2817.495 Thread 0x76281000 nmethod 4570 0x74560588 code [0x74560680, 0x74560740]
Event: 2817.506 Thread 0x76281000 4573             java.lang.invoke.MethodTypeForm::unpack (30 bytes)
Event: 2817.507 Thread 0x76281000 nmethod 4573 0x745601c8 code [0x745602a0, 0x74560348]
Event: 2817.509 Thread 0x76281000 4574             java.lang.invoke.MethodType::parameterSlotCount (8 bytes)
Event: 2817.510 Thread 0x76281000 nmethod 4574 0x7455ffc8 code [0x745600b0, 0x74560158]
Event: 2817.511 Thread 0x76281000 4575             java.lang.invoke.MethodTypeForm::parameterSlotCount (9 bytes)
Event: 2817.512 Thread 0x76281000 nmethod 4575 0x7455fe08 code [0x7455fee0, 0x7455ff88]

GC Heap History (10 events):
Event: 2787.819 GC heap before
{Heap before GC invocations=58 (full 5):
 def new generation   total 16128K, used 15360K [0x65800000, 0x66960000, 0x6a540000)
  eden space 14464K, 100% used [0x65800000, 0x66620000, 0x66620000)
  from space 1664K,  53% used [0x66620000, 0x66700318, 0x667c0000)
  to   space 1664K,   0% used [0x667c0000, 0x667c0000, 0x66960000)
 tenured generation   total 35200K, used 24705K [0x6a540000, 0x6c7a0000, 0x74000000)
   the space 35200K,  70% used [0x6a540000, 0x6bd60590, 0x6bd60600, 0x6c7a0000)
 Metaspace       used 30761K, capacity 32500K, committed 32536K, reserved 33072K
Event: 2787.858 GC heap after
Heap after GC invocations=59 (full 5):
 def new generation   total 16128K, used 901K [0x65800000, 0x66960000, 0x6a540000)
  eden space 14464K,   0% used [0x65800000, 0x65800000, 0x66620000)
  from space 1664K,  54% used [0x667c0000, 0x668a1408, 0x66960000)
  to   space 1664K,   0% used [0x66620000, 0x66620000, 0x667c0000)
 tenured generation   total 35200K, used 25047K [0x6a540000, 0x6c7a0000, 0x74000000)
   the space 35200K,  71% used [0x6a540000, 0x6bdb5eb8, 0x6bdb6000, 0x6c7a0000)
 Metaspace       used 30761K, capacity 32500K, committed 32536K, reserved 33072K
}
Event: 2793.258 GC heap before
{Heap before GC invocations=59 (full 5):
 def new generation   total 16128K, used 15363K [0x65800000, 0x66960000, 0x6a540000)
  eden space 14464K,  99% used [0x65800000, 0x6661faa0, 0x66620000)
  from space 1664K,  54% used [0x667c0000, 0x668a1408, 0x66960000)
  to   space 1664K,   0% used [0x66620000, 0x66620000, 0x667c0000)
 tenured generation   total 35200K, used 25047K [0x6a540000, 0x6c7a0000, 0x74000000)
   the space 35200K,  71% used [0x6a540000, 0x6bdb5eb8, 0x6bdb6000, 0x6c7a0000)
 Metaspace       used 31962K, capacity 33911K, committed 33944K, reserved 34096K
Event: 2793.332 GC heap after
Heap after GC invocations=60 (full 5):
 def new generation   total 16128K, used 1664K [0x65800000, 0x66960000, 0x6a540000)
  eden space 14464K,   0% used [0x65800000, 0x65800000, 0x66620000)
  from space 1664K, 100% used [0x66620000, 0x667c0000, 0x667c0000)
  to   space 1664K,   0% used [0x667c0000, 0x667c0000, 0x66960000)
 tenured generation   total 35200K, used 26468K [0x6a540000, 0x6c7a0000, 0x74000000)
   the space 35200K,  75% used [0x6a540000, 0x6bf19330, 0x6bf19400, 0x6c7a0000)
 Metaspace       used 31962K, capacity 33911K, committed 33944K, reserved 34096K
}
Event: 2794.963 GC heap before
{Heap before GC invocations=60 (full 5):
 def new generation   total 16128K, used 16128K [0x65800000, 0x66960000, 0x6a540000)
  eden space 14464K, 100% used [0x65800000, 0x66620000, 0x66620000)
  from space 1664K, 100% used [0x66620000, 0x667c0000, 0x667c0000)
  to   space 1664K,   0% used [0x667c0000, 0x667c0000, 0x66960000)
 tenured generation   total 35200K, used 26468K [0x6a540000, 0x6c7a0000, 0x74000000)
   the space 35200K,  75% used [0x6a540000, 0x6bf19330, 0x6bf19400, 0x6c7a0000)
 Metaspace       used 32257K, capacity 34353K, committed 34456K, reserved 35120K
Event: 2795.022 GC heap after
Heap after GC invocations=61 (full 5):
 def new generation   total 16128K, used 923K [0x65800000, 0x66960000, 0x6a540000)
  eden space 14464K,   0% used [0x65800000, 0x65800000, 0x66620000)
  from space 1664K,  55% used [0x667c0000, 0x668a6fc8, 0x66960000)
  to   space 1664K,   0% used [0x66620000, 0x66620000, 0x667c0000)
 tenured generation   total 35200K, used 27777K [0x6a540000, 0x6c7a0000, 0x74000000)
   the space 35200K,  78% used [0x6a540000, 0x6c060578, 0x6c060600, 0x6c7a0000)
 Metaspace       used 32257K, capacity 34353K, committed 34456K, reserved 35120K
}
Event: 2795.833 GC heap before
{Heap before GC invocations=61 (full 5):
 def new generation   total 16128K, used 15387K [0x65800000, 0x66960000, 0x6a540000)
  eden space 14464K, 100% used [0x65800000, 0x66620000, 0x66620000)
  from space 1664K,  55% used [0x667c0000, 0x668a6fc8, 0x66960000)
  to   space 1664K,   0% used [0x66620000, 0x66620000, 0x667c0000)
 tenured generation   total 35200K, used 27777K [0x6a540000, 0x6c7a0000, 0x74000000)
   the space 35200K,  78% used [0x6a540000, 0x6c060578, 0x6c060600, 0x6c7a0000)
 Metaspace       used 32261K, capacity 34358K, committed 34456K, reserved 35120K
Event: 2795.857 GC heap after
Heap after GC invocations=62 (full 5):
 def new generation   total 16128K, used 199K [0x65800000, 0x66960000, 0x6a540000)
  eden space 14464K,   0% used [0x65800000, 0x65800000, 0x66620000)
  from space 1664K,  11% used [0x66620000, 0x66651dc8, 0x667c0000)
  to   space 1664K,   0% used [0x667c0000, 0x667c0000, 0x66960000)
 tenured generation   total 35200K, used 28226K [0x6a540000, 0x6c7a0000, 0x74000000)
   the space 35200K,  80% used [0x6a540000, 0x6c0d0838, 0x6c0d0a00, 0x6c7a0000)
 Metaspace       used 32261K, capacity 34358K, committed 34456K, reserved 35120K
}
Event: 2809.136 GC heap before
{Heap before GC invocations=62 (full 5):
 def new generation   total 16128K, used 14663K [0x65800000, 0x66960000, 0x6a540000)
  eden space 14464K, 100% used [0x65800000, 0x66620000, 0x66620000)
  from space 1664K,  11% used [0x66620000, 0x66651dc8, 0x667c0000)
  to   space 1664K,   0% used [0x667c0000, 0x667c0000, 0x66960000)
 tenured generation   total 35200K, used 28226K [0x6a540000, 0x6c7a0000, 0x74000000)
   the space 35200K,  80% used [0x6a540000, 0x6c0d0838, 0x6c0d0a00, 0x6c7a0000)
 Metaspace       used 33074K, capacity 35281K, committed 35352K, reserved 36144K
Event: 2809.188 GC heap after
Heap after GC invocations=63 (full 5):
 def new generation   total 16128K, used 1664K [0x65800000, 0x66960000, 0x6a540000)
  eden space 14464K,   0% used [0x65800000, 0x65800000, 0x66620000)
  from space 1664K, 100% used [0x667c0000, 0x66960000, 0x66960000)
  to   space 1664K,   0% used [0x66620000, 0x66620000, 0x667c0000)
 tenured generation   total 35200K, used 28443K [0x6a540000, 0x6c7a0000, 0x74000000)
   the space 35200K,  80% used [0x6a540000, 0x6c106dc8, 0x6c106e00, 0x6c7a0000)
 Metaspace       used 33074K, capacity 35281K, committed 35352K, reserved 36144K
}

Deoptimization events (0 events):
No events

Internal exceptions (10 events):
Event: 2796.240 Thread 0x63a93400 Exception <a 'java/lang/ArrayIndexOutOfBoundsException'> (0x65b6e208) thrown at [/HUDSON/workspace/8-2-build-glinux-arm-vfp-hflt/jdk8u65/4987/hotspot/src/share/vm/runtime/sharedRuntime.cpp, line 605]
Event: 2796.240 Thread 0x63a93400 Exception <a 'java/lang/ArrayIndexOutOfBoundsException'> (0x65b6f1f0) thrown at [/HUDSON/workspace/8-2-build-glinux-arm-vfp-hflt/jdk8u65/4987/hotspot/src/share/vm/runtime/sharedRuntime.cpp, line 605]
Event: 2796.527 Thread 0x63a93400 Exception <a 'java/io/IOException'> (0x65d3fce0) thrown at [/HUDSON/workspace/8-2-build-glinux-arm-vfp-hflt/jdk8u65/4987/hotspot/src/share/vm/prims/jni.cpp, line 709]
Event: 2796.528 Thread 0x63a93400 Exception <a 'java/io/IOException'> (0x65d40120) thrown at [/HUDSON/workspace/8-2-build-glinux-arm-vfp-hflt/jdk8u65/4987/hotspot/src/share/vm/prims/jni.cpp, line 709]
Event: 2802.284 Thread 0x64912800 Exception <a 'java/io/IOException'> (0x66014968) thrown at [/HUDSON/workspace/8-2-build-glinux-arm-vfp-hflt/jdk8u65/4987/hotspot/src/share/vm/prims/jni.cpp, line 709]
Event: 2802.285 Thread 0x64912800 Exception <a 'java/io/IOException'> (0x66014bc8) thrown at [/HUDSON/workspace/8-2-build-glinux-arm-vfp-hflt/jdk8u65/4987/hotspot/src/share/vm/prims/jni.cpp, line 709]
Event: 2802.345 Thread 0x64912800 Exception <a 'java/io/IOException'> (0x66080060) thrown at [/HUDSON/workspace/8-2-build-glinux-arm-vfp-hflt/jdk8u65/4987/hotspot/src/share/vm/prims/jni.cpp, line 709]
Event: 2802.345 Thread 0x64912800 Exception <a 'java/io/IOException'> (0x660802c0) thrown at [/HUDSON/workspace/8-2-build-glinux-arm-vfp-hflt/jdk8u65/4987/hotspot/src/share/vm/prims/jni.cpp, line 709]
Event: 2802.385 Thread 0x64912800 Exception <a 'java/io/IOException'> (0x660cbea0) thrown at [/HUDSON/workspace/8-2-build-glinux-arm-vfp-hflt/jdk8u65/4987/hotspot/src/share/vm/prims/jni.cpp, line 709]
Event: 2802.385 Thread 0x64912800 Exception <a 'java/io/IOException'> (0x660cc100) thrown at [/HUDSON/workspace/8-2-build-glinux-arm-vfp-hflt/jdk8u65/4987/hotspot/src/share/vm/prims/jni.cpp, line 709]

Events (10 events):
Event: 2817.350 loading class java/util/IdentityHashMap$EntryIterator
Event: 2817.351 loading class java/util/IdentityHashMap$EntryIterator done
Event: 2817.351 loading class java/util/IdentityHashMap$EntryIterator$Entry
Event: 2817.369 loading class java/util/IdentityHashMap$EntryIterator$Entry done
Event: 2817.370 loading class java/util/IdentityHashMap$KeyIterator
Event: 2817.371 loading class java/util/IdentityHashMap$KeyIterator done
Event: 2817.374 loading class jdk/nashorn/internal/runtime/OptimisticReturnFilters
Event: 2817.374 loading class jdk/nashorn/internal/runtime/OptimisticReturnFilters done
Event: 2817.510 loading class java/lang/invoke/MethodHandleImpl$CountingWrapper
Event: 2817.511 loading class java/lang/invoke/MethodHandleImpl$CountingWrapper done


Dynamic libraries:
00008000-00009000 r-xp 00000000 b3:02 137041     /usr/lib/jvm/jdk-8-oracle-arm32-vfp-hflt/jre/bin/java
00010000-00011000 rw-p 00000000 b3:02 137041     /usr/lib/jvm/jdk-8-oracle-arm32-vfp-hflt/jre/bin/java
00db8000-00e38000 rw-p 00000000 00:00 0          [heap]
5f260000-5f340000 rw-p 00000000 00:00 0 
5f340000-5f360000 ---p 00000000 00:00 0 
5f360000-5f460000 rw-p 00000000 00:00 0 
5f460000-5f463000 ---p 00000000 00:00 0 
5f463000-5f4b0000 rwxp 00000000 00:00 0          [stack:2683]
5f4b0000-5f4b3000 ---p 00000000 00:00 0 
5f4b3000-5f500000 rwxp 00000000 00:00 0          [stack:2682]
5f500000-5f503000 ---p 00000000 00:00 0 
5f503000-5f550000 rwxp 00000000 00:00 0          [stack:2681]
5f550000-5f650000 rw-p 00000000 00:00 0 
5f650000-5f653000 ---p 00000000 00:00 0 
5f653000-5f6a0000 rwxp 00000000 00:00 0          [stack:2680]
5f6a0000-5f6a3000 ---p 00000000 00:00 0 
5f6a3000-5f6f0000 rwxp 00000000 00:00 0          [stack:2679]
5f6f0000-5f6f3000 ---p 00000000 00:00 0 
5f6f3000-5f740000 rwxp 00000000 00:00 0          [stack:2678]
5f740000-5f840000 rw-p 00000000 00:00 0 
5f840000-5f843000 ---p 00000000 00:00 0 
5f843000-5f890000 rwxp 00000000 00:00 0          [stack:2677]
5f890000-5f893000 ---p 00000000 00:00 0 
5f893000-5f8e0000 rwxp 00000000 00:00 0          [stack:2676]
5f8e0000-5f8e3000 ---p 00000000 00:00 0 
5f8e3000-5f930000 rwxp 00000000 00:00 0          [stack:2675]
5f930000-5f933000 ---p 00000000 00:00 0 
5f933000-5f980000 rwxp 00000000 00:00 0          [stack:2627]
5f980000-5f983000 ---p 00000000 00:00 0 
5f983000-5f9d0000 rwxp 00000000 00:00 0 
5f9d0000-5f9d3000 ---p 00000000 00:00 0 
5f9d3000-5fa20000 rwxp 00000000 00:00 0          [stack:2700]
5fa20000-5fa23000 ---p 00000000 00:00 0 
5fa23000-5fa70000 rwxp 00000000 00:00 0          [stack:2623]
5fa70000-5fa73000 ---p 00000000 00:00 0 
5fa73000-5fac0000 rwxp 00000000 00:00 0          [stack:2699]
5fac0000-5fac3000 ---p 00000000 00:00 0 
5fac3000-5fb10000 rwxp 00000000 00:00 0          [stack:2695]
5fb10000-5fb13000 ---p 00000000 00:00 0 
5fb13000-5fb60000 rwxp 00000000 00:00 0          [stack:2696]
5fb60000-5fb63000 ---p 00000000 00:00 0 
5fb63000-5fbb0000 rwxp 00000000 00:00 0          [stack:2612]
5fbb0000-5fbb3000 ---p 00000000 00:00 0 
5fbb3000-5fc00000 rwxp 00000000 00:00 0          [stack:2603]
5fc00000-5fd00000 rw-p 00000000 00:00 0 
5fd10000-5fd13000 ---p 00000000 00:00 0 
5fd13000-5fd60000 rwxp 00000000 00:00 0 
5fd60000-5fd63000 ---p 00000000 00:00 0 
5fd63000-5fdb0000 rwxp 00000000 00:00 0          [stack:2583]
5fdb0000-5fdb3000 ---p 00000000 00:00 0 
5fdb3000-5fe00000 rwxp 00000000 00:00 0          [stack:2693]
5fe00000-5ff00000 rw-p 00000000 00:00 0 
5ff00000-60000000 rw-p 00000000 00:00 0 
60000000-600fa000 rw-p 00000000 00:00 0 
600fa000-60100000 ---p 00000000 00:00 0 
6013a000-6013d000 ---p 00000000 00:00 0 
6013d000-6018a000 rwxp 00000000 00:00 0          [stack:2579]
6018a000-6028a000 rw-p 00000000 00:00 0 
6028a000-6038a000 rw-p 00000000 00:00 0 
6038a000-6038d000 ---p 00000000 00:00 0 
6038d000-603da000 rwxp 00000000 00:00 0          [stack:1025]
6040c000-6040f000 ---p 00000000 00:00 0 
6040f000-6045c000 rwxp 00000000 00:00 0          [stack:1534]
6045c000-6045f000 ---p 00000000 00:00 0 
6045f000-604ac000 rwxp 00000000 00:00 0          [stack:1024]
604c9000-604cc000 ---p 00000000 00:00 0 
604cc000-60519000 rwxp 00000000 00:00 0          [stack:1023]
60536000-60539000 ---p 00000000 00:00 0 
60539000-60586000 rwxp 00000000 00:00 0          [stack:1022]
605a3000-605a6000 ---p 00000000 00:00 0 
605a6000-605f3000 rwxp 00000000 00:00 0          [stack:1021]
60610000-60613000 ---p 00000000 00:00 0 
60613000-60660000 rwxp 00000000 00:00 0          [stack:1020]
60660000-60663000 ---p 00000000 00:00 0 
60663000-606b0000 rwxp 00000000 00:00 0          [stack:1019]
606b0000-607b0000 rw-p 00000000 00:00 0 
607b0000-607b3000 ---p 00000000 00:00 0 
607b3000-60800000 rwxp 00000000 00:00 0          [stack:1018]
60800000-60900000 rw-p 00000000 00:00 0 
60900000-609fa000 rw-p 00000000 00:00 0 
609fa000-60a00000 ---p 00000000 00:00 0 
60a0c000-60a3f000 r--s 00268000 b3:02 516852     /opt/openhab/server/configuration/org.eclipse.osgi/bundles/410/1/.cp/lib/xPL4Java.jar
60a3f000-60a42000 ---p 00000000 00:00 0 
60a42000-60a8f000 rwxp 00000000 00:00 0          [stack:1017]
60a8f000-60a92000 ---p 00000000 00:00 0 
60a92000-60adf000 rwxp 00000000 00:00 0          [stack:1507]
60b00000-60bf9000 rw-p 00000000 00:00 0 
60bf9000-60c00000 ---p 00000000 00:00 0 
60c00000-60d00000 rw-p 00000000 00:00 0 
60d00000-60dff000 rw-p 00000000 00:00 0 
60dff000-60e03000 ---p 00000000 00:00 0 
60e03000-60e50000 rwxp 00000000 00:00 0 
60e50000-60ecd000 r-xp 00000000 b3:02 137088     /usr/lib/jvm/jdk-8-oracle-arm32-vfp-hflt/jre/lib/arm/libawt.so
60ecd000-60ed5000 ---p 0007d000 b3:02 137088     /usr/lib/jvm/jdk-8-oracle-arm32-vfp-hflt/jre/lib/arm/libawt.so
60ed5000-60edc000 rw-p 0007d000 b3:02 137088     /usr/lib/jvm/jdk-8-oracle-arm32-vfp-hflt/jre/lib/arm/libawt.so
60edc000-61000000 rw-p 00000000 00:00 0 
61000000-61100000 rw-p 00000000 00:00 0 
61100000-61200000 rw-p 00000000 00:00 0 
61200000-61300000 rw-p 00000000 00:00 0 
61300000-61400000 rw-p 00000000 00:00 0 
61400000-61500000 rw-p 00000000 00:00 0 
61500000-61600000 rw-p 00000000 00:00 0 
61610000-61613000 ---p 00000000 00:00 0 
61613000-61660000 rwxp 00000000 00:00 0          [stack:2546]
61660000-61663000 ---p 00000000 00:00 0 
61663000-616b0000 rwxp 00000000 00:00 0          [stack:2538]
616b0000-617b0000 rw-p 00000000 00:00 0 
617b0000-617b3000 ---p 00000000 00:00 0 
617b3000-61800000 rwxp 00000000 00:00 0          [stack:2576]
61800000-61900000 rw-p 00000000 00:00 0 
61900000-61a00000 rw-p 00000000 00:00 0 
61a0e000-61a20000 r--s 00345000 b3:02 137082     /usr/lib/jvm/jdk-8-oracle-arm32-vfp-hflt/jre/lib/resources.jar
61a20000-61a3b000 r--s 00100000 b3:02 271168     /opt/openhab/server/plugins/org.openhab.model.sitemap_1.8.1.jar
61a3b000-61b3b000 rw-p 00000000 00:00 0 
61b3b000-61b3e000 ---p 00000000 00:00 0 
61b3e000-61b8b000 rwxp 00000000 00:00 0          [stack:993]
61b8b000-61b8e000 ---p 00000000 00:00 0 
61b8e000-61bdb000 rwxp 00000000 00:00 0          [stack:992]
61bdb000-61bed000 r-xp 00000000 b3:02 22750      /lib/arm-linux-gnueabihf/libresolv-2.19.so
61bed000-61bfc000 ---p 00012000 b3:02 22750      /lib/arm-linux-gnueabihf/libresolv-2.19.so
61bfc000-61bfd000 r--p 00011000 b3:02 22750      /lib/arm-linux-gnueabihf/libresolv-2.19.so
61bfd000-61bfe000 rw-p 00012000 b3:02 22750      /lib/arm-linux-gnueabihf/libresolv-2.19.so
61bfe000-61c00000 rw-p 00000000 00:00 0 
61c00000-61d00000 rw-p 00000000 00:00 0 
61d00000-61e00000 rw-p 00000000 00:00 0 
61e00000-61f00000 rw-p 00000000 00:00 0 
61f00000-62000000 rw-p 00000000 00:00 0 
62000000-620fc000 rw-p 00000000 00:00 0 
620fc000-62100000 ---p 00000000 00:00 0 
62103000-62108000 r-xp 00000000 b3:02 137107     /usr/lib/jvm/jdk-8-oracle-arm32-vfp-hflt/jre/lib/arm/libawt_headless.so
62108000-6210f000 ---p 00005000 b3:02 137107     /usr/lib/jvm/jdk-8-oracle-arm32-vfp-hflt/jre/lib/arm/libawt_headless.so
6210f000-62110000 rw-p 00004000 b3:02 137107     /usr/lib/jvm/jdk-8-oracle-arm32-vfp-hflt/jre/lib/arm/libawt_headless.so
62110000-62113000 ---p 00000000 00:00 0 
62113000-62160000 rwxp 00000000 00:00 0          [stack:978]
62160000-62163000 ---p 00000000 00:00 0 
62163000-621b0000 rwxp 00000000 00:00 0          [stack:973]
621b0000-622b0000 rw-p 00000000 00:00 0 
622b0000-623b0000 rw-p 00000000 00:00 0 
623b0000-623b3000 ---p 00000000 00:00 0 
623b3000-62400000 rwxp 00000000 00:00 0          [stack:961]
62400000-624f9000 rw-p 00000000 00:00 0 
624f9000-62500000 ---p 00000000 00:00 0 
6250c000-62519000 r--s 000af000 b3:02 516932     /opt/openhab/server/configuration/org.eclipse.osgi/bundles/199/1/.cp/lib/atmosphere-runtime-2.2.5.jar (deleted)
62519000-6251d000 r-xp 00000000 b3:02 22744      /lib/arm-linux-gnueabihf/libnss_dns-2.19.so
6251d000-6252c000 ---p 00004000 b3:02 22744      /lib/arm-linux-gnueabihf/libnss_dns-2.19.so
6252c000-6252d000 r--p 00003000 b3:02 22744      /lib/arm-linux-gnueabihf/libnss_dns-2.19.so
6252d000-6252e000 rw-p 00004000 b3:02 22744      /lib/arm-linux-gnueabihf/libnss_dns-2.19.so
6252e000-62531000 ---p 00000000 00:00 0 
62531000-6257e000 rwxp 00000000 00:00 0          [stack:940]
6257e000-6267e000 rw-p 00000000 00:00 0 
62689000-62690000 rw-s 00000000 b3:02 516949     /opt/openhab/etc/rrd4j/Weather_Temperature.rrd
62690000-62693000 ---p 00000000 00:00 0 
62693000-626e0000 rwxp 00000000 00:00 0          [stack:2555]
626e0000-626e3000 ---p 00000000 00:00 0 
626e3000-62730000 rwxp 00000000 00:00 0          [stack:2539]
62730000-62733000 ---p 00000000 00:00 0 
62733000-62780000 rwxp 00000000 00:00 0          [stack:991]
62780000-62783000 ---p 00000000 00:00 0 
62783000-627d0000 rwxp 00000000 00:00 0          [stack:914]
627d0000-627d3000 ---p 00000000 00:00 0 
627d3000-62820000 rwxp 00000000 00:00 0          [stack:913]
62820000-62823000 ---p 00000000 00:00 0 
62823000-62870000 rwxp 00000000 00:00 0          [stack:912]
62870000-62970000 rw-p 00000000 00:00 0 
62970000-62973000 ---p 00000000 00:00 0 
62973000-629c0000 rwxp 00000000 00:00 0          [stack:2553]
629c0000-629c3000 ---p 00000000 00:00 0 
629c3000-62a10000 rwxp 00000000 00:00 0          [stack:2550]
62a10000-62a13000 ---p 00000000 00:00 0 
62a13000-62a60000 rwxp 00000000 00:00 0          [stack:903]
62a60000-62a63000 ---p 00000000 00:00 0 
62a63000-62ab0000 rwxp 00000000 00:00 0          [stack:902]
62ab0000-62ab3000 ---p 00000000 00:00 0 
62ab3000-62b00000 rwxp 00000000 00:00 0          [stack:899]
62b00000-62c00000 rw-p 00000000 00:00 0 
62c00000-62cc5000 rw-p 00000000 00:00 0 
62cc5000-62d00000 ---p 00000000 00:00 0 
62d05000-62d0c000 rw-s 00000000 b3:02 516949     /opt/openhab/etc/rrd4j/Weather_Temperature.rrd
62d0c000-62d11000 r--s 00027000 b3:02 271172     /opt/openhab/server/plugins/org.openhab.model.item_1.8.1.jar
62d11000-62d14000 ---p 00000000 00:00 0 
62d14000-62d61000 rwxp 00000000 00:00 0          [stack:898]
62d61000-62d64000 ---p 00000000 00:00 0 
62d64000-62db1000 rwxp 00000000 00:00 0          [stack:897]
62db1000-62de0000 r-xp 00000000 b3:02 137140     /usr/lib/jvm/jdk-8-oracle-arm32-vfp-hflt/jre/lib/arm/libsunec.so
62de0000-62de8000 ---p 0002f000 b3:02 137140     /usr/lib/jvm/jdk-8-oracle-arm32-vfp-hflt/jre/lib/arm/libsunec.so
62de8000-62deb000 rw-p 0002f000 b3:02 137140     /usr/lib/jvm/jdk-8-oracle-arm32-vfp-hflt/jre/lib/arm/libsunec.so
62deb000-62df0000 rw-p 00000000 00:00 0 
62df0000-62df3000 ---p 00000000 00:00 0 
62df3000-62e40000 rwxp 00000000 00:00 0          [stack:896]
62e40000-62e43000 ---p 00000000 00:00 0 
62e43000-62e90000 rwxp 00000000 00:00 0          [stack:895]
62e90000-62e93000 ---p 00000000 00:00 0 
62e93000-62ee0000 rwxp 00000000 00:00 0          [stack:894]
62ee0000-62ee3000 ---p 00000000 00:00 0 
62ee3000-62f30000 rwxp 00000000 00:00 0          [stack:2600]
62f30000-63030000 rw-p 00000000 00:00 0 
63030000-63033000 ---p 00000000 00:00 0 
63033000-63080000 rwxp 00000000 00:00 0          [stack:892]
63080000-63083000 ---p 00000000 00:00 0 
63083000-630d0000 rwxp 00000000 00:00 0          [stack:891]
630d0000-630d3000 ---p 00000000 00:00 0 
630d3000-63120000 rwxp 00000000 00:00 0          [stack:890]
63120000-63123000 ---p 00000000 00:00 0 
63123000-63170000 rwxp 00000000 00:00 0          [stack:889]
63170000-63173000 ---p 00000000 00:00 0 
63173000-631c0000 rwxp 00000000 00:00 0          [stack:888]
631c0000-631c3000 ---p 00000000 00:00 0 
631c3000-63210000 rwxp 00000000 00:00 0          [stack:887]
63210000-63310000 rw-p 00000000 00:00 0 
63310000-63410000 rw-p 00000000 00:00 0 
63410000-63413000 ---p 00000000 00:00 0 
63413000-63460000 rwxp 00000000 00:00 0          [stack:2563]
63460000-63560000 rw-p 00000000 00:00 0 
63560000-63563000 ---p 00000000 00:00 0 
63563000-635b0000 rwxp 00000000 00:00 0          [stack:880]
635b0000-636b0000 rw-p 00000000 00:00 0 
636b0000-636b3000 ---p 00000000 00:00 0 
636b3000-63700000 rwxp 00000000 00:00 0          [stack:878]
63700000-637fb000 rw-p 00000000 00:00 0 
637fb000-63800000 ---p 00000000 00:00 0 
63800000-63900000 rw-p 00000000 00:00 0 
63900000-639fd000 rw-p 00000000 00:00 0 
639fd000-63a00000 ---p 00000000 00:00 0 
63a00000-63afe000 rw-p 00000000 00:00 0 
63afe000-63b00000 ---p 00000000 00:00 0 
63b04000-63b2f000 r--s 001f9000 b3:02 516886     /opt/openhab/server/configuration/org.eclipse.osgi/bundles/384/1/.cp/lib/guava-17.0.jar
63b2f000-63b35000 r--s 002f8000 b3:02 137053     /usr/lib/jvm/jdk-8-oracle-arm32-vfp-hflt/jre/lib/charsets.jar
63b35000-63b37000 r-xp 00000000 b3:02 3179       /lib/arm-linux-gnueabihf/libnss_mdns4_minimal.so.2
63b37000-63b3e000 ---p 00002000 b3:02 3179       /lib/arm-linux-gnueabihf/libnss_mdns4_minimal.so.2
63b3e000-63b3f000 r--p 00001000 b3:02 3179       /lib/arm-linux-gnueabihf/libnss_mdns4_minimal.so.2
63b3f000-63b40000 rw-p 00002000 b3:02 3179       /lib/arm-linux-gnueabihf/libnss_mdns4_minimal.so.2
63b40000-63b43000 ---p 00000000 00:00 0 
63b43000-63b90000 rwxp 00000000 00:00 0          [stack:886]
63b90000-63b94000 r--s 00038000 b3:02 271169     /opt/openhab/server/plugins/org.openhab.model.script_1.8.1.jar
63b94000-63ba5000 r--s 00097000 b3:02 518195     /opt/openhab/server/configuration/org.eclipse.osgi/bundles/199/1/.cp/lib/jersey-server-1.18.1.jar
63ba5000-63bb0000 r--s 0006b000 b3:02 518193     /opt/openhab/server/configuration/org.eclipse.osgi/bundles/199/1/.cp/lib/jersey-core-1.18.1.jar
63bb0000-63bb3000 ---p 00000000 00:00 0 
63bb3000-63c00000 rwxp 00000000 00:00 0          [stack:2670]
63c00000-63cfc000 rw-p 00000000 00:00 0 
63cfc000-63d00000 ---p 00000000 00:00 0 
63d00000-63df9000 rw-p 00000000 00:00 0 
63df9000-63e00000 ---p 00000000 00:00 0 
63e00000-63eff000 rw-p 00000000 00:00 0 
63eff000-63f00000 ---p 00000000 00:00 0 
63f00000-63f06000 r--s 0003f000 b3:02 137163     /usr/lib/jvm/jdk-8-oracle-arm32-vfp-hflt/jre/lib/ext/sunjce_provider.jar
63f07000-63f0c000 r--s 00094000 b3:02 516979     /opt/openhab/server/configuration/org.eclipse.osgi/bundles/336/1/.cp/lib/rrd4j-2.1.1.jar
63f0c000-63f1a000 r--s 000ad000 b3:02 518190     /opt/openhab/server/configuration/org.eclipse.osgi/bundles/199/1/.cp/lib/jackson-mapper-asl-1.9.2.jar
63f1a000-63f1f000 r--s 00043000 b3:02 271269     /opt/openhab/server/plugins/org.apache.commons.net_3.2.0.v201305141515.jar
63f1f000-63f23000 r--s 00029000 b3:02 517954     /opt/openhab/server/configuration/org.eclipse.osgi/bundles/366/1/bundlefile
63f23000-63f30000 r--s 0008e000 b3:02 516887     /opt/openhab/server/configuration/org.eclipse.osgi/bundles/384/1/.cp/lib/guice-4.0-beta4.jar
63f30000-63f4a000 r--s 001d2000 b3:02 137161     /usr/lib/jvm/jdk-8-oracle-arm32-vfp-hflt/jre/lib/ext/nashorn.jar
63f4a000-63f50000 r--s 0004f000 b3:02 271215     /opt/openhab/server/plugins/org.eclipse.jetty.server_8.1.3.v20120522.jar
63f50000-63f55000 r--s 00034000 b3:02 516970     /opt/openhab/server/configuration/org.eclipse.osgi/bundles/375/1/.cp/lib/commons-beanutils-1.8.3.jar
63f55000-63f57000 r--s 0003c000 b3:02 517186     /opt/openhab/server/configuration/org.eclipse.osgi/bundles/242/1/bundlefile
63f59000-63f5c000 r--s 0000b000 b3:02 518030     /opt/openhab/server/configuration/org.eclipse.osgi/bundles/385/1/bundlefile
63f5c000-63f60000 r--s 00020000 b3:02 517569     /opt/openhab/server/configuration/org.eclipse.osgi/bundles/326/1/bundlefile
63f60000-63f63000 ---p 00000000 00:00 0 
63f63000-63fb0000 rwxp 00000000 00:00 0          [stack:864]
63fb0000-63fb3000 ---p 00000000 00:00 0 
63fb3000-64000000 rwxp 00000000 00:00 0          [stack:862]
64000000-640fa000 rw-p 00000000 00:00 0 
640fa000-64100000 ---p 00000000 00:00 0 
64101000-64106000 r--s 00042000 b3:02 516882     /opt/openhab/server/configuration/org.eclipse.osgi/bundles/409/1/.cp/lib/twitter4j-core-3.0.5.jar
64106000-64108000 r--s 000ad000 b3:02 517190     /opt/openhab/server/configuration/org.eclipse.osgi/bundles/243/1/bundlefile
64108000-6410a000 r--s 0007e000 b3:02 517242     /opt/openhab/server/configuration/org.eclipse.osgi/bundles/256/1/bundlefile
6410d000-64111000 r--s 0001d000 b3:02 518201     /opt/openhab/server/configuration/org.eclipse.osgi/bundles/199/1/.cp/lib/jersey-client-1.18.1.jar
64114000-64117000 r--s 00018000 b3:02 517478     /opt/openhab/server/configuration/org.eclipse.osgi/bundles/315/1/bundlefile
64117000-6411b000 r--s 00034000 b3:02 518188     /opt/openhab/server/configuration/org.eclipse.osgi/bundles/199/1/.cp/lib/jackson-core-asl-1.9.2.jar
6411d000-6411e000 r--s 00009000 b3:02 137162     /usr/lib/jvm/jdk-8-oracle-arm32-vfp-hflt/jre/lib/ext/sunec.jar
6411e000-64122000 r--s 0003a000 b3:02 137164     /usr/lib/jvm/jdk-8-oracle-arm32-vfp-hflt/jre/lib/ext/sunpkcs11.jar
64122000-64125000 r--s 00012000 b3:02 517226     /opt/openhab/server/configuration/org.eclipse.osgi/bundles/252/1/bundlefile
64125000-64128000 r--s 00015000 b3:02 518090     /opt/openhab/server/configuration/org.eclipse.osgi/bundles/400/1/bundlefile
64128000-6412b000 r--s 00017000 b3:02 516974     /opt/openhab/server/configuration/org.eclipse.osgi/bundles/351/1/.cp/lib/jl1.0.1.jar
6412b000-6412e000 r--s 00053000 b3:02 517990     /opt/openhab/server/configuration/org.eclipse.osgi/bundles/375/1/bundlefile
6412e000-64130000 r--s 00000000 b3:02 516807     /opt/openhab/webapps/images/video.png
64130000-64132000 r--s 00000000 b3:02 516621     /opt/openhab/webapps/images/calendar.png
64132000-64134000 r--s 00000000 b3:02 516673     /opt/openhab/webapps/images/garden.png
64134000-64136000 r--s 01537000 b3:02 518018     /opt/openhab/server/configuration/org.eclipse.osgi/bundles/382/1/bundlefile
64136000-64139000 r--s 00013000 b3:02 517178     /opt/openhab/server/configuration/org.eclipse.osgi/bundles/240/1/bundlefile
64139000-6413b000 r--s 0042e000 b3:02 518026     /opt/openhab/server/configuration/org.eclipse.osgi/bundles/384/1/bundlefile
6413b000-64140000 r--s 00045000 b3:02 271267     /opt/openhab/server/plugins/org.apache.commons.lang_2.6.0.v201205030909.jar
64140000-64143000 r--s 00014000 b3:02 517054     /opt/openhab/server/configuration/org.eclipse.osgi/bundles/193/1/.cp/lib/json-path-0.9.0.jar
64143000-64147000 r--s 00020000 b3:02 517150     /opt/openhab/server/configuration/org.eclipse.osgi/bundles/233/1/bundlefile
64147000-64149000 r--s 00000000 b3:02 518086     /opt/openhab/server/configuration/org.eclipse.osgi/bundles/399/1/bundlefile
6414b000-6414d000 r--s 0024f000 b3:02 518130     /opt/openhab/server/configuration/org.eclipse.osgi/bundles/410/1/bundlefile
6414d000-6414f000 r--s 00005000 b3:02 517126     /opt/openhab/server/configuration/org.eclipse.osgi/bundles/227/1/bundlefile
6414f000-64152000 ---p 00000000 00:00 0 
64152000-6419f000 rwxp 00000000 00:00 0          [stack:861]
6419f000-641a2000 ---p 00000000 00:00 0 
641a2000-641ef000 rwxp 00000000 00:00 0          [stack:1008]
641ef000-641f2000 ---p 00000000 00:00 0 
641f2000-6423f000 rwxp 00000000 00:00 0          [stack:859]
6423f000-6433f000 rw-p 00000000 00:00 0 
6433f000-64500000 rw-p 00000000 00:00 0 
64500000-64577000 rw-p 00000000 00:00 0 
64577000-64600000 ---p 00000000 00:00 0 
64600000-646ff000 rw-p 00000000 00:00 0 
646ff000-64700000 ---p 00000000 00:00 0 
64700000-647fd000 rw-p 00000000 00:00 0 
647fd000-64800000 ---p 00000000 00:00 0 
64800000-64801000 ---p 00000000 00:00 0 
64801000-64880000 rwxp 00000000 00:00 0          [stack:858]
64880000-64883000 ---p 00000000 00:00 0 
64883000-64900000 rwxp 00000000 00:00 0          [stack:856]
64900000-649e4000 rw-p 00000000 00:00 0 
649e4000-64a00000 ---p 00000000 00:00 0 
64a01000-64a03000 r--s 00000000 b3:02 516805     /opt/openhab/webapps/images/temperature.png
64a03000-64a05000 r--s 00000000 b3:02 516623     /opt/openhab/webapps/images/cellar.png
64a06000-64a08000 r--s 00009000 b3:02 518114     /opt/openhab/server/configuration/org.eclipse.osgi/bundles/406/1/bundlefile
64a08000-64a0a000 r--s 00000000 b3:02 516678     /opt/openhab/webapps/images/groundfloor.png
64a0b000-64a0d000 r--s 00043000 b3:02 518126     /opt/openhab/server/configuration/org.eclipse.osgi/bundles/409/1/bundlefile
64a0d000-64a0f000 r--s 00010000 b3:02 518146     /opt/openhab/server/configuration/org.eclipse.osgi/bundles/414/1/bundlefile
64a10000-64a12000 r--s 00004000 b3:02 517894     /opt/openhab/server/configuration/org.eclipse.osgi/bundles/353/1/bundlefile
64a12000-64a14000 r--s 00290000 b3:02 517122     /opt/openhab/server/configuration/org.eclipse.osgi/bundles/226/1/bundlefile
64a14000-64a16000 r--s 00003000 b3:02 518002     /opt/openhab/server/configuration/org.eclipse.osgi/bundles/378/1/bundlefile
64a16000-64a18000 r--s 0007d000 b3:02 517134     /opt/openhab/server/configuration/org.eclipse.osgi/bundles/229/1/bundlefile
64a18000-64a1a000 r--s 00004000 b3:02 517509     /opt/openhab/server/configuration/org.eclipse.osgi/bundles/322/1/bundlefile
64a1a000-64a1e000 r--s 00025000 b3:02 518194     /opt/openhab/server/configuration/org.eclipse.osgi/bundles/199/1/.cp/lib/jersey-json-1.18.1.jar
64a1e000-64a20000 r--s 00002000 b3:02 517138     /opt/openhab/server/configuration/org.eclipse.osgi/bundles/230/1/bundlefile
64a20000-64a22000 r--s 0002e000 b3:02 517166     /opt/openhab/server/configuration/org.eclipse.osgi/bundles/237/1/bundlefile
64a22000-64a25000 r--s 001bd000 b3:02 517170     /opt/openhab/server/configuration/org.eclipse.osgi/bundles/238/1/bundlefile
64a25000-64a27000 r--s 0000d000 b3:02 517174     /opt/openhab/server/configuration/org.eclipse.osgi/bundles/239/1/bundlefile
64a27000-64a29000 r--s 00065000 b3:02 517194     /opt/openhab/server/configuration/org.eclipse.osgi/bundles/244/1/bundlefile
64a29000-64a2b000 r--s 0006e000 b3:02 517202     /opt/openhab/server/configuration/org.eclipse.osgi/bundles/246/1/bundlefile
64a2c000-64a2e000 r--s 00007000 b3:02 517924     /opt/openhab/server/configuration/org.eclipse.osgi/bundles/360/1/bundlefile
64a2e000-64a2f000 r--s 00003000 b3:02 517146     /opt/openhab/server/configuration/org.eclipse.osgi/bundles/232/1/bundlefile
64a2f000-64a30000 r--s 00001000 b3:02 517588     /opt/openhab/server/configuration/org.eclipse.osgi/bundles/327/1/bundlefile
64a30000-64a31000 r--s 00003000 b3:02 518150     /opt/openhab/server/configuration/org.eclipse.osgi/bundles/415/1/bundlefile
64a31000-64a33000 r--s 00000000 b3:02 516665     /opt/openhab/webapps/images/firstfloor.png
64a33000-64a35000 r--s 0000b000 b3:02 517142     /opt/openhab/server/configuration/org.eclipse.osgi/bundles/231/1/bundlefile
64a35000-64a36000 r--s 00004000 b3:02 517154     /opt/openhab/server/configuration/org.eclipse.osgi/bundles/234/1/bundlefile
64a38000-64a3a000 r--s 00002000 b3:02 518034     /opt/openhab/server/configuration/org.eclipse.osgi/bundles/386/1/bundlefile
64a3a000-64a3c000 r--s 00009000 b3:02 517218     /opt/openhab/server/configuration/org.eclipse.osgi/bundles/250/1/bundlefile
64a3c000-64a3e000 r--s 00186000 b3:02 517230     /opt/openhab/server/configuration/org.eclipse.osgi/bundles/253/1/bundlefile
64a40000-64a42000 r--s 0000f000 b3:02 518202     /opt/openhab/server/configuration/org.eclipse.osgi/bundles/199/1/.cp/lib/jettison-1.1.jar
64a42000-64a43000 r--s 00000000 b3:02 516662     /opt/openhab/webapps/images/favicon.ico
64a43000-64a45000 r--s 0007f000 b3:02 518183     /opt/openhab/server/configuration/org.eclipse.osgi/bundles/202/1/.cp/lib/nrjavaserial-3.9.3.jar
64a45000-64a53000 r-xp 00000000 b3:02 137134     /usr/lib/jvm/jdk-8-oracle-arm32-vfp-hflt/jre/lib/arm/libnio.so
64a53000-64a5a000 ---p 0000e000 b3:02 137134     /usr/lib/jvm/jdk-8-oracle-arm32-vfp-hflt/jre/lib/arm/libnio.so
64a5a000-64a5b000 rw-p 0000d000 b3:02 137134     /usr/lib/jvm/jdk-8-oracle-arm32-vfp-hflt/jre/lib/arm/libnio.so
64a5b000-64a6e000 r-xp 00000000 b3:02 137133     /usr/lib/jvm/jdk-8-oracle-arm32-vfp-hflt/jre/lib/arm/libnet.so
64a6e000-64a76000 ---p 00013000 b3:02 137133     /usr/lib/jvm/jdk-8-oracle-arm32-vfp-hflt/jre/lib/arm/libnet.so
64a76000-64a77000 rw-p 00013000 b3:02 137133     /usr/lib/jvm/jdk-8-oracle-arm32-vfp-hflt/jre/lib/arm/libnet.so
64a77000-64c00000 r--p 00000000 b3:02 155890     /usr/lib/locale/locale-archive
64c00000-64d00000 rw-p 00000000 00:00 0 
64d00000-64d2b000 rw-p 00000000 00:00 0 
64d2b000-64e00000 ---p 00000000 00:00 0 
64e00000-64e05000 r--s 0003b000 b3:02 271167     /opt/openhab/server/plugins/org.openhab.ui.webapp_1.8.1.jar
64e05000-64e06000 r--s 003c1000 b3:02 517158     /opt/openhab/server/configuration/org.eclipse.osgi/bundles/235/1/bundlefile
64e06000-64e08000 r--s 0009c000 b3:02 517738     /opt/openhab/server/configuration/org.eclipse.osgi/bundles/336/1/bundlefile
64e08000-64e0a000 r--s 00002000 b3:02 517394     /opt/openhab/server/configuration/org.eclipse.osgi/bundles/294/1/bundlefile
64e0a000-64e0b000 r--s 00003000 b3:02 517346     /opt/openhab/server/configuration/org.eclipse.osgi/bundles/282/1/bundlefile
64e0b000-64e0c000 r--s 00006000 b3:02 517382     /opt/openhab/server/configuration/org.eclipse.osgi/bundles/291/1/bundlefile
64e0c000-64e0d000 r--s 00005000 b3:02 517198     /opt/openhab/server/configuration/org.eclipse.osgi/bundles/245/1/bundlefile
64e0e000-64e10000 r--s 0000c000 b3:02 517055     /opt/openhab/server/configuration/org.eclipse.osgi/bundles/193/1/.cp/lib/json-smart-1.2.jar
64e10000-64e13000 ---p 00000000 00:00 0 
64e13000-64e60000 rwxp 00000000 00:00 0          [stack:857]
64e60000-64e63000 ---p 00000000 00:00 0 
64e63000-64eb0000 rwxp 00000000 00:00 0          [stack:855]
64eb0000-64eb3000 ---p 00000000 00:00 0 
64eb3000-64f00000 rwxp 00000000 00:00 0          [stack:854]
64f00000-64fff000 rw-p 00000000 00:00 0 
64fff000-65000000 ---p 00000000 00:00 0 
65000000-65001000 r--s 00004000 b3:02 517162     /opt/openhab/server/configuration/org.eclipse.osgi/bundles/236/1/bundlefile
65001000-65003000 r--s 0000f000 b3:02 516893     /opt/openhab/server/configuration/org.eclipse.osgi/bundles/384/1/.cp/lib/harmony-java-client-1.0.3.jar
65003000-65004000 r--s 00006000 b3:02 517182     /opt/openhab/server/configuration/org.eclipse.osgi/bundles/241/1/bundlefile
65004000-65006000 r--s 0001a000 b3:02 517222     /opt/openhab/server/configuration/org.eclipse.osgi/bundles/251/1/bundlefile
65006000-65008000 r--s 0000c000 b3:02 518200     /opt/openhab/server/configuration/org.eclipse.osgi/bundles/199/1/.cp/lib/atmosphere-jersey-2.2.5.jar
65008000-65009000 rw-p 00000000 00:00 0 
65009000-6500a000 r--s 00079000 b3:02 271175     /opt/openhab/server/plugins/org.openhab.io.transport.serial_1.8.1.jar
6500a000-6500c000 r--s 0000a000 b3:02 518197     /opt/openhab/server/configuration/org.eclipse.osgi/bundles/199/1/.cp/lib/jsr311-api-1.1.1.jar
6500c000-6500d000 r--s 00006000 b3:02 518191     /opt/openhab/server/configuration/org.eclipse.osgi/bundles/199/1/.cp/lib/jackson-xc-1.9.2.jar
6500d000-6500e000 r--s 00009000 b3:02 517755     /opt/openhab/server/configuration/org.eclipse.osgi/bundles/337/1/bundlefile
6500e000-65010000 r--s 00011000 b3:02 517986     /opt/openhab/server/configuration/org.eclipse.osgi/bundles/374/1/bundlefile
65010000-65012000 r--s 0000b000 b3:02 517874     /opt/openhab/server/configuration/org.eclipse.osgi/bundles/348/1/bundlefile
65012000-65014000 r--s 008bf000 b3:02 517482     /opt/openhab/server/configuration/org.eclipse.osgi/bundles/316/1/bundlefile
65014000-65017000 ---p 00000000 00:00 0 
65017000-65064000 rwxp 00000000 00:00 0          [stack:853]
65064000-65065000 ---p 00000000 00:00 0 
65065000-650e4000 rwxp 00000000 00:00 0          [stack:852]
650e4000-65133000 rw-p 00000000 00:00 0 
65133000-6530b000 r--s 03d20000 b3:02 137083     /usr/lib/jvm/jdk-8-oracle-arm32-vfp-hflt/jre/lib/rt.jar
6530b000-657ac000 rw-p 00000000 00:00 0 
657ac000-657b2000 ---p 00000000 00:00 0 
657b2000-657c4000 rw-p 00000000 00:00 0 
657c4000-65800000 ---p 00000000 00:00 0 
65800000-66960000 rw-p 00000000 00:00 0 
66960000-6a540000 ---p 00000000 00:00 0 
6a540000-6c7a0000 rw-p 00000000 00:00 0 
6c7a0000-74000000 ---p 00000000 00:00 0 
74000000-74001000 r--s 00000000 b3:02 516725     /opt/openhab/webapps/images/none.png
74001000-74002000 r--s 00003000 b3:02 517862     /opt/openhab/server/configuration/org.eclipse.osgi/bundles/345/1/bundlefile
74002000-74003000 r--s 00003000 b3:02 517724     /opt/openhab/server/configuration/org.eclipse.osgi/bundles/335/1/bundlefile
74003000-74005000 r--s 00004000 b3:02 517206     /opt/openhab/server/configuration/org.eclipse.osgi/bundles/247/1/bundlefile
74005000-74007000 r--s 0022f000 b3:02 517994     /opt/openhab/server/configuration/org.eclipse.osgi/bundles/376/1/bundlefile
74007000-74008000 r--s 00008000 b3:02 517130     /opt/openhab/server/configuration/org.eclipse.osgi/bundles/228/1/bundlefile
74008000-74009000 r--s 00001000 b3:02 517557     /opt/openhab/server/configuration/org.eclipse.osgi/bundles/325/1/bundlefile
74009000-7400b000 r--s 00025000 b3:02 271185     /opt/openhab/server/plugins/org.openhab.core.transform_1.8.1.jar
7400b000-7400c000 r--s 00001000 b3:02 518046     /opt/openhab/server/configuration/org.eclipse.osgi/bundles/389/1/bundlefile
7400c000-7400d000 r--s 00004000 b3:02 517210     /opt/openhab/server/configuration/org.eclipse.osgi/bundles/248/1/bundlefile
7400d000-7400e000 r--s 00002000 b3:02 517214     /opt/openhab/server/configuration/org.eclipse.osgi/bundles/249/1/bundlefile
7400e000-7400f000 r--s 0000a000 b3:02 517234     /opt/openhab/server/configuration/org.eclipse.osgi/bundles/254/1/bundlefile
7400f000-74023000 r--s 00142000 b3:02 271206     /opt/openhab/server/plugins/org.eclipse.osgi_3.8.2.v20130124-134944.jar
74023000-7402c000 rw-p 00000000 00:00 0 
7402c000-74049000 ---p 00000000 00:00 0 
74049000-7405b000 rw-p 00000000 00:00 0 
7405b000-74097000 ---p 00000000 00:00 0 
74097000-740aa000 rw-p 00000000 00:00 0 
740aa000-74118000 ---p 00000000 00:00 0 
74118000-74580000 rwxp 00000000 00:00 0 
74580000-76118000 ---p 00000000 00:00 0 
76118000-7612f000 r-xp 00000000 b3:02 137144     /usr/lib/jvm/jdk-8-oracle-arm32-vfp-hflt/jre/lib/arm/libzip.so
7612f000-76136000 ---p 00017000 b3:02 137144     /usr/lib/jvm/jdk-8-oracle-arm32-vfp-hflt/jre/lib/arm/libzip.so
76136000-76137000 rw-p 00016000 b3:02 137144     /usr/lib/jvm/jdk-8-oracle-arm32-vfp-hflt/jre/lib/arm/libzip.so
76137000-76142000 r-xp 00000000 b3:02 22745      /lib/arm-linux-gnueabihf/libnss_files-2.19.so
76142000-76151000 ---p 0000b000 b3:02 22745      /lib/arm-linux-gnueabihf/libnss_files-2.19.so
76151000-76152000 r--p 0000a000 b3:02 22745      /lib/arm-linux-gnueabihf/libnss_files-2.19.so
76152000-76153000 rw-p 0000b000 b3:02 22745      /lib/arm-linux-gnueabihf/libnss_files-2.19.so
76153000-7615c000 r-xp 00000000 b3:02 22747      /lib/arm-linux-gnueabihf/libnss_nis-2.19.so
7615c000-7616b000 ---p 00009000 b3:02 22747      /lib/arm-linux-gnueabihf/libnss_nis-2.19.so
7616b000-7616c000 r--p 00008000 b3:02 22747      /lib/arm-linux-gnueabihf/libnss_nis-2.19.so
7616c000-7616d000 rw-p 00009000 b3:02 22747      /lib/arm-linux-gnueabihf/libnss_nis-2.19.so
7616d000-7617e000 r-xp 00000000 b3:02 22742      /lib/arm-linux-gnueabihf/libnsl-2.19.so
7617e000-7618d000 ---p 00011000 b3:02 22742      /lib/arm-linux-gnueabihf/libnsl-2.19.so
7618d000-7618e000 r--p 00010000 b3:02 22742      /lib/arm-linux-gnueabihf/libnsl-2.19.so
7618e000-7618f000 rw-p 00011000 b3:02 22742      /lib/arm-linux-gnueabihf/libnsl-2.19.so
7618f000-76191000 rw-p 00000000 00:00 0 
76191000-76198000 r-xp 00000000 b3:02 22743      /lib/arm-linux-gnueabihf/libnss_compat-2.19.so
76198000-761a7000 ---p 00007000 b3:02 22743      /lib/arm-linux-gnueabihf/libnss_compat-2.19.so
761a7000-761a8000 r--p 00006000 b3:02 22743      /lib/arm-linux-gnueabihf/libnss_compat-2.19.so
761a8000-761a9000 rw-p 00007000 b3:02 22743      /lib/arm-linux-gnueabihf/libnss_compat-2.19.so
761a9000-761ab000 r--s 00018000 b3:02 517695     /opt/openhab/server/configuration/org.eclipse.osgi/bundles/333/1/bundlefile
761ab000-761af000 r--s 0001c000 b3:02 518196     /opt/openhab/server/configuration/org.eclipse.osgi/bundles/199/1/.cp/lib/jersey-servlet-1.18.1.jar
761af000-761b0000 r--s 00000000 b3:02 516624     /opt/openhab/webapps/images/chart.png
761b0000-761b1000 r--s 00002000 b3:02 518134     /opt/openhab/server/configuration/org.eclipse.osgi/bundles/411/1/bundlefile
761b1000-761b2000 r--s 00001000 b3:02 518038     /opt/openhab/server/configuration/org.eclipse.osgi/bundles/387/1/bundlefile
761b2000-761b4000 r--s 00008000 b3:02 516933     /opt/openhab/server/configuration/org.eclipse.osgi/bundles/199/1/.cp/lib/atmosphere-annotations-2.2.5.jar (deleted)
761b4000-761b5000 r--s 00004000 b3:02 517238     /opt/openhab/server/configuration/org.eclipse.osgi/bundles/255/1/bundlefile
761b5000-761b6000 r--s 0000a000 b3:02 518192     /opt/openhab/server/configuration/org.eclipse.osgi/bundles/199/1/.cp/lib/asm-3.1.jar
761b6000-761b7000 r--s 00004000 b3:02 518189     /opt/openhab/server/configuration/org.eclipse.osgi/bundles/199/1/.cp/lib/jackson-jaxrs-1.9.2.jar
761b7000-761b8000 r--p 00000000 b3:02 25630      /usr/share/locale/en_GB/LC_MESSAGES/libc.mo
761b8000-761b9000 r--s 00019000 b3:02 517886     /opt/openhab/server/configuration/org.eclipse.osgi/bundles/351/1/bundlefile
761b9000-761ba000 r--s 00001000 b3:02 518078     /opt/openhab/server/configuration/org.eclipse.osgi/bundles/397/1/bundlefile
761ba000-761bd000 r--s 0001a000 b3:02 137071     /usr/lib/jvm/jdk-8-oracle-arm32-vfp-hflt/jre/lib/jce.jar
761bd000-761e0000 r-xp 00000000 b3:02 137119     /usr/lib/jvm/jdk-8-oracle-arm32-vfp-hflt/jre/lib/arm/libjava.so
761e0000-761e8000 ---p 00023000 b3:02 137119     /usr/lib/jvm/jdk-8-oracle-arm32-vfp-hflt/jre/lib/arm/libjava.so
761e8000-761e9000 rw-p 00023000 b3:02 137119     /usr/lib/jvm/jdk-8-oracle-arm32-vfp-hflt/jre/lib/arm/libjava.so
761e9000-761ef000 r-xp 00000000 b3:02 22751      /lib/arm-linux-gnueabihf/librt-2.19.so
761ef000-761fe000 ---p 00006000 b3:02 22751      /lib/arm-linux-gnueabihf/librt-2.19.so
761fe000-761ff000 r--p 00005000 b3:02 22751      /lib/arm-linux-gnueabihf/librt-2.19.so
761ff000-76200000 rw-p 00006000 b3:02 22751      /lib/arm-linux-gnueabihf/librt-2.19.so
76200000-762f8000 rw-p 00000000 00:00 0 
762f8000-76300000 ---p 00000000 00:00 0 
76300000-76302000 r--s 00006000 b3:02 271235     /opt/openhab/server/plugins/javax.transaction_1.1.1.v201105210645.jar
76302000-76307000 r--s 00096000 b3:02 137074     /usr/lib/jvm/jdk-8-oracle-arm32-vfp-hflt/jre/lib/jsse.jar
76307000-7630a000 ---p 00000000 00:00 0 
7630a000-76357000 rwxp 00000000 00:00 0          [stack:851]
76357000-763c0000 r-xp 00000000 b3:02 22719      /lib/arm-linux-gnueabihf/libm-2.19.so
763c0000-763d0000 ---p 00069000 b3:02 22719      /lib/arm-linux-gnueabihf/libm-2.19.so
763d0000-763d1000 r--p 00069000 b3:02 22719      /lib/arm-linux-gnueabihf/libm-2.19.so
763d1000-763d2000 rw-p 0006a000 b3:02 22719      /lib/arm-linux-gnueabihf/libm-2.19.so
763d2000-76955000 r-xp 00000000 b3:02 137146     /usr/lib/jvm/jdk-8-oracle-arm32-vfp-hflt/jre/lib/arm/client/libjvm.so
76955000-7695d000 ---p 00583000 b3:02 137146     /usr/lib/jvm/jdk-8-oracle-arm32-vfp-hflt/jre/lib/arm/client/libjvm.so
7695d000-76989000 rw-p 00583000 b3:02 137146     /usr/lib/jvm/jdk-8-oracle-arm32-vfp-hflt/jre/lib/arm/client/libjvm.so
76989000-76dac000 rw-p 00000000 00:00 0 
76dac000-76dc9000 r-xp 00000000 b3:02 3149       /lib/arm-linux-gnueabihf/libgcc_s.so.1
76dc9000-76dd8000 ---p 0001d000 b3:02 3149       /lib/arm-linux-gnueabihf/libgcc_s.so.1
76dd8000-76dd9000 rw-p 0001c000 b3:02 3149       /lib/arm-linux-gnueabihf/libgcc_s.so.1
76dd9000-76f04000 r-xp 00000000 b3:02 22711      /lib/arm-linux-gnueabihf/libc-2.19.so
76f04000-76f14000 ---p 0012b000 b3:02 22711      /lib/arm-linux-gnueabihf/libc-2.19.so
76f14000-76f16000 r--p 0012b000 b3:02 22711      /lib/arm-linux-gnueabihf/libc-2.19.so
76f16000-76f17000 rw-p 0012d000 b3:02 22711      /lib/arm-linux-gnueabihf/libc-2.19.so
76f17000-76f1a000 rw-p 00000000 00:00 0 
76f1a000-76f1c000 r-xp 00000000 b3:02 22716      /lib/arm-linux-gnueabihf/libdl-2.19.so
76f1c000-76f2b000 ---p 00002000 b3:02 22716      /lib/arm-linux-gnueabihf/libdl-2.19.so
76f2b000-76f2c000 r--p 00001000 b3:02 22716      /lib/arm-linux-gnueabihf/libdl-2.19.so
76f2c000-76f2d000 rw-p 00002000 b3:02 22716      /lib/arm-linux-gnueabihf/libdl-2.19.so
76f2d000-76f41000 r-xp 00000000 b3:02 137147     /usr/lib/jvm/jdk-8-oracle-arm32-vfp-hflt/jre/lib/arm/jli/libjli.so
76f41000-76f49000 ---p 00014000 b3:02 137147     /usr/lib/jvm/jdk-8-oracle-arm32-vfp-hflt/jre/lib/arm/jli/libjli.so
76f49000-76f4a000 rw-p 00014000 b3:02 137147     /usr/lib/jvm/jdk-8-oracle-arm32-vfp-hflt/jre/lib/arm/jli/libjli.so
76f4a000-76f5e000 r-xp 00000000 b3:02 22755      /lib/arm-linux-gnueabihf/libpthread-2.19.so
76f5e000-76f6e000 ---p 00014000 b3:02 22755      /lib/arm-linux-gnueabihf/libpthread-2.19.so
76f6e000-76f6f000 r--p 00014000 b3:02 22755      /lib/arm-linux-gnueabihf/libpthread-2.19.so
76f6f000-76f70000 rw-p 00015000 b3:02 22755      /lib/arm-linux-gnueabihf/libpthread-2.19.so
76f70000-76f72000 rw-p 00000000 00:00 0 
76f72000-76f74000 r--s 0000b000 b3:02 271324     /opt/openhab/server/plugins/org.eclipse.equinox.launcher_1.3.0.v20120522-1813.jar
76f74000-76f7d000 r-xp 00000000 b3:02 137143     /usr/lib/jvm/jdk-8-oracle-arm32-vfp-hflt/jre/lib/arm/libverify.so
76f7d000-76f85000 ---p 00009000 b3:02 137143     /usr/lib/jvm/jdk-8-oracle-arm32-vfp-hflt/jre/lib/arm/libverify.so
76f85000-76f86000 rw-p 00009000 b3:02 137143     /usr/lib/jvm/jdk-8-oracle-arm32-vfp-hflt/jre/lib/arm/libverify.so
76f86000-76f8b000 r-xp 00000000 b3:02 25010      /usr/lib/arm-linux-gnueabihf/libarmmem.so
76f8b000-76f9a000 ---p 00005000 b3:02 25010      /usr/lib/arm-linux-gnueabihf/libarmmem.so
76f9a000-76f9b000 rw-p 00004000 b3:02 25010      /usr/lib/arm-linux-gnueabihf/libarmmem.so
76f9b000-76fbb000 r-xp 00000000 b3:02 22666      /lib/arm-linux-gnueabihf/ld-2.19.so
76fbb000-76fbc000 r--s 00001000 b3:02 517966     /opt/openhab/server/configuration/org.eclipse.osgi/bundles/369/1/bundlefile
76fbc000-76fc4000 rw-s 00000000 b3:02 270231     /tmp/hsperfdata_root/850
76fc4000-76fc5000 r--p 00000000 00:00 0 
76fc5000-76fc8000 rw-p 00000000 00:00 0 
76fc8000-76fca000 rw-p 00000000 00:00 0 
76fca000-76fcb000 r--p 0001f000 b3:02 22666      /lib/arm-linux-gnueabihf/ld-2.19.so
76fcb000-76fcc000 rw-p 00020000 b3:02 22666      /lib/arm-linux-gnueabihf/ld-2.19.so
7ed65000-7ed86000 rwxp 00000000 00:00 0          [stack]
7ee11000-7ee12000 r-xp 00000000 00:00 0          [sigpage]
7ee12000-7ee13000 r--p 00000000 00:00 0          [vvar]
7ee13000-7ee14000 r-xp 00000000 00:00 0          [vdso]
ffff0000-ffff1000 r-xp 00000000 00:00 0          [vectors]

VM Arguments:
jvm_args: -Dosgi.clean=true -Declipse.ignoreApp=true -Dosgi.noShutdown=true -Djetty.port=8082 -Djetty.port.ssl=8443 -Djetty.home=. -Dlogback.configurationFile=configurations/logback.xml -Dfelix.fileinstall.dir=addons -Dfelix.fileinstall.filter=.*\.jar -Djava.library.path=lib -Djava.security.auth.login.config=./etc/login.conf -Dorg.quartz.properties=./etc/quartz.properties -Dequinox.ds.block_timeout=240000 -Dequinox.scr.waitTimeOnBlock=60000 -Dfelix.fileinstall.active.level=4 -Djava.awt.headless=true 
java_command: server/plugins/org.eclipse.equinox.launcher_1.3.0.v20120522-1813.jar -console
java_class_path (initial): server/plugins/org.eclipse.equinox.launcher_1.3.0.v20120522-1813.jar
Launcher Type: SUN_STANDARD

Environment Variables:
PATH=/usr/local/sbin:/usr/local/bin:/usr/sbin:/usr/bin:/sbin:/bin
USERNAME=root
SHELL=/bin/bash
DISPLAY=:0.0

Signal Handlers:
SIGSEGV: [libjvm.so+0x506638], sa_mask[0]=11111111011111111101111111111110, sa_flags=SA_RESTART|SA_SIGINFO
SIGBUS: [libjvm.so+0x506638], sa_mask[0]=11111111011111111101111111111110, sa_flags=SA_RESTART|SA_SIGINFO
SIGFPE: [libjvm.so+0x3fd4ec], sa_mask[0]=11111111011111111101111111111110, sa_flags=SA_RESTART|SA_SIGINFO
SIGPIPE: [libjvm.so+0x3fd4ec], sa_mask[0]=11111111011111111101111111111110, sa_flags=SA_RESTART|SA_SIGINFO
SIGXFSZ: [libjvm.so+0x3fd4ec], sa_mask[0]=11111111011111111101111111111110, sa_flags=SA_RESTART|SA_SIGINFO
SIGILL: [libjvm.so+0x3fd4ec], sa_mask[0]=11111111011111111101111111111110, sa_flags=SA_RESTART|SA_SIGINFO
SIGUSR1: SIG_DFL, sa_mask[0]=00000000000000000000000000000000, sa_flags=none
SIGUSR2: [libjvm.so+0x3fd650], sa_mask[0]=00000000000000000000000000000000, sa_flags=SA_RESTART|SA_SIGINFO
SIGHUP: [libjvm.so+0x3fda84], sa_mask[0]=11111111011111111101111111111110, sa_flags=SA_RESTART|SA_SIGINFO
SIGINT: [libjvm.so+0x3fda84], sa_mask[0]=11111111011111111101111111111110, sa_flags=SA_RESTART|SA_SIGINFO
SIGTERM: [libjvm.so+0x3fda84], sa_mask[0]=11111111011111111101111111111110, sa_flags=SA_RESTART|SA_SIGINFO
SIGQUIT: [libjvm.so+0x3fda84], sa_mask[0]=11111111011111111101111111111110, sa_flags=SA_RESTART|SA_SIGINFO


---------------  S Y S T E M  ---------------

OS:PRETTY_NAME="Raspbian GNU/Linux 8 (jessie)"
NAME="Raspbian GNU/Linux"
VERSION_ID="8"
VERSION="8 (jessie)"
ID=raspbian
ID_LIKE=debian
HOME_URL="http://www.raspbian.org/"
SUPPORT_URL="http://www.raspbian.org/RaspbianForums"
BUG_REPORT_URL="http://www.raspbian.org/RaspbianBugs"

uname:Linux 4.1.18-v7+ #846 SMP Thu Feb 25 14:22:53 GMT 2016 armv7l
libc:glibc 2.19 NPTL 2.19 
rlimit: STACK 8192k, CORE 0k, NPROC 7339, NOFILE 65536, AS infinity
load average:3.63 3.13 2.17

/proc/meminfo:
MemTotal:         948060 kB
MemFree:           10244 kB
MemAvailable:     205388 kB
Buffers:            3904 kB
Cached:           248060 kB
SwapCached:           36 kB
Active:           430640 kB
Inactive:         459168 kB
Active(anon):     325880 kB
Inactive(anon):   354212 kB
Active(file):     104760 kB
Inactive(file):   104956 kB
Unevictable:           0 kB
Mlocked:               0 kB
SwapTotal:        102396 kB
SwapFree:         100976 kB
Dirty:             11580 kB
Writeback:            48 kB
AnonPages:        637980 kB
Mapped:           101364 kB
Shmem:             42020 kB
Slab:              24312 kB
SReclaimable:      11816 kB
SUnreclaim:        12496 kB
KernelStack:        4064 kB
PageTables:         8308 kB
NFS_Unstable:          0 kB
Bounce:                0 kB
WritebackTmp:          0 kB
CommitLimit:      576424 kB
Committed_AS:    2166784 kB
VmallocTotal:    1105920 kB
VmallocUsed:        4796 kB
VmallocChunk:     876556 kB
CmaTotal:           8192 kB
CmaFree:             568 kB


CPU:total 4 (ARMv7), vfp

/proc/cpuinfo:
processor	: 0
model name	: ARMv7 Processor rev 5 (v7l)
BogoMIPS	: 57.60
Features	: half thumb fastmult vfp edsp neon vfpv3 tls vfpv4 idiva idivt vfpd32 lpae evtstrm 
CPU implementer	: 0x41
CPU architecture: 7
CPU variant	: 0x0
CPU part	: 0xc07
CPU revision	: 5

processor	: 1
model name	: ARMv7 Processor rev 5 (v7l)
BogoMIPS	: 57.60
Features	: half thumb fastmult vfp edsp neon vfpv3 tls vfpv4 idiva idivt vfpd32 lpae evtstrm 
CPU implementer	: 0x41
CPU architecture: 7
CPU variant	: 0x0
CPU part	: 0xc07
CPU revision	: 5

processor	: 2
model name	: ARMv7 Processor rev 5 (v7l)
BogoMIPS	: 57.60
Features	: half thumb fastmult vfp edsp neon vfpv3 tls vfpv4 idiva idivt vfpd32 lpae evtstrm 
CPU implementer	: 0x41
CPU architecture: 7
CPU variant	: 0x0
CPU part	: 0xc07
CPU revision	: 5

processor	: 3
model name	: ARMv7 Processor rev 5 (v7l)
BogoMIPS	: 57.60
Features	: half thumb fastmult vfp edsp neon vfpv3 tls vfpv4 idiva idivt vfpd32 lpae evtstrm 
CPU implementer	: 0x41
CPU architecture: 7
CPU variant	: 0x0
CPU part	: 0xc07
CPU revision	: 5

Hardware	: BCM2709
Revision	: a21041
Serial		: 000000007097105d


Memory: 4k page, physical 948060k(10244k free), swap 102396k(100976k free)

vm_info: Java HotSpot(TM) Client VM (25.65-b01) for linux-arm-vfp-hflt JRE (1.8.0_65-b17), built on Oct  6 2015 16:19:04 by "java_re" with gcc 4.7.2 20120910 (prerelease)

time: Thu Mar 10 01:09:07 2016
elapsed time: 2817 seconds (0d 0h 46m 57s)

