0:0:0:0:0:0:0:1 -  -  [14/Mar/2016:23:59:50 +0000] "GET /openhab.app?sitemap=demo&sitemap=demo&w=0300&poll=true&__async=true&__source=waHome HTTP/1.1" 200 92 
0:0:0:0:0:0:0:1 -  -  [14/Mar/2016:23:59:55 +0000] "GET /openhab.app?sitemap=demo&sitemap=demo&w=Home&poll=true&__async=true&__source=waHome HTTP/1.1" 200 92 
0:0:0:0:0:0:0:1 -  -  [15/Mar/2016:00:00:01 +0000] "GET /openhab.app?sitemap=demo&sitemap=demo&w=0300&poll=true&__async=true&__source=waHome HTTP/1.1" 200 92 
0:0:0:0:0:0:0:1 -  -  [15/Mar/2016:00:00:06 +0000] "GET /openhab.app?sitemap=demo&sitemap=demo&w=Home&poll=true&__async=true&__source=waHome HTTP/1.1" 200 1903 
0:0:0:0:0:0:0:1 -  -  [15/Mar/2016:00:00:11 +0000] "GET /openhab.app?sitemap=demo&sitemap=demo&w=0300&poll=true&__async=true&__source=waHome HTTP/1.1" 200 92 
0:0:0:0:0:0:0:1 -  -  [15/Mar/2016:00:00:14 +0000] "GET /openhab.app?sitemap=demo&sitemap=demo&w=Home&poll=true&__async=true&__source=waHome HTTP/1.1" 200 92 
0:0:0:0:0:0:0:1 -  -  [15/Mar/2016:00:00:22 +0000] "GET /openhab.app?sitemap=demo&sitemap=demo&w=0300&poll=true&__async=true&__source=waHome HTTP/1.1" 200 92 
0:0:0:0:0:0:0:1 -  -  [15/Mar/2016:00:00:24 +0000] "GET /openhab.app?sitemap=demo&sitemap=demo&w=Home&poll=true&__async=true&__source=waHome HTTP/1.1" 200 92 
0:0:0:0:0:0:0:1 -  -  [15/Mar/2016:00:00:32 +0000] "GET /openhab.app?sitemap=demo&sitemap=demo&w=0300&poll=true&__async=true&__source=waHome HTTP/1.1" 200 92 
0:0:0:0:0:0:0:1 -  -  [15/Mar/2016:00:00:35 +0000] "GET /openhab.app?sitemap=demo&sitemap=demo&w=Home&poll=true&__async=true&__source=waHome HTTP/1.1" 200 92 
0:0:0:0:0:0:0:1 -  -  [15/Mar/2016:00:00:43 +0000] "GET /openhab.app?sitemap=demo&sitemap=demo&w=0300&poll=true&__async=true&__source=waHome HTTP/1.1" 200 92 
0:0:0:0:0:0:0:1 -  -  [15/Mar/2016:00:00:45 +0000] "GET /openhab.app?sitemap=demo&sitemap=demo&w=Home&poll=true&__async=true&__source=waHome HTTP/1.1" 200 92 
0:0:0:0:0:0:0:1 -  -  [15/Mar/2016:00:00:53 +0000] "GET /openhab.app?sitemap=demo&sitemap=demo&w=0300&poll=true&__async=true&__source=waHome HTTP/1.1" 200 92 
0:0:0:0:0:0:0:1 -  -  [15/Mar/2016:00:00:56 +0000] "GET /openhab.app?sitemap=demo&sitemap=demo&w=Home&poll=true&__async=true&__source=waHome HTTP/1.1" 200 92 
0:0:0:0:0:0:0:1 -  -  [15/Mar/2016:00:01:06 +0000] "GET /openhab.app?sitemap=demo&sitemap=demo&w=Home&poll=true&__async=true&__source=waHome HTTP/1.1" 200 1903 
0:0:0:0:0:0:0:1 -  -  [15/Mar/2016:00:01:04 +0000] "GET /openhab.app?sitemap=demo&sitemap=demo&w=0300&poll=true&__async=true&__source=waHome HTTP/1.1" 200 92 
0:0:0:0:0:0:0:1 -  -  [15/Mar/2016:00:01:14 +0000] "GET /openhab.app?sitemap=demo&sitemap=demo&w=Home&poll=true&__async=true&__source=waHome HTTP/1.1" 200 92 
0:0:0:0:0:0:0:1 -  -  [15/Mar/2016:00:01:14 +0000] "GET /openhab.app?sitemap=demo&sitemap=demo&w=0300&poll=true&__async=true&__source=waHome HTTP/1.1" 200 92 
0:0:0:0:0:0:0:1 -  -  [15/Mar/2016:00:01:24 +0000] "GET /openhab.app?sitemap=demo&sitemap=demo&w=Home&poll=true&__async=true&__source=waHome HTTP/1.1" 200 92 
0:0:0:0:0:0:0:1 -  -  [15/Mar/2016:00:01:25 +0000] "GET /openhab.app?sitemap=demo&sitemap=demo&w=0300&poll=true&__async=true&__source=waHome HTTP/1.1" 200 92 
0:0:0:0:0:0:0:1 -  -  [15/Mar/2016:00:01:35 +0000] "GET /openhab.app?sitemap=demo&sitemap=demo&w=Home&poll=true&__async=true&__source=waHome HTTP/1.1" 200 92 
0:0:0:0:0:0:0:1 -  -  [15/Mar/2016:00:01:35 +0000] "GET /openhab.app?sitemap=demo&sitemap=demo&w=0300&poll=true&__async=true&__source=waHome HTTP/1.1" 200 92 
0:0:0:0:0:0:0:1 -  -  [15/Mar/2016:00:01:45 +0000] "GET /openhab.app?sitemap=demo&sitemap=demo&w=Home&poll=true&__async=true&__source=waHome HTTP/1.1" 200 92 
0:0:0:0:0:0:0:1 -  -  [15/Mar/2016:00:01:46 +0000] "GET /openhab.app?sitemap=demo&sitemap=demo&w=0300&poll=true&__async=true&__source=waHome HTTP/1.1" 200 92 
0:0:0:0:0:0:0:1 -  -  [15/Mar/2016:00:01:56 +0000] "GET /openhab.app?sitemap=demo&sitemap=demo&w=Home&poll=true&__async=true&__source=waHome HTTP/1.1" 200 92 
0:0:0:0:0:0:0:1 -  -  [15/Mar/2016:00:01:56 +0000] "GET /openhab.app?sitemap=demo&sitemap=demo&w=0300&poll=true&__async=true&__source=waHome HTTP/1.1" 200 92 
0:0:0:0:0:0:0:1 -  -  [15/Mar/2016:00:02:06 +0000] "GET /openhab.app?sitemap=demo&sitemap=demo&w=Home&poll=true&__async=true&__source=waHome HTTP/1.1" 200 1903 
0:0:0:0:0:0:0:1 -  -  [15/Mar/2016:00:02:07 +0000] "GET /openhab.app?sitemap=demo&sitemap=demo&w=0300&poll=true&__async=true&__source=waHome HTTP/1.1" 200 92 
0:0:0:0:0:0:0:1 -  -  [15/Mar/2016:00:02:14 +0000] "GET /openhab.app?sitemap=demo&sitemap=demo&w=Home&poll=true&__async=true&__source=waHome HTTP/1.1" 200 92 
0:0:0:0:0:0:0:1 -  -  [15/Mar/2016:00:02:17 +0000] "GET /openhab.app?sitemap=demo&sitemap=demo&w=0300&poll=true&__async=true&__source=waHome HTTP/1.1" 200 92 
0:0:0:0:0:0:0:1 -  -  [15/Mar/2016:00:02:25 +0000] "GET /openhab.app?sitemap=demo&sitemap=demo&w=Home&poll=true&__async=true&__source=waHome HTTP/1.1" 200 92 
0:0:0:0:0:0:0:1 -  -  [15/Mar/2016:00:02:28 +0000] "GET /openhab.app?sitemap=demo&sitemap=demo&w=0300&poll=true&__async=true&__source=waHome HTTP/1.1" 200 92 
0:0:0:0:0:0:0:1 -  -  [15/Mar/2016:00:02:35 +0000] "GET /openhab.app?sitemap=demo&sitemap=demo&w=Home&poll=true&__async=true&__source=waHome HTTP/1.1" 200 92 
0:0:0:0:0:0:0:1 -  -  [15/Mar/2016:00:02:39 +0000] "GET /openhab.app?sitemap=demo&sitemap=demo&w=0300&poll=true&__async=true&__source=waHome HTTP/1.1" 200 92 
0:0:0:0:0:0:0:1 -  -  [15/Mar/2016:00:02:46 +0000] "GET /openhab.app?sitemap=demo&sitemap=demo&w=Home&poll=true&__async=true&__source=waHome HTTP/1.1" 200 92 
0:0:0:0:0:0:0:1 -  -  [15/Mar/2016:00:02:49 +0000] "GET /openhab.app?sitemap=demo&sitemap=demo&w=0300&poll=true&__async=true&__source=waHome HTTP/1.1" 200 92 
0:0:0:0:0:0:0:1 -  -  [15/Mar/2016:00:02:56 +0000] "GET /openhab.app?sitemap=demo&sitemap=demo&w=Home&poll=true&__async=true&__source=waHome HTTP/1.1" 200 92 
0:0:0:0:0:0:0:1 -  -  [15/Mar/2016:00:03:00 +0000] "GET /openhab.app?sitemap=demo&sitemap=demo&w=0300&poll=true&__async=true&__source=waHome HTTP/1.1" 200 92 
0:0:0:0:0:0:0:1 -  -  [15/Mar/2016:00:03:07 +0000] "GET /openhab.app?sitemap=demo&sitemap=demo&w=Home&poll=true&__async=true&__source=waHome HTTP/1.1" 200 1903 
0:0:0:0:0:0:0:1 -  -  [15/Mar/2016:00:03:10 +0000] "GET /openhab.app?sitemap=demo&sitemap=demo&w=0300&poll=true&__async=true&__source=waHome HTTP/1.1" 200 92 
0:0:0:0:0:0:0:1 -  -  [15/Mar/2016:00:03:15 +0000] "GET /openhab.app?sitemap=demo&sitemap=demo&w=Home&poll=true&__async=true&__source=waHome HTTP/1.1" 200 92 
0:0:0:0:0:0:0:1 -  -  [15/Mar/2016:00:03:21 +0000] "GET /openhab.app?sitemap=demo&sitemap=demo&w=0300&poll=true&__async=true&__source=waHome HTTP/1.1" 200 92 
0:0:0:0:0:0:0:1 -  -  [15/Mar/2016:00:03:25 +0000] "GET /openhab.app?sitemap=demo&sitemap=demo&w=Home&poll=true&__async=true&__source=waHome HTTP/1.1" 200 92 
0:0:0:0:0:0:0:1 -  -  [15/Mar/2016:00:03:31 +0000] "GET /openhab.app?sitemap=demo&sitemap=demo&w=0300&poll=true&__async=true&__source=waHome HTTP/1.1" 200 92 
0:0:0:0:0:0:0:1 -  -  [15/Mar/2016:00:03:36 +0000] "GET /openhab.app?sitemap=demo&sitemap=demo&w=Home&poll=true&__async=true&__source=waHome HTTP/1.1" 200 92 
0:0:0:0:0:0:0:1 -  -  [15/Mar/2016:00:03:42 +0000] "GET /openhab.app?sitemap=demo&sitemap=demo&w=0300&poll=true&__async=true&__source=waHome HTTP/1.1" 200 92 
0:0:0:0:0:0:0:1 -  -  [15/Mar/2016:00:03:46 +0000] "GET /openhab.app?sitemap=demo&sitemap=demo&w=Home&poll=true&__async=true&__source=waHome HTTP/1.1" 200 92 
0:0:0:0:0:0:0:1 -  -  [15/Mar/2016:00:03:52 +0000] "GET /openhab.app?sitemap=demo&sitemap=demo&w=0300&poll=true&__async=true&__source=waHome HTTP/1.1" 200 92 
0:0:0:0:0:0:0:1 -  -  [15/Mar/2016:00:03:57 +0000] "GET /openhab.app?sitemap=demo&sitemap=demo&w=Home&poll=true&__async=true&__source=waHome HTTP/1.1" 200 92 
0:0:0:0:0:0:0:1 -  -  [15/Mar/2016:00:04:03 +0000] "GET /openhab.app?sitemap=demo&sitemap=demo&w=0300&poll=true&__async=true&__source=waHome HTTP/1.1" 200 92 
0:0:0:0:0:0:0:1 -  -  [15/Mar/2016:00:04:07 +0000] "GET /openhab.app?sitemap=demo&sitemap=demo&w=Home&poll=true&__async=true&__source=waHome HTTP/1.1" 200 1903 
0:0:0:0:0:0:0:1 -  -  [15/Mar/2016:00:04:13 +0000] "GET /openhab.app?sitemap=demo&sitemap=demo&w=0300&poll=true&__async=true&__source=waHome HTTP/1.1" 200 92 
0:0:0:0:0:0:0:1 -  -  [15/Mar/2016:00:04:15 +0000] "GET /openhab.app?sitemap=demo&sitemap=demo&w=Home&poll=true&__async=true&__source=waHome HTTP/1.1" 200 92 
0:0:0:0:0:0:0:1 -  -  [15/Mar/2016:00:04:24 +0000] "GET /openhab.app?sitemap=demo&sitemap=demo&w=0300&poll=true&__async=true&__source=waHome HTTP/1.1" 200 92 
0:0:0:0:0:0:0:1 -  -  [15/Mar/2016:00:04:26 +0000] "GET /openhab.app?sitemap=demo&sitemap=demo&w=Home&poll=true&__async=true&__source=waHome HTTP/1.1" 200 92 
0:0:0:0:0:0:0:1 -  -  [15/Mar/2016:00:04:34 +0000] "GET /openhab.app?sitemap=demo&sitemap=demo&w=0300&poll=true&__async=true&__source=waHome HTTP/1.1" 200 92 
0:0:0:0:0:0:0:1 -  -  [15/Mar/2016:00:04:36 +0000] "GET /openhab.app?sitemap=demo&sitemap=demo&w=Home&poll=true&__async=true&__source=waHome HTTP/1.1" 200 92 
0:0:0:0:0:0:0:1 -  -  [15/Mar/2016:00:04:45 +0000] "GET /openhab.app?sitemap=demo&sitemap=demo&w=0300&poll=true&__async=true&__source=waHome HTTP/1.1" 200 92 
0:0:0:0:0:0:0:1 -  -  [15/Mar/2016:00:04:47 +0000] "GET /openhab.app?sitemap=demo&sitemap=demo&w=Home&poll=true&__async=true&__source=waHome HTTP/1.1" 200 92 
0:0:0:0:0:0:0:1 -  -  [15/Mar/2016:00:04:55 +0000] "GET /openhab.app?sitemap=demo&sitemap=demo&w=0300&poll=true&__async=true&__source=waHome HTTP/1.1" 200 92 
0:0:0:0:0:0:0:1 -  -  [15/Mar/2016:00:04:57 +0000] "GET /openhab.app?sitemap=demo&sitemap=demo&w=Home&poll=true&__async=true&__source=waHome HTTP/1.1" 200 92 
0:0:0:0:0:0:0:1 -  -  [15/Mar/2016:00:05:08 +0000] "GET /openhab.app?sitemap=demo&sitemap=demo&w=Home&poll=true&__async=true&__source=waHome HTTP/1.1" 200 1903 
0:0:0:0:0:0:0:1 -  -  [15/Mar/2016:00:05:06 +0000] "GET /openhab.app?sitemap=demo&sitemap=demo&w=0300&poll=true&__async=true&__source=waHome HTTP/1.1" 200 92 
0:0:0:0:0:0:0:1 -  -  [15/Mar/2016:00:05:16 +0000] "GET /openhab.app?sitemap=demo&sitemap=demo&w=Home&poll=true&__async=true&__source=waHome HTTP/1.1" 200 92 
0:0:0:0:0:0:0:1 -  -  [15/Mar/2016:00:05:16 +0000] "GET /openhab.app?sitemap=demo&sitemap=demo&w=0300&poll=true&__async=true&__source=waHome HTTP/1.1" 200 92 
0:0:0:0:0:0:0:1 -  -  [15/Mar/2016:00:05:26 +0000] "GET /openhab.app?sitemap=demo&sitemap=demo&w=Home&poll=true&__async=true&__source=waHome HTTP/1.1" 200 92 
0:0:0:0:0:0:0:1 -  -  [15/Mar/2016:00:05:27 +0000] "GET /openhab.app?sitemap=demo&sitemap=demo&w=0300&poll=true&__async=true&__source=waHome HTTP/1.1" 200 92 
0:0:0:0:0:0:0:1 -  -  [15/Mar/2016:00:05:37 +0000] "GET /openhab.app?sitemap=demo&sitemap=demo&w=Home&poll=true&__async=true&__source=waHome HTTP/1.1" 200 92 
0:0:0:0:0:0:0:1 -  -  [15/Mar/2016:00:05:37 +0000] "GET /openhab.app?sitemap=demo&sitemap=demo&w=0300&poll=true&__async=true&__source=waHome HTTP/1.1" 200 92 
0:0:0:0:0:0:0:1 -  -  [15/Mar/2016:00:05:47 +0000] "GET /openhab.app?sitemap=demo&sitemap=demo&w=Home&poll=true&__async=true&__source=waHome HTTP/1.1" 200 92 
0:0:0:0:0:0:0:1 -  -  [15/Mar/2016:00:05:48 +0000] "GET /openhab.app?sitemap=demo&sitemap=demo&w=0300&poll=true&__async=true&__source=waHome HTTP/1.1" 200 92 
0:0:0:0:0:0:0:1 -  -  [15/Mar/2016:00:05:58 +0000] "GET /openhab.app?sitemap=demo&sitemap=demo&w=Home&poll=true&__async=true&__source=waHome HTTP/1.1" 200 92 
0:0:0:0:0:0:0:1 -  -  [15/Mar/2016:00:05:58 +0000] "GET /openhab.app?sitemap=demo&sitemap=demo&w=0300&poll=true&__async=true&__source=waHome HTTP/1.1" 200 92 
0:0:0:0:0:0:0:1 -  -  [15/Mar/2016:00:06:08 +0000] "GET /openhab.app?sitemap=demo&sitemap=demo&w=Home&poll=true&__async=true&__source=waHome HTTP/1.1" 200 1903 
0:0:0:0:0:0:0:1 -  -  [15/Mar/2016:00:06:09 +0000] "GET /openhab.app?sitemap=demo&sitemap=demo&w=0300&poll=true&__async=true&__source=waHome HTTP/1.1" 200 92 
0:0:0:0:0:0:0:1 -  -  [15/Mar/2016:00:06:16 +0000] "GET /openhab.app?sitemap=demo&sitemap=demo&w=Home&poll=true&__async=true&__source=waHome HTTP/1.1" 200 92 
0:0:0:0:0:0:0:1 -  -  [15/Mar/2016:00:06:22 +0000] "GET /openhab.app?sitemap=demo&sitemap=demo&w=0300&poll=true&__async=true&__source=waHome HTTP/1.1" 200 92 
0:0:0:0:0:0:0:1 -  -  [15/Mar/2016:00:06:27 +0000] "GET /openhab.app?sitemap=demo&sitemap=demo&w=Home&poll=true&__async=true&__source=waHome HTTP/1.1" 200 92 
0:0:0:0:0:0:0:1 -  -  [15/Mar/2016:00:06:33 +0000] "GET /openhab.app?sitemap=demo&sitemap=demo&w=0300&poll=true&__async=true&__source=waHome HTTP/1.1" 200 92 
0:0:0:0:0:0:0:1 -  -  [15/Mar/2016:00:06:37 +0000] "GET /openhab.app?sitemap=demo&sitemap=demo&w=Home&poll=true&__async=true&__source=waHome HTTP/1.1" 200 92 
0:0:0:0:0:0:0:1 -  -  [15/Mar/2016:00:06:43 +0000] "GET /openhab.app?sitemap=demo&sitemap=demo&w=0300&poll=true&__async=true&__source=waHome HTTP/1.1" 200 92 
0:0:0:0:0:0:0:1 -  -  [15/Mar/2016:00:06:48 +0000] "GET /openhab.app?sitemap=demo&sitemap=demo&w=Home&poll=true&__async=true&__source=waHome HTTP/1.1" 200 92 
0:0:0:0:0:0:0:1 -  -  [15/Mar/2016:00:06:57 +0000] "GET /openhab.app?sitemap=demo&sitemap=demo&w=0300&poll=true&__async=true&__source=waHome HTTP/1.1" 200 92 
0:0:0:0:0:0:0:1 -  -  [15/Mar/2016:00:07:02 +0000] "GET /openhab.app?sitemap=demo&sitemap=demo&w=Home&poll=true&__async=true&__source=waHome HTTP/1.1" 200 92 
0:0:0:0:0:0:0:1 -  -  [15/Mar/2016:00:07:12 +0000] "GET /openhab.app?sitemap=demo&sitemap=demo&w=Home&poll=true&__async=true&__source=waHome HTTP/1.1" 200 1903 
0:0:0:0:0:0:0:1 -  -  [15/Mar/2016:00:07:08 +0000] "GET /openhab.app?sitemap=demo&sitemap=demo&w=0300&poll=true&__async=true&__source=waHome HTTP/1.1" 200 92 
0:0:0:0:0:0:0:1 -  -  [15/Mar/2016:00:07:17 +0000] "GET /openhab.app?sitemap=demo&sitemap=demo&w=Home&poll=true&__async=true&__source=waHome HTTP/1.1" 200 92 
0:0:0:0:0:0:0:1 -  -  [15/Mar/2016:00:07:19 +0000] "GET /openhab.app?sitemap=demo&sitemap=demo&w=0300&poll=true&__async=true&__source=waHome HTTP/1.1" 200 92 
0:0:0:0:0:0:0:1 -  -  [15/Mar/2016:00:07:27 +0000] "GET /openhab.app?sitemap=demo&sitemap=demo&w=Home&poll=true&__async=true&__source=waHome HTTP/1.1" 200 92 
0:0:0:0:0:0:0:1 -  -  [15/Mar/2016:00:07:29 +0000] "GET /openhab.app?sitemap=demo&sitemap=demo&w=0300&poll=true&__async=true&__source=waHome HTTP/1.1" 200 92 
0:0:0:0:0:0:0:1 -  -  [15/Mar/2016:00:07:38 +0000] "GET /openhab.app?sitemap=demo&sitemap=demo&w=Home&poll=true&__async=true&__source=waHome HTTP/1.1" 200 92 
0:0:0:0:0:0:0:1 -  -  [15/Mar/2016:00:07:40 +0000] "GET /openhab.app?sitemap=demo&sitemap=demo&w=0300&poll=true&__async=true&__source=waHome HTTP/1.1" 200 92 
0:0:0:0:0:0:0:1 -  -  [15/Mar/2016:00:07:48 +0000] "GET /openhab.app?sitemap=demo&sitemap=demo&w=Home&poll=true&__async=true&__source=waHome HTTP/1.1" 200 92 
0:0:0:0:0:0:0:1 -  -  [15/Mar/2016:00:07:50 +0000] "GET /openhab.app?sitemap=demo&sitemap=demo&w=0300&poll=true&__async=true&__source=waHome HTTP/1.1" 200 92 
0:0:0:0:0:0:0:1 -  -  [15/Mar/2016:00:07:59 +0000] "GET /openhab.app?sitemap=demo&sitemap=demo&w=Home&poll=true&__async=true&__source=waHome HTTP/1.1" 200 92 
0:0:0:0:0:0:0:1 -  -  [15/Mar/2016:00:08:01 +0000] "GET /openhab.app?sitemap=demo&sitemap=demo&w=0300&poll=true&__async=true&__source=waHome HTTP/1.1" 200 92 
0:0:0:0:0:0:0:1 -  -  [15/Mar/2016:00:08:09 +0000] "GET /openhab.app?sitemap=demo&sitemap=demo&w=Home&poll=true&__async=true&__source=waHome HTTP/1.1" 200 1903 
0:0:0:0:0:0:0:1 -  -  [15/Mar/2016:00:08:11 +0000] "GET /openhab.app?sitemap=demo&sitemap=demo&w=0300&poll=true&__async=true&__source=waHome HTTP/1.1" 200 92 
0:0:0:0:0:0:0:1 -  -  [15/Mar/2016:00:08:17 +0000] "GET /openhab.app?sitemap=demo&sitemap=demo&w=Home&poll=true&__async=true&__source=waHome HTTP/1.1" 200 92 
0:0:0:0:0:0:0:1 -  -  [15/Mar/2016:00:08:22 +0000] "GET /openhab.app?sitemap=demo&sitemap=demo&w=0300&poll=true&__async=true&__source=waHome HTTP/1.1" 200 92 
0:0:0:0:0:0:0:1 -  -  [15/Mar/2016:00:08:28 +0000] "GET /openhab.app?sitemap=demo&sitemap=demo&w=Home&poll=true&__async=true&__source=waHome HTTP/1.1" 200 92 
0:0:0:0:0:0:0:1 -  -  [15/Mar/2016:00:08:32 +0000] "GET /openhab.app?sitemap=demo&sitemap=demo&w=0300&poll=true&__async=true&__source=waHome HTTP/1.1" 200 92 
0:0:0:0:0:0:0:1 -  -  [15/Mar/2016:00:08:38 +0000] "GET /openhab.app?sitemap=demo&sitemap=demo&w=Home&poll=true&__async=true&__source=waHome HTTP/1.1" 200 92 
0:0:0:0:0:0:0:1 -  -  [15/Mar/2016:00:08:43 +0000] "GET /openhab.app?sitemap=demo&sitemap=demo&w=0300&poll=true&__async=true&__source=waHome HTTP/1.1" 200 92 
0:0:0:0:0:0:0:1 -  -  [15/Mar/2016:00:08:49 +0000] "GET /openhab.app?sitemap=demo&sitemap=demo&w=Home&poll=true&__async=true&__source=waHome HTTP/1.1" 200 92 
0:0:0:0:0:0:0:1 -  -  [15/Mar/2016:00:08:53 +0000] "GET /openhab.app?sitemap=demo&sitemap=demo&w=0300&poll=true&__async=true&__source=waHome HTTP/1.1" 200 92 
0:0:0:0:0:0:0:1 -  -  [15/Mar/2016:00:08:59 +0000] "GET /openhab.app?sitemap=demo&sitemap=demo&w=Home&poll=true&__async=true&__source=waHome HTTP/1.1" 200 92 
0:0:0:0:0:0:0:1 -  -  [15/Mar/2016:00:09:04 +0000] "GET /openhab.app?sitemap=demo&sitemap=demo&w=0300&poll=true&__async=true&__source=waHome HTTP/1.1" 200 92 
0:0:0:0:0:0:0:1 -  -  [15/Mar/2016:00:09:10 +0000] "GET /openhab.app?sitemap=demo&sitemap=demo&w=Home&poll=true&__async=true&__source=waHome HTTP/1.1" 200 1903 
0:0:0:0:0:0:0:1 -  -  [15/Mar/2016:00:09:14 +0000] "GET /openhab.app?sitemap=demo&sitemap=demo&w=0300&poll=true&__async=true&__source=waHome HTTP/1.1" 200 92 
0:0:0:0:0:0:0:1 -  -  [15/Mar/2016:00:09:18 +0000] "GET /openhab.app?sitemap=demo&sitemap=demo&w=Home&poll=true&__async=true&__source=waHome HTTP/1.1" 200 92 
0:0:0:0:0:0:0:1 -  -  [15/Mar/2016:00:09:25 +0000] "GET /openhab.app?sitemap=demo&sitemap=demo&w=0300&poll=true&__async=true&__source=waHome HTTP/1.1" 200 92 
0:0:0:0:0:0:0:1 -  -  [15/Mar/2016:00:09:28 +0000] "GET /openhab.app?sitemap=demo&sitemap=demo&w=Home&poll=true&__async=true&__source=waHome HTTP/1.1" 200 92 
0:0:0:0:0:0:0:1 -  -  [15/Mar/2016:00:09:35 +0000] "GET /openhab.app?sitemap=demo&sitemap=demo&w=0300&poll=true&__async=true&__source=waHome HTTP/1.1" 200 92 
0:0:0:0:0:0:0:1 -  -  [15/Mar/2016:00:09:39 +0000] "GET /openhab.app?sitemap=demo&sitemap=demo&w=Home&poll=true&__async=true&__source=waHome HTTP/1.1" 200 92 
0:0:0:0:0:0:0:1 -  -  [15/Mar/2016:00:09:46 +0000] "GET /openhab.app?sitemap=demo&sitemap=demo&w=0300&poll=true&__async=true&__source=waHome HTTP/1.1" 200 92 
0:0:0:0:0:0:0:1 -  -  [15/Mar/2016:00:09:49 +0000] "GET /openhab.app?sitemap=demo&sitemap=demo&w=Home&poll=true&__async=true&__source=waHome HTTP/1.1" 200 92 
0:0:0:0:0:0:0:1 -  -  [15/Mar/2016:00:09:56 +0000] "GET /openhab.app?sitemap=demo&sitemap=demo&w=0300&poll=true&__async=true&__source=waHome HTTP/1.1" 200 92 
0:0:0:0:0:0:0:1 -  -  [15/Mar/2016:00:10:00 +0000] "GET /openhab.app?sitemap=demo&sitemap=demo&w=Home&poll=true&__async=true&__source=waHome HTTP/1.1" 200 92 
0:0:0:0:0:0:0:1 -  -  [15/Mar/2016:00:10:07 +0000] "GET /openhab.app?sitemap=demo&sitemap=demo&w=0300&poll=true&__async=true&__source=waHome HTTP/1.1" 200 92 
0:0:0:0:0:0:0:1 -  -  [15/Mar/2016:00:10:10 +0000] "GET /openhab.app?sitemap=demo&sitemap=demo&w=Home&poll=true&__async=true&__source=waHome HTTP/1.1" 200 1903 
0:0:0:0:0:0:0:1 -  -  [15/Mar/2016:00:10:17 +0000] "GET /openhab.app?sitemap=demo&sitemap=demo&w=0300&poll=true&__async=true&__source=waHome HTTP/1.1" 200 92 
0:0:0:0:0:0:0:1 -  -  [15/Mar/2016:00:10:18 +0000] "GET /openhab.app?sitemap=demo&sitemap=demo&w=Home&poll=true&__async=true&__source=waHome HTTP/1.1" 200 92 
0:0:0:0:0:0:0:1 -  -  [15/Mar/2016:00:10:28 +0000] "GET /openhab.app?sitemap=demo&sitemap=demo&w=0300&poll=true&__async=true&__source=waHome HTTP/1.1" 200 92 
0:0:0:0:0:0:0:1 -  -  [15/Mar/2016:00:10:28 +0000] "GET /openhab.app?sitemap=demo&sitemap=demo&w=Home&poll=true&__async=true&__source=waHome HTTP/1.1" 200 92 
0:0:0:0:0:0:0:1 -  -  [15/Mar/2016:00:10:38 +0000] "GET /openhab.app?sitemap=demo&sitemap=demo&w=0300&poll=true&__async=true&__source=waHome HTTP/1.1" 200 92 
0:0:0:0:0:0:0:1 -  -  [15/Mar/2016:00:10:39 +0000] "GET /openhab.app?sitemap=demo&sitemap=demo&w=Home&poll=true&__async=true&__source=waHome HTTP/1.1" 200 92 
0:0:0:0:0:0:0:1 -  -  [15/Mar/2016:00:10:49 +0000] "GET /openhab.app?sitemap=demo&sitemap=demo&w=0300&poll=true&__async=true&__source=waHome HTTP/1.1" 200 92 
0:0:0:0:0:0:0:1 -  -  [15/Mar/2016:00:10:49 +0000] "GET /openhab.app?sitemap=demo&sitemap=demo&w=Home&poll=true&__async=true&__source=waHome HTTP/1.1" 200 92 
0:0:0:0:0:0:0:1 -  -  [15/Mar/2016:00:10:59 +0000] "GET /openhab.app?sitemap=demo&sitemap=demo&w=0300&poll=true&__async=true&__source=waHome HTTP/1.1" 200 92 
0:0:0:0:0:0:0:1 -  -  [15/Mar/2016:00:11:00 +0000] "GET /openhab.app?sitemap=demo&sitemap=demo&w=Home&poll=true&__async=true&__source=waHome HTTP/1.1" 200 92 
0:0:0:0:0:0:0:1 -  -  [15/Mar/2016:00:11:10 +0000] "GET /openhab.app?sitemap=demo&sitemap=demo&w=Home&poll=true&__async=true&__source=waHome HTTP/1.1" 200 1903 
0:0:0:0:0:0:0:1 -  -  [15/Mar/2016:00:11:10 +0000] "GET /openhab.app?sitemap=demo&sitemap=demo&w=0300&poll=true&__async=true&__source=waHome HTTP/1.1" 200 92 
0:0:0:0:0:0:0:1 -  -  [15/Mar/2016:00:11:19 +0000] "GET /openhab.app?sitemap=demo&sitemap=demo&w=Home&poll=true&__async=true&__source=waHome HTTP/1.1" 200 92 
0:0:0:0:0:0:0:1 -  -  [15/Mar/2016:00:11:20 +0000] "GET /openhab.app?sitemap=demo&sitemap=demo&w=0300&poll=true&__async=true&__source=waHome HTTP/1.1" 200 92 
0:0:0:0:0:0:0:1 -  -  [15/Mar/2016:00:11:29 +0000] "GET /openhab.app?sitemap=demo&sitemap=demo&w=Home&poll=true&__async=true&__source=waHome HTTP/1.1" 200 92 
0:0:0:0:0:0:0:1 -  -  [15/Mar/2016:00:11:31 +0000] "GET /openhab.app?sitemap=demo&sitemap=demo&w=0300&poll=true&__async=true&__source=waHome HTTP/1.1" 200 92 
0:0:0:0:0:0:0:1 -  -  [15/Mar/2016:00:11:40 +0000] "GET /openhab.app?sitemap=demo&sitemap=demo&w=Home&poll=true&__async=true&__source=waHome HTTP/1.1" 200 92 
0:0:0:0:0:0:0:1 -  -  [15/Mar/2016:00:11:41 +0000] "GET /openhab.app?sitemap=demo&sitemap=demo&w=0300&poll=true&__async=true&__source=waHome HTTP/1.1" 200 92 
0:0:0:0:0:0:0:1 -  -  [15/Mar/2016:00:11:50 +0000] "GET /openhab.app?sitemap=demo&sitemap=demo&w=Home&poll=true&__async=true&__source=waHome HTTP/1.1" 200 92 
0:0:0:0:0:0:0:1 -  -  [15/Mar/2016:00:11:52 +0000] "GET /openhab.app?sitemap=demo&sitemap=demo&w=0300&poll=true&__async=true&__source=waHome HTTP/1.1" 200 92 
0:0:0:0:0:0:0:1 -  -  [15/Mar/2016:00:12:01 +0000] "GET /openhab.app?sitemap=demo&sitemap=demo&w=Home&poll=true&__async=true&__source=waHome HTTP/1.1" 200 92 
0:0:0:0:0:0:0:1 -  -  [15/Mar/2016:00:12:03 +0000] "GET /openhab.app?sitemap=demo&sitemap=demo&w=0300&poll=true&__async=true&__source=waHome HTTP/1.1" 200 92 
0:0:0:0:0:0:0:1 -  -  [15/Mar/2016:00:12:11 +0000] "GET /openhab.app?sitemap=demo&sitemap=demo&w=Home&poll=true&__async=true&__source=waHome HTTP/1.1" 200 1903 
0:0:0:0:0:0:0:1 -  -  [15/Mar/2016:00:12:13 +0000] "GET /openhab.app?sitemap=demo&sitemap=demo&w=0300&poll=true&__async=true&__source=waHome HTTP/1.1" 200 92 
0:0:0:0:0:0:0:1 -  -  [15/Mar/2016:00:12:19 +0000] "GET /openhab.app?sitemap=demo&sitemap=demo&w=Home&poll=true&__async=true&__source=waHome HTTP/1.1" 200 92 
0:0:0:0:0:0:0:1 -  -  [15/Mar/2016:00:12:24 +0000] "GET /openhab.app?sitemap=demo&sitemap=demo&w=0300&poll=true&__async=true&__source=waHome HTTP/1.1" 200 92 
0:0:0:0:0:0:0:1 -  -  [15/Mar/2016:00:12:30 +0000] "GET /openhab.app?sitemap=demo&sitemap=demo&w=Home&poll=true&__async=true&__source=waHome HTTP/1.1" 200 92 
0:0:0:0:0:0:0:1 -  -  [15/Mar/2016:00:12:34 +0000] "GET /openhab.app?sitemap=demo&sitemap=demo&w=0300&poll=true&__async=true&__source=waHome HTTP/1.1" 200 92 
0:0:0:0:0:0:0:1 -  -  [15/Mar/2016:00:12:40 +0000] "GET /openhab.app?sitemap=demo&sitemap=demo&w=Home&poll=true&__async=true&__source=waHome HTTP/1.1" 200 92 
0:0:0:0:0:0:0:1 -  -  [15/Mar/2016:00:12:45 +0000] "GET /openhab.app?sitemap=demo&sitemap=demo&w=0300&poll=true&__async=true&__source=waHome HTTP/1.1" 200 92 
0:0:0:0:0:0:0:1 -  -  [15/Mar/2016:00:12:51 +0000] "GET /openhab.app?sitemap=demo&sitemap=demo&w=Home&poll=true&__async=true&__source=waHome HTTP/1.1" 200 92 
0:0:0:0:0:0:0:1 -  -  [15/Mar/2016:00:12:55 +0000] "GET /openhab.app?sitemap=demo&sitemap=demo&w=0300&poll=true&__async=true&__source=waHome HTTP/1.1" 200 92 
0:0:0:0:0:0:0:1 -  -  [15/Mar/2016:00:13:01 +0000] "GET /openhab.app?sitemap=demo&sitemap=demo&w=Home&poll=true&__async=true&__source=waHome HTTP/1.1" 200 92 
0:0:0:0:0:0:0:1 -  -  [15/Mar/2016:00:13:06 +0000] "GET /openhab.app?sitemap=demo&sitemap=demo&w=0300&poll=true&__async=true&__source=waHome HTTP/1.1" 200 92 
0:0:0:0:0:0:0:1 -  -  [15/Mar/2016:00:13:12 +0000] "GET /openhab.app?sitemap=demo&sitemap=demo&w=Home&poll=true&__async=true&__source=waHome HTTP/1.1" 200 1903 
0:0:0:0:0:0:0:1 -  -  [15/Mar/2016:00:13:16 +0000] "GET /openhab.app?sitemap=demo&sitemap=demo&w=0300&poll=true&__async=true&__source=waHome HTTP/1.1" 200 92 
0:0:0:0:0:0:0:1 -  -  [15/Mar/2016:00:13:20 +0000] "GET /openhab.app?sitemap=demo&sitemap=demo&w=Home&poll=true&__async=true&__source=waHome HTTP/1.1" 200 92 
0:0:0:0:0:0:0:1 -  -  [15/Mar/2016:00:13:30 +0000] "GET /openhab.app?sitemap=demo&sitemap=demo&w=Home&poll=true&__async=true&__source=waHome HTTP/1.1" 200 92 
0:0:0:0:0:0:0:1 -  -  [15/Mar/2016:00:13:28 +0000] "GET /openhab.app?sitemap=demo&sitemap=demo&w=0300&poll=true&__async=true&__source=waHome HTTP/1.1" 200 92 
0:0:0:0:0:0:0:1 -  -  [15/Mar/2016:00:13:41 +0000] "GET /openhab.app?sitemap=demo&sitemap=demo&w=Home&poll=true&__async=true&__source=waHome HTTP/1.1" 200 92 
0:0:0:0:0:0:0:1 -  -  [15/Mar/2016:00:13:41 +0000] "GET /openhab.app?sitemap=demo&sitemap=demo&w=0300&poll=true&__async=true&__source=waHome HTTP/1.1" 200 92 
0:0:0:0:0:0:0:1 -  -  [15/Mar/2016:00:13:52 +0000] "GET /openhab.app?sitemap=demo&sitemap=demo&w=Home&poll=true&__async=true&__source=waHome HTTP/1.1" 200 92 
0:0:0:0:0:0:0:1 -  -  [15/Mar/2016:00:13:52 +0000] "GET /openhab.app?sitemap=demo&sitemap=demo&w=0300&poll=true&__async=true&__source=waHome HTTP/1.1" 200 92 
0:0:0:0:0:0:0:1 -  -  [15/Mar/2016:00:14:09 +0000] "GET /openhab.app?sitemap=demo HTTP/1.1" 200 11033 
0:0:0:0:0:0:0:1 -  -  [15/Mar/2016:00:14:10 +0000] "GET /classicui/WebApp/Design/Render.css HTTP/1.1" 304 0 
0:0:0:0:0:0:0:1 -  -  [15/Mar/2016:00:14:10 +0000] "GET /classicui/WebApp/Design/Firefox.css HTTP/1.1" 304 0 
0:0:0:0:0:0:0:1 -  -  [15/Mar/2016:00:14:10 +0000] "GET /classicui/WebApp/Design/openHAB.css HTTP/1.1" 304 0 
0:0:0:0:0:0:0:1 -  -  [15/Mar/2016:00:14:10 +0000] "GET /classicui/WebApp/Design/RenderRTL.css HTTP/1.1" 304 0 
0:0:0:0:0:0:0:1 -  -  [15/Mar/2016:00:14:10 +0000] "GET /classicui/jquery.miniColors.css HTTP/1.1" 304 0 
0:0:0:0:0:0:0:1 -  -  [15/Mar/2016:00:14:10 +0000] "GET /classicui/WebApp/Action/Logic.min.js HTTP/1.1" 304 0 
0:0:0:0:0:0:0:1 -  -  [15/Mar/2016:00:14:10 +0000] "GET /classicui/jquery.min.js HTTP/1.1" 304 0 
0:0:0:0:0:0:0:1 -  -  [15/Mar/2016:00:14:10 +0000] "GET /classicui/jquery.miniColors.js HTTP/1.1" 304 0 
0:0:0:0:0:0:0:1 -  -  [15/Mar/2016:00:14:10 +0000] "GET /images/firstfloor.png HTTP/1.1" 304 0 
0:0:0:0:0:0:0:1 -  -  [15/Mar/2016:00:14:10 +0000] "GET /images/cellar.png HTTP/1.1" 304 0 
0:0:0:0:0:0:0:1 -  -  [15/Mar/2016:00:14:10 +0000] "GET /images/groundfloor.png HTTP/1.1" 304 0 
0:0:0:0:0:0:0:1 -  -  [15/Mar/2016:00:14:10 +0000] "GET /images/temperature.png HTTP/1.1" 304 0 
0:0:0:0:0:0:0:1 -  -  [15/Mar/2016:00:14:10 +0000] "GET /images/garden.png HTTP/1.1" 304 0 
0:0:0:0:0:0:0:1 -  -  [15/Mar/2016:00:14:10 +0000] "GET /images/calendar.png HTTP/1.1" 304 0 
0:0:0:0:0:0:0:1 -  -  [15/Mar/2016:00:14:10 +0000] "GET /images/chart.png HTTP/1.1" 304 0 
0:0:0:0:0:0:0:1 -  -  [15/Mar/2016:00:14:10 +0000] "GET /images/video.png HTTP/1.1" 304 0 
0:0:0:0:0:0:0:1 -  -  [15/Mar/2016:00:14:10 +0000] "GET /images/none.png HTTP/1.1" 304 0 
0:0:0:0:0:0:0:1 -  -  [15/Mar/2016:00:14:11 +0000] "GET /classicui/WebApp/Design/Img/bg.png HTTP/1.1" 304 0 
0:0:0:0:0:0:0:1 -  -  [15/Mar/2016:00:14:11 +0000] "GET /classicui/WebApp/Design/Img/select.png HTTP/1.1" 304 0 
0:0:0:0:0:0:0:1 -  -  [15/Mar/2016:00:14:11 +0000] "GET /classicui/WebApp/Design/Img/loader-white-100x12x1.png HTTP/1.1" 304 0 
0:0:0:0:0:0:0:1 -  -  [15/Mar/2016:00:14:11 +0000] "GET /classicui/WebApp/Design/Img/loader-white-100x12x2.png HTTP/1.1" 304 0 
0:0:0:0:0:0:0:1 -  -  [15/Mar/2016:00:14:11 +0000] "GET /classicui/WebApp/Design/Img/loader-white-100x12x3.png HTTP/1.1" 304 0 
0:0:0:0:0:0:0:1 -  -  [15/Mar/2016:00:14:11 +0000] "GET /classicui/WebApp/Design/Img/loader-white-100x12x4.png HTTP/1.1" 304 0 
0:0:0:0:0:0:0:1 -  -  [15/Mar/2016:00:14:11 +0000] "GET /classicui/WebApp/Design/Img/loader-white-100x12x5.png HTTP/1.1" 304 0 
0:0:0:0:0:0:0:1 -  -  [15/Mar/2016:00:14:11 +0000] "GET /classicui/WebApp/Design/Img/loader-white-100x12x6.png HTTP/1.1" 304 0 
0:0:0:0:0:0:0:1 -  -  [15/Mar/2016:00:14:11 +0000] "GET /classicui/WebApp/Design/Img/loader-white-100x12x7.png HTTP/1.1" 304 0 
0:0:0:0:0:0:0:1 -  -  [15/Mar/2016:00:14:11 +0000] "GET /classicui/WebApp/Design/Img/loader-white-100x12x8.png HTTP/1.1" 304 0 
0:0:0:0:0:0:0:1 -  -  [15/Mar/2016:00:14:11 +0000] "GET /classicui/WebApp/Design/Img/loader-white-100x12x9.png HTTP/1.1" 304 0 
0:0:0:0:0:0:0:1 -  -  [15/Mar/2016:00:14:11 +0000] "GET /classicui/WebApp/Design/Img/loader-white-100x12x10.png HTTP/1.1" 304 0 
0:0:0:0:0:0:0:1 -  -  [15/Mar/2016:00:14:11 +0000] "GET /classicui/WebApp/Design/Img/loader-white-100x12x11.png HTTP/1.1" 304 0 
0:0:0:0:0:0:0:1 -  -  [15/Mar/2016:00:14:11 +0000] "GET /classicui/WebApp/Design/Img/bg-head.png HTTP/1.1" 304 0 
0:0:0:0:0:0:0:1 -  -  [15/Mar/2016:00:14:11 +0000] "GET /classicui/WebApp/Design/Img/loader-gray-100x12x3.png HTTP/1.1" 304 0 
0:0:0:0:0:0:0:1 -  -  [15/Mar/2016:00:14:11 +0000] "GET /classicui/WebApp/Design/Img/loader-big-white-100x12x1.png HTTP/1.1" 304 0 
0:0:0:0:0:0:0:1 -  -  [15/Mar/2016:00:14:11 +0000] "GET /classicui/WebApp/Design/Img/loader-gray-100x12x5.png HTTP/1.1" 304 0 
0:0:0:0:0:0:0:1 -  -  [15/Mar/2016:00:14:11 +0000] "GET /classicui/WebApp/Design/Img/check-sel.png HTTP/1.1" 304 0 
0:0:0:0:0:0:0:1 -  -  [15/Mar/2016:00:14:11 +0000] "GET /classicui/WebApp/Design/Img/loader-big-white-100x12x12.png HTTP/1.1" 304 0 
0:0:0:0:0:0:0:1 -  -  [15/Mar/2016:00:14:11 +0000] "GET /classicui/WebApp/Design/Img/loader-big-white-100x12x9.png HTTP/1.1" 304 0 
0:0:0:0:0:0:0:1 -  -  [15/Mar/2016:00:14:11 +0000] "GET /classicui/WebApp/Design/Img/chevron-select.png HTTP/1.1" 304 0 
0:0:0:0:0:0:0:1 -  -  [15/Mar/2016:00:14:11 +0000] "GET /classicui/WebApp/Design/Img/loader-big-white-100x12x6.png HTTP/1.1" 304 0 
0:0:0:0:0:0:0:1 -  -  [15/Mar/2016:00:14:11 +0000] "GET /classicui/WebApp/Design/Img/loader-gray-100x12x11.png HTTP/1.1" 304 0 
0:0:0:0:0:0:0:1 -  -  [15/Mar/2016:00:14:11 +0000] "GET /classicui/WebApp/Design/Img/loader-big-white-100x12x4.png HTTP/1.1" 304 0 
0:0:0:0:0:0:0:1 -  -  [15/Mar/2016:00:14:11 +0000] "GET /classicui/WebApp/Design/Img/button-simple-touch.png HTTP/1.1" 304 0 
0:0:0:0:0:0:0:1 -  -  [15/Mar/2016:00:14:11 +0000] "GET /classicui/WebApp/Design/Img/loader-big-white-100x12x5.png HTTP/1.1" 304 0 
0:0:0:0:0:0:0:1 -  -  [15/Mar/2016:00:14:11 +0000] "GET /classicui/WebApp/Design/Img/loader-gray-100x12x2.png HTTP/1.1" 304 0 
0:0:0:0:0:0:0:1 -  -  [15/Mar/2016:00:14:11 +0000] "GET /classicui/WebApp/Design/Img/loader-gray-100x12x1.png HTTP/1.1" 304 0 
0:0:0:0:0:0:0:1 -  -  [15/Mar/2016:00:14:11 +0000] "GET /classicui/WebApp/Design/Img/loader-big-white-100x12x10.png HTTP/1.1" 304 0 
0:0:0:0:0:0:0:1 -  -  [15/Mar/2016:00:14:11 +0000] "GET /classicui/WebApp/Design/Img/button-back-touch.png HTTP/1.1" 304 0 
0:0:0:0:0:0:0:1 -  -  [15/Mar/2016:00:14:11 +0000] "GET /classicui/WebApp/Design/Img/loader-big-white-100x12x2.png HTTP/1.1" 304 0 
0:0:0:0:0:0:0:1 -  -  [15/Mar/2016:00:14:11 +0000] "GET /classicui/WebApp/Design/Img/loader-white-100x12x12.png HTTP/1.1" 304 0 
0:0:0:0:0:0:0:1 -  -  [15/Mar/2016:00:14:11 +0000] "GET /classicui/WebApp/Design/Img/loader-gray-100x12x6.png HTTP/1.1" 304 0 
0:0:0:0:0:0:0:1 -  -  [15/Mar/2016:00:14:11 +0000] "GET /classicui/WebApp/Design/Img/loader-gray-100x12x7.png HTTP/1.1" 304 0 
0:0:0:0:0:0:0:1 -  -  [15/Mar/2016:00:14:11 +0000] "GET /classicui/WebApp/Design/Img/loader-big-white-100x12x3.png HTTP/1.1" 304 0 
0:0:0:0:0:0:0:1 -  -  [15/Mar/2016:00:14:12 +0000] "GET /classicui/WebApp/Design/Img/loader-big-white-100x12x7.png HTTP/1.1" 304 0 
0:0:0:0:0:0:0:1 -  -  [15/Mar/2016:00:14:12 +0000] "GET /classicui/WebApp/Design/Img/loader-gray-100x12x9.png HTTP/1.1" 304 0 
0:0:0:0:0:0:0:1 -  -  [15/Mar/2016:00:14:12 +0000] "GET /classicui/WebApp/Design/Img/loader-big-white-100x12x11.png HTTP/1.1" 304 0 
0:0:0:0:0:0:0:1 -  -  [15/Mar/2016:00:14:12 +0000] "GET /classicui/WebApp/Design/Img/loader-gray-100x12x10.png HTTP/1.1" 304 0 
0:0:0:0:0:0:0:1 -  -  [15/Mar/2016:00:14:12 +0000] "GET /classicui/WebApp/Design/Img/loader-gray-100x12x8.png HTTP/1.1" 304 0 
0:0:0:0:0:0:0:1 -  -  [15/Mar/2016:00:14:12 +0000] "GET /classicui/WebApp/Design/Img/loader-big-white-100x12x8.png HTTP/1.1" 304 0 
0:0:0:0:0:0:0:1 -  -  [15/Mar/2016:00:14:12 +0000] "GET /classicui/WebApp/Design/Img/loader-gray-100x12x4.png HTTP/1.1" 304 0 
0:0:0:0:0:0:0:1 -  -  [15/Mar/2016:00:14:12 +0000] "GET /classicui/WebApp/Design/Img/loader-gray-100x12x12.png HTTP/1.1" 304 0 
0:0:0:0:0:0:0:1 -  -  [15/Mar/2016:00:14:12 +0000] "GET /classicui/WebApp/Design/Img/button-back.png HTTP/1.1" 304 0 
0:0:0:0:0:0:0:1 -  -  [15/Mar/2016:00:14:12 +0000] "GET /classicui/WebApp/Design/Img/button-simple.png HTTP/1.1" 304 0 
0:0:0:0:0:0:0:1 -  -  [15/Mar/2016:00:14:12 +0000] "GET /classicui/WebApp/Design/Img/chevron.png HTTP/1.1" 304 0 
0:0:0:0:0:0:0:1 -  -  [15/Mar/2016:00:14:12 +0000] "GET /classicui/jquery.minicolors.png HTTP/1.1" 304 0 
0:0:0:0:0:0:0:1 -  -  [15/Mar/2016:00:14:02 +0000] "GET /openhab.app?sitemap=demo&sitemap=demo&w=Home&poll=true&__async=true&__source=waHome HTTP/1.1" 200 92 
0:0:0:0:0:0:0:1 -  -  [15/Mar/2016:00:14:02 +0000] "GET /openhab.app?sitemap=demo&sitemap=demo&w=0300&poll=true&__async=true&__source=waHome HTTP/1.1" 200 92 
0:0:0:0:0:0:0:1 -  -  [15/Mar/2016:00:14:13 +0000] "GET /openhab.app?sitemap=demo&poll=true&__async=true&__source=waHome HTTP/1.1" 200 1903 
0:0:0:0:0:0:0:1 -  -  [15/Mar/2016:00:14:13 +0000] "GET /openhab.app?sitemap=demo&sitemap=demo&w=Home&poll=true&__async=true&__source=waHome HTTP/1.1" 200 1903 
0:0:0:0:0:0:0:1 -  -  [15/Mar/2016:00:14:13 +0000] "GET /openhab.app?sitemap=demo&sitemap=demo&w=0300&poll=true&__async=true&__source=waHome HTTP/1.1" 200 92 
0:0:0:0:0:0:0:1 -  -  [15/Mar/2016:00:14:20 +0000] "GET /openhab.app?sitemap=demo&sitemap=demo&w=Home&poll=true&__async=true&__source=waHome HTTP/1.1" 200 92 
0:0:0:0:0:0:0:1 -  -  [15/Mar/2016:00:14:20 +0000] "GET /openhab.app?sitemap=demo&poll=true&__async=true&__source=waHome HTTP/1.1" 200 92 
0:0:0:0:0:0:0:1 -  -  [15/Mar/2016:00:14:23 +0000] "GET /openhab.app?sitemap=demo&sitemap=demo&w=0300&poll=true&__async=true&__source=waHome HTTP/1.1" 200 92 
0:0:0:0:0:0:0:1 -  -  [15/Mar/2016:00:14:31 +0000] "GET /openhab.app?sitemap=demo&sitemap=demo&w=Home&poll=true&__async=true&__source=waHome HTTP/1.1" 200 92 
0:0:0:0:0:0:0:1 -  -  [15/Mar/2016:00:14:31 +0000] "GET /openhab.app?sitemap=demo&poll=true&__async=true&__source=waHome HTTP/1.1" 200 92 
0:0:0:0:0:0:0:1 -  -  [15/Mar/2016:00:14:34 +0000] "GET /openhab.app?sitemap=demo&sitemap=demo&w=0300&poll=true&__async=true&__source=waHome HTTP/1.1" 200 92 
0:0:0:0:0:0:0:1 -  -  [15/Mar/2016:00:14:42 +0000] "GET /openhab.app?sitemap=demo&sitemap=demo&w=Home&poll=true&__async=true&__source=waHome HTTP/1.1" 200 92 
0:0:0:0:0:0:0:1 -  -  [15/Mar/2016:00:14:42 +0000] "GET /openhab.app?sitemap=demo&poll=true&__async=true&__source=waHome HTTP/1.1" 200 92 
0:0:0:0:0:0:0:1 -  -  [15/Mar/2016:00:14:54 +0000] "GET /openhab.app?sitemap=buiten HTTP/1.1" 200 9777 
0:0:0:0:0:0:0:1 -  -  [15/Mar/2016:00:14:54 +0000] "GET /images/switch.png HTTP/1.1" 200 1467 
0:0:0:0:0:0:0:1 -  -  [15/Mar/2016:00:14:55 +0000] "GET /classicui/WebApp/Design/Img/bg-switch.png HTTP/1.1" 304 0 
0:0:0:0:0:0:0:1 -  -  [15/Mar/2016:00:14:55 +0000] "GET /classicui/WebApp/Design/Img/bg-switch-thumb.png HTTP/1.1" 304 0 
0:0:0:0:0:0:0:1 -  -  [15/Mar/2016:00:14:55 +0000] "GET /classicui/WebApp/Design/Img/form-check-text.png HTTP/1.1" 304 0 
0:0:0:0:0:0:0:1 -  -  [15/Mar/2016:00:14:44 +0000] "GET /openhab.app?sitemap=demo&sitemap=demo&w=0300&poll=true&__async=true&__source=waHome HTTP/1.1" 200 92 
0:0:0:0:0:0:0:1 -  -  [15/Mar/2016:00:14:59 +0000] "GET /CMD?BuitenScene=TOGGLE&__async=true&__source=waHome HTTP/1.1" 200 13 
0:0:0:0:0:0:0:1 -  -  [15/Mar/2016:00:14:59 +0000] "GET /classicui/WebApp/Design/Img/form-check-texton.png HTTP/1.1" 304 0 
0:0:0:0:0:0:0:1 -  -  [15/Mar/2016:00:15:00 +0000] "GET /CMD?BuitenScene=TOGGLE&__async=true&__source=waHome HTTP/1.1" 200 13 
0:0:0:0:0:0:0:1 -  -  [15/Mar/2016:00:15:02 +0000] "GET /CMD?BuitenScene=TOGGLE&__async=true&__source=waHome HTTP/1.1" 200 13 
0:0:0:0:0:0:0:1 -  -  [15/Mar/2016:00:14:52 +0000] "GET /openhab.app?sitemap=demo&sitemap=demo&w=Home&poll=true&__async=true&__source=waHome HTTP/1.1" 200 92 
0:0:0:0:0:0:0:1 -  -  [15/Mar/2016:00:14:52 +0000] "GET /openhab.app?sitemap=demo&poll=true&__async=true&__source=waHome HTTP/1.1" 200 92 
0:0:0:0:0:0:0:1 -  -  [15/Mar/2016:00:14:55 +0000] "GET /openhab.app?sitemap=demo&sitemap=demo&w=0300&poll=true&__async=true&__source=waHome HTTP/1.1" 200 92 
0:0:0:0:0:0:0:1 -  -  [15/Mar/2016:00:14:56 +0000] "GET /openhab.app?sitemap=buiten&poll=true&__async=true&__source=waHome HTTP/1.1" 200 92 
0:0:0:0:0:0:0:1 -  -  [15/Mar/2016:00:15:03 +0000] "GET /openhab.app?sitemap=demo&sitemap=demo&w=Home&poll=true&__async=true&__source=waHome HTTP/1.1" 200 92 
0:0:0:0:0:0:0:1 -  -  [15/Mar/2016:00:15:06 +0000] "GET /openhab.app?sitemap=demo&sitemap=demo&w=0300&poll=true&__async=true&__source=waHome HTTP/1.1" 200 92 
0:0:0:0:0:0:0:1 -  -  [15/Mar/2016:00:15:07 +0000] "GET /openhab.app?sitemap=buiten&poll=true&__async=true&__source=waHome HTTP/1.1" 200 92 
0:0:0:0:0:0:0:1 -  -  [15/Mar/2016:00:15:13 +0000] "GET /openhab.app?sitemap=demo&sitemap=demo&w=Home&poll=true&__async=true&__source=waHome HTTP/1.1" 200 1903 
0:0:0:0:0:0:0:1 -  -  [15/Mar/2016:00:15:16 +0000] "GET /openhab.app?sitemap=demo&sitemap=demo&w=0300&poll=true&__async=true&__source=waHome HTTP/1.1" 200 92 
0:0:0:0:0:0:0:1 -  -  [15/Mar/2016:00:15:17 +0000] "GET /openhab.app?sitemap=buiten&poll=true&__async=true&__source=waHome HTTP/1.1" 200 92 
0:0:0:0:0:0:0:1 -  -  [15/Mar/2016:00:15:21 +0000] "GET /openhab.app?sitemap=demo&sitemap=demo&w=Home&poll=true&__async=true&__source=waHome HTTP/1.1" 200 92 
0:0:0:0:0:0:0:1 -  -  [15/Mar/2016:00:15:27 +0000] "GET /openhab.app?sitemap=demo&sitemap=demo&w=0300&poll=true&__async=true&__source=waHome HTTP/1.1" 200 92 
0:0:0:0:0:0:0:1 -  -  [15/Mar/2016:00:15:28 +0000] "GET /openhab.app?sitemap=buiten&poll=true&__async=true&__source=waHome HTTP/1.1" 200 92 
0:0:0:0:0:0:0:1 -  -  [15/Mar/2016:00:15:31 +0000] "GET /openhab.app?sitemap=demo&sitemap=demo&w=Home&poll=true&__async=true&__source=waHome HTTP/1.1" 200 92 
0:0:0:0:0:0:0:1 -  -  [15/Mar/2016:00:15:37 +0000] "GET /openhab.app?sitemap=demo&sitemap=demo&w=0300&poll=true&__async=true&__source=waHome HTTP/1.1" 200 92 
0:0:0:0:0:0:0:1 -  -  [15/Mar/2016:00:15:38 +0000] "GET /openhab.app?sitemap=buiten&poll=true&__async=true&__source=waHome HTTP/1.1" 200 92 
0:0:0:0:0:0:0:1 -  -  [15/Mar/2016:00:15:42 +0000] "GET /openhab.app?sitemap=demo&sitemap=demo&w=Home&poll=true&__async=true&__source=waHome HTTP/1.1" 200 92 
0:0:0:0:0:0:0:1 -  -  [15/Mar/2016:00:15:48 +0000] "GET /openhab.app?sitemap=demo&sitemap=demo&w=0300&poll=true&__async=true&__source=waHome HTTP/1.1" 200 92 
0:0:0:0:0:0:0:1 -  -  [15/Mar/2016:00:15:49 +0000] "GET /openhab.app?sitemap=buiten&poll=true&__async=true&__source=waHome HTTP/1.1" 200 92 
0:0:0:0:0:0:0:1 -  -  [15/Mar/2016:00:15:52 +0000] "GET /openhab.app?sitemap=demo&sitemap=demo&w=Home&poll=true&__async=true&__source=waHome HTTP/1.1" 200 92 
0:0:0:0:0:0:0:1 -  -  [15/Mar/2016:00:15:58 +0000] "GET /openhab.app?sitemap=demo&sitemap=demo&w=0300&poll=true&__async=true&__source=waHome HTTP/1.1" 200 92 
0:0:0:0:0:0:0:1 -  -  [15/Mar/2016:00:15:59 +0000] "GET /openhab.app?sitemap=buiten&poll=true&__async=true&__source=waHome HTTP/1.1" 200 92 
0:0:0:0:0:0:0:1 -  -  [15/Mar/2016:00:16:03 +0000] "GET /openhab.app?sitemap=demo&sitemap=demo&w=Home&poll=true&__async=true&__source=waHome HTTP/1.1" 200 92 
0:0:0:0:0:0:0:1 -  -  [15/Mar/2016:00:16:09 +0000] "GET /openhab.app?sitemap=demo&sitemap=demo&w=0300&poll=true&__async=true&__source=waHome HTTP/1.1" 200 92 
192.168.1.118 -  -  [15/Mar/2016:00:16:20 +0000] "GET /openhab.app?sitemap=buiten HTTP/1.1" 200 9777 
192.168.1.118 -  -  [15/Mar/2016:00:16:20 +0000] "GET /classicui/WebApp/Design/Render.css HTTP/1.1" 200 18160 
192.168.1.118 -  -  [15/Mar/2016:00:16:20 +0000] "GET /classicui/WebApp/Action/Logic.min.js HTTP/1.1" 200 28412 
192.168.1.118 -  -  [15/Mar/2016:00:16:20 +0000] "GET /classicui/WebApp/Design/openHAB.css HTTP/1.1" 200 101 
192.168.1.118 -  -  [15/Mar/2016:00:16:20 +0000] "GET /classicui/WebApp/Design/RenderRTL.css HTTP/1.1" 200 2903 
192.168.1.118 -  -  [15/Mar/2016:00:16:20 +0000] "GET /classicui/jquery.miniColors.css HTTP/1.1" 200 3525 
192.168.1.118 -  -  [15/Mar/2016:00:16:20 +0000] "GET /classicui/WebApp/Design/Firefox.css HTTP/1.1" 200 3594 
192.168.1.118 -  -  [15/Mar/2016:00:16:20 +0000] "GET /classicui/jquery.miniColors.js HTTP/1.1" 200 20436 
192.168.1.118 -  -  [15/Mar/2016:00:16:20 +0000] "GET /images/switch.png HTTP/1.1" 200 1467 
192.168.1.118 -  -  [15/Mar/2016:00:16:20 +0000] "GET /images/none.png HTTP/1.1" 200 132 
192.168.1.118 -  -  [15/Mar/2016:00:16:20 +0000] "GET /classicui/jquery.min.js HTTP/1.1" 200 93637 
192.168.1.118 -  -  [15/Mar/2016:00:16:20 +0000] "GET /classicui/WebApp/Design/Img/bg.png HTTP/1.1" 200 115 
192.168.1.118 -  -  [15/Mar/2016:00:16:20 +0000] "GET /classicui/WebApp/Design/Img/loader-white-100x12x2.png HTTP/1.1" 200 621 
192.168.1.118 -  -  [15/Mar/2016:00:16:20 +0000] "GET /classicui/WebApp/Design/Img/select.png HTTP/1.1" 200 135 
192.168.1.118 -  -  [15/Mar/2016:00:16:20 +0000] "GET /classicui/WebApp/Design/Img/loader-white-100x12x1.png HTTP/1.1" 200 608 
192.168.1.118 -  -  [15/Mar/2016:00:16:20 +0000] "GET /classicui/WebApp/Design/Img/loader-white-100x12x3.png HTTP/1.1" 200 615 
192.168.1.118 -  -  [15/Mar/2016:00:16:20 +0000] "GET /classicui/WebApp/Design/Img/loader-white-100x12x4.png HTTP/1.1" 200 615 
192.168.1.118 -  -  [15/Mar/2016:00:16:20 +0000] "GET /classicui/WebApp/Design/Img/loader-white-100x12x5.png HTTP/1.1" 200 608 
192.168.1.118 -  -  [15/Mar/2016:00:16:20 +0000] "GET /classicui/WebApp/Design/Img/loader-white-100x12x6.png HTTP/1.1" 200 601 
0:0:0:0:0:0:0:1 -  -  [15/Mar/2016:00:16:10 +0000] "GET /openhab.app?sitemap=buiten&poll=true&__async=true&__source=waHome HTTP/1.1" 200 92 
192.168.1.118 -  -  [15/Mar/2016:00:16:20 +0000] "GET /classicui/WebApp/Design/Img/loader-white-100x12x7.png HTTP/1.1" 200 607 
192.168.1.118 -  -  [15/Mar/2016:00:16:20 +0000] "GET /classicui/WebApp/Design/Img/loader-white-100x12x8.png HTTP/1.1" 200 616 
192.168.1.118 -  -  [15/Mar/2016:00:16:20 +0000] "GET /classicui/WebApp/Design/Img/loader-white-100x12x9.png HTTP/1.1" 200 604 
192.168.1.118 -  -  [15/Mar/2016:00:16:20 +0000] "GET /classicui/WebApp/Design/Img/loader-white-100x12x10.png HTTP/1.1" 200 608 
192.168.1.118 -  -  [15/Mar/2016:00:16:20 +0000] "GET /classicui/WebApp/Design/Img/loader-white-100x12x11.png HTTP/1.1" 200 606 
192.168.1.118 -  -  [15/Mar/2016:00:16:20 +0000] "GET /classicui/WebApp/Design/Img/loader-gray-100x12x2.png HTTP/1.1" 200 693 
192.168.1.118 -  -  [15/Mar/2016:00:16:20 +0000] "GET /classicui/WebApp/Design/Img/loader-white-100x12x12.png HTTP/1.1" 200 616 
192.168.1.118 -  -  [15/Mar/2016:00:16:20 +0000] "GET /classicui/WebApp/Design/Img/bg-head.png HTTP/1.1" 200 152 
192.168.1.118 -  -  [15/Mar/2016:00:16:20 +0000] "GET /classicui/WebApp/Design/Img/check-sel.png HTTP/1.1" 200 290 
192.168.1.118 -  -  [15/Mar/2016:00:16:20 +0000] "GET /classicui/WebApp/Design/Img/loader-gray-100x12x4.png HTTP/1.1" 200 689 
192.168.1.118 -  -  [15/Mar/2016:00:16:20 +0000] "GET /classicui/WebApp/Design/Img/loader-gray-100x12x10.png HTTP/1.1" 200 692 
192.168.1.118 -  -  [15/Mar/2016:00:16:20 +0000] "GET /classicui/WebApp/Design/Img/loader-gray-100x12x6.png HTTP/1.1" 200 689 
192.168.1.118 -  -  [15/Mar/2016:00:16:20 +0000] "GET /classicui/WebApp/Design/Img/loader-gray-100x12x1.png HTTP/1.1" 200 701 
192.168.1.118 -  -  [15/Mar/2016:00:16:20 +0000] "GET /classicui/WebApp/Design/Img/loader-big-white-100x12x8.png HTTP/1.1" 200 1897 
192.168.1.118 -  -  [15/Mar/2016:00:16:20 +0000] "GET /classicui/WebApp/Design/Img/loader-big-white-100x12x11.png HTTP/1.1" 200 1889 
192.168.1.118 -  -  [15/Mar/2016:00:16:20 +0000] "GET /classicui/WebApp/Design/Img/loader-big-white-100x12x2.png HTTP/1.1" 200 1870 
192.168.1.118 -  -  [15/Mar/2016:00:16:20 +0000] "GET /classicui/WebApp/Design/Img/loader-big-white-100x12x6.png HTTP/1.1" 200 1901 
192.168.1.118 -  -  [15/Mar/2016:00:16:20 +0000] "GET /classicui/WebApp/Design/Img/loader-gray-100x12x8.png HTTP/1.1" 200 688 
192.168.1.118 -  -  [15/Mar/2016:00:16:20 +0000] "GET /classicui/WebApp/Design/Img/loader-gray-100x12x12.png HTTP/1.1" 200 694 
192.168.1.118 -  -  [15/Mar/2016:00:16:20 +0000] "GET /classicui/WebApp/Design/Img/loader-gray-100x12x5.png HTTP/1.1" 200 699 
192.168.1.118 -  -  [15/Mar/2016:00:16:20 +0000] "GET /classicui/WebApp/Design/Img/loader-big-white-100x12x12.png HTTP/1.1" 200 1873 
192.168.1.118 -  -  [15/Mar/2016:00:16:20 +0000] "GET /classicui/WebApp/Design/Img/loader-big-white-100x12x9.png HTTP/1.1" 200 1876 
192.168.1.118 -  -  [15/Mar/2016:00:16:20 +0000] "GET /classicui/WebApp/Design/Img/loader-big-white-100x12x10.png HTTP/1.1" 200 1893 
192.168.1.118 -  -  [15/Mar/2016:00:16:20 +0000] "GET /classicui/WebApp/Design/Img/loader-big-white-100x12x7.png HTTP/1.1" 200 1859 
192.168.1.118 -  -  [15/Mar/2016:00:16:20 +0000] "GET /classicui/WebApp/Design/Img/loader-big-white-100x12x4.png HTTP/1.1" 200 1923 
192.168.1.118 -  -  [15/Mar/2016:00:16:20 +0000] "GET /classicui/WebApp/Design/Img/loader-gray-100x12x3.png HTTP/1.1" 200 700 
192.168.1.118 -  -  [15/Mar/2016:00:16:21 +0000] "GET /classicui/WebApp/Design/Img/chevron-select.png HTTP/1.1" 200 196 
192.168.1.118 -  -  [15/Mar/2016:00:16:21 +0000] "GET /classicui/WebApp/Design/Img/button-back-touch.png HTTP/1.1" 200 932 
192.168.1.118 -  -  [15/Mar/2016:00:16:21 +0000] "GET /classicui/WebApp/Design/Img/button-simple-touch.png HTTP/1.1" 200 665 
192.168.1.118 -  -  [15/Mar/2016:00:16:21 +0000] "GET /classicui/WebApp/Design/Img/loader-big-white-100x12x5.png HTTP/1.1" 200 1914 
192.168.1.118 -  -  [15/Mar/2016:00:16:21 +0000] "GET /classicui/WebApp/Design/Img/loader-gray-100x12x11.png HTTP/1.1" 200 688 
192.168.1.118 -  -  [15/Mar/2016:00:16:21 +0000] "GET /classicui/WebApp/Design/Img/loader-gray-100x12x9.png HTTP/1.1" 200 692 
192.168.1.118 -  -  [15/Mar/2016:00:16:21 +0000] "GET /classicui/WebApp/Design/Img/loader-gray-100x12x7.png HTTP/1.1" 200 689 
192.168.1.118 -  -  [15/Mar/2016:00:16:21 +0000] "GET /classicui/WebApp/Design/Img/loader-big-white-100x12x1.png HTTP/1.1" 200 1873 
192.168.1.118 -  -  [15/Mar/2016:00:16:21 +0000] "GET /classicui/WebApp/Design/Img/loader-big-white-100x12x3.png HTTP/1.1" 200 1849 
192.168.1.118 -  -  [15/Mar/2016:00:16:21 +0000] "GET /classicui/WebApp/Design/Img/button-back.png HTTP/1.1" 200 940 
192.168.1.118 -  -  [15/Mar/2016:00:16:21 +0000] "GET /classicui/WebApp/Design/Img/button-simple.png HTTP/1.1" 200 670 
192.168.1.118 -  -  [15/Mar/2016:00:16:21 +0000] "GET /classicui/WebApp/Design/Img/form-check-text.png HTTP/1.1" 200 122 
192.168.1.118 -  -  [15/Mar/2016:00:16:21 +0000] "GET /classicui/WebApp/Design/Img/bg-switch-thumb.png HTTP/1.1" 200 164 
192.168.1.118 -  -  [15/Mar/2016:00:16:21 +0000] "GET /classicui/WebApp/Design/Img/bg-switch.png HTTP/1.1" 200 157 
192.168.1.118 -  -  [15/Mar/2016:00:16:21 +0000] "GET /classicui/jquery.minicolors.png HTTP/1.1" 200 50867 
192.168.1.118 -  -  [15/Mar/2016:00:16:21 +0000] "GET /images/favicon.ico HTTP/1.1" 200 1150 
0:0:0:0:0:0:0:1 -  -  [15/Mar/2016:00:16:13 +0000] "GET /openhab.app?sitemap=demo&sitemap=demo&w=Home&poll=true&__async=true&__source=waHome HTTP/1.1" 200 1903 
192.168.1.118 -  -  [15/Mar/2016:00:16:22 +0000] "GET /classicui/WebApp/Design/Img/form-check-texton.png HTTP/1.1" 200 121 
192.168.1.118 -  -  [15/Mar/2016:00:16:22 +0000] "GET /CMD?BuitenScene=TOGGLE&__async=true&__source=waHome HTTP/1.1" 200 13 
0:0:0:0:0:0:0:1 -  -  [15/Mar/2016:00:16:19 +0000] "GET /openhab.app?sitemap=demo&sitemap=demo&w=0300&poll=true&__async=true&__source=waHome HTTP/1.1" 200 92 
0:0:0:0:0:0:0:1 -  -  [15/Mar/2016:00:16:20 +0000] "GET /openhab.app?sitemap=buiten&poll=true&__async=true&__source=waHome HTTP/1.1" 200 92 
0:0:0:0:0:0:0:1 -  -  [15/Mar/2016:00:16:21 +0000] "GET /openhab.app?sitemap=demo&sitemap=demo&w=Home&poll=true&__async=true&__source=waHome HTTP/1.1" 200 92 
192.168.1.118 -  -  [15/Mar/2016:00:16:22 +0000] "GET /openhab.app?sitemap=buiten&poll=true&__async=true&__source=waHome HTTP/1.1" 200 92 
0:0:0:0:0:0:0:1 -  -  [15/Mar/2016:00:16:30 +0000] "GET /openhab.app?sitemap=demo&sitemap=demo&w=0300&poll=true&__async=true&__source=waHome HTTP/1.1" 200 92 
0:0:0:0:0:0:0:1 -  -  [15/Mar/2016:00:16:31 +0000] "GET /openhab.app?sitemap=buiten&poll=true&__async=true&__source=waHome HTTP/1.1" 200 92 
0:0:0:0:0:0:0:1 -  -  [15/Mar/2016:00:16:31 +0000] "GET /openhab.app?sitemap=demo&sitemap=demo&w=Home&poll=true&__async=true&__source=waHome HTTP/1.1" 200 92 
192.168.1.118 -  -  [15/Mar/2016:00:16:33 +0000] "GET /openhab.app?sitemap=buiten&poll=true&__async=true&__source=waHome HTTP/1.1" 200 92 
0:0:0:0:0:0:0:1 -  -  [15/Mar/2016:00:16:40 +0000] "GET /openhab.app?sitemap=demo&sitemap=demo&w=0300&poll=true&__async=true&__source=waHome HTTP/1.1" 200 92 
0:0:0:0:0:0:0:1 -  -  [15/Mar/2016:00:16:42 +0000] "GET /openhab.app?sitemap=buiten&poll=true&__async=true&__source=waHome HTTP/1.1" 200 92 
0:0:0:0:0:0:0:1 -  -  [15/Mar/2016:00:16:42 +0000] "GET /openhab.app?sitemap=demo&sitemap=demo&w=Home&poll=true&__async=true&__source=waHome HTTP/1.1" 200 92 
192.168.1.118 -  -  [15/Mar/2016:00:16:43 +0000] "GET /openhab.app?sitemap=buiten&poll=true&__async=true&__source=waHome HTTP/1.1" 200 92 
0:0:0:0:0:0:0:1 -  -  [15/Mar/2016:00:16:51 +0000] "GET /openhab.app?sitemap=demo&sitemap=demo&w=0300&poll=true&__async=true&__source=waHome HTTP/1.1" 200 92 
0:0:0:0:0:0:0:1 -  -  [15/Mar/2016:00:16:52 +0000] "GET /openhab.app?sitemap=buiten&poll=true&__async=true&__source=waHome HTTP/1.1" 200 92 
0:0:0:0:0:0:0:1 -  -  [15/Mar/2016:00:16:52 +0000] "GET /openhab.app?sitemap=demo&sitemap=demo&w=Home&poll=true&__async=true&__source=waHome HTTP/1.1" 200 92 
192.168.1.118 -  -  [15/Mar/2016:00:16:54 +0000] "GET /openhab.app?sitemap=buiten&poll=true&__async=true&__source=waHome HTTP/1.1" 200 92 
0:0:0:0:0:0:0:1 -  -  [15/Mar/2016:00:17:01 +0000] "GET /openhab.app?sitemap=demo&sitemap=demo&w=0300&poll=true&__async=true&__source=waHome HTTP/1.1" 200 92 
0:0:0:0:0:0:0:1 -  -  [15/Mar/2016:00:17:03 +0000] "GET /openhab.app?sitemap=buiten&poll=true&__async=true&__source=waHome HTTP/1.1" 200 92 
0:0:0:0:0:0:0:1 -  -  [15/Mar/2016:00:17:03 +0000] "GET /openhab.app?sitemap=demo&sitemap=demo&w=Home&poll=true&__async=true&__source=waHome HTTP/1.1" 200 92 
192.168.1.118 -  -  [15/Mar/2016:00:17:04 +0000] "GET /openhab.app?sitemap=buiten&poll=true&__async=true&__source=waHome HTTP/1.1" 200 92 
0:0:0:0:0:0:0:1 -  -  [15/Mar/2016:00:17:13 +0000] "GET /openhab.app?sitemap=demo&sitemap=demo&w=Home&poll=true&__async=true&__source=waHome HTTP/1.1" 200 1903 
0:0:0:0:0:0:0:1 -  -  [15/Mar/2016:00:17:12 +0000] "GET /openhab.app?sitemap=demo&sitemap=demo&w=0300&poll=true&__async=true&__source=waHome HTTP/1.1" 200 92 
0:0:0:0:0:0:0:1 -  -  [15/Mar/2016:00:17:13 +0000] "GET /openhab.app?sitemap=buiten&poll=true&__async=true&__source=waHome HTTP/1.1" 200 92 
192.168.1.118 -  -  [15/Mar/2016:00:17:15 +0000] "GET /openhab.app?sitemap=buiten&poll=true&__async=true&__source=waHome HTTP/1.1" 200 92 
0:0:0:0:0:0:0:1 -  -  [15/Mar/2016:00:17:21 +0000] "GET /openhab.app?sitemap=demo&sitemap=demo&w=Home&poll=true&__async=true&__source=waHome HTTP/1.1" 200 92 
0:0:0:0:0:0:0:1 -  -  [15/Mar/2016:00:17:22 +0000] "GET /openhab.app?sitemap=demo&sitemap=demo&w=0300&poll=true&__async=true&__source=waHome HTTP/1.1" 200 92 
0:0:0:0:0:0:0:1 -  -  [15/Mar/2016:00:17:24 +0000] "GET /openhab.app?sitemap=buiten&poll=true&__async=true&__source=waHome HTTP/1.1" 200 92 
192.168.1.118 -  -  [15/Mar/2016:00:17:25 +0000] "GET /openhab.app?sitemap=buiten&poll=true&__async=true&__source=waHome HTTP/1.1" 200 92 
0:0:0:0:0:0:0:1 -  -  [15/Mar/2016:00:17:32 +0000] "GET /openhab.app?sitemap=demo&sitemap=demo&w=Home&poll=true&__async=true&__source=waHome HTTP/1.1" 200 92 
0:0:0:0:0:0:0:1 -  -  [15/Mar/2016:00:17:33 +0000] "GET /openhab.app?sitemap=demo&sitemap=demo&w=0300&poll=true&__async=true&__source=waHome HTTP/1.1" 200 92 
0:0:0:0:0:0:0:1 -  -  [15/Mar/2016:00:17:34 +0000] "GET /openhab.app?sitemap=buiten&poll=true&__async=true&__source=waHome HTTP/1.1" 200 92 
192.168.1.118 -  -  [15/Mar/2016:00:17:36 +0000] "GET /openhab.app?sitemap=buiten&poll=true&__async=true&__source=waHome HTTP/1.1" 200 92 
0:0:0:0:0:0:0:1 -  -  [15/Mar/2016:00:17:42 +0000] "GET /openhab.app?sitemap=demo&sitemap=demo&w=Home&poll=true&__async=true&__source=waHome HTTP/1.1" 200 92 
0:0:0:0:0:0:0:1 -  -  [15/Mar/2016:00:17:43 +0000] "GET /openhab.app?sitemap=demo&sitemap=demo&w=0300&poll=true&__async=true&__source=waHome HTTP/1.1" 200 92 
0:0:0:0:0:0:0:1 -  -  [15/Mar/2016:00:17:45 +0000] "GET /openhab.app?sitemap=buiten&poll=true&__async=true&__source=waHome HTTP/1.1" 200 92 
192.168.1.118 -  -  [15/Mar/2016:00:17:47 +0000] "GET /openhab.app?sitemap=buiten&poll=true&__async=true&__source=waHome HTTP/1.1" 200 92 
0:0:0:0:0:0:0:1 -  -  [15/Mar/2016:00:17:53 +0000] "GET /openhab.app?sitemap=demo&sitemap=demo&w=Home&poll=true&__async=true&__source=waHome HTTP/1.1" 200 92 
0:0:0:0:0:0:0:1 -  -  [15/Mar/2016:00:17:54 +0000] "GET /openhab.app?sitemap=demo&sitemap=demo&w=0300&poll=true&__async=true&__source=waHome HTTP/1.1" 200 92 
0:0:0:0:0:0:0:1 -  -  [15/Mar/2016:00:17:55 +0000] "GET /openhab.app?sitemap=buiten&poll=true&__async=true&__source=waHome HTTP/1.1" 200 92 
192.168.1.118 -  -  [15/Mar/2016:00:17:57 +0000] "GET /openhab.app?sitemap=buiten&poll=true&__async=true&__source=waHome HTTP/1.1" 200 92 
0:0:0:0:0:0:0:1 -  -  [15/Mar/2016:00:18:04 +0000] "GET /openhab.app?sitemap=demo&sitemap=demo&w=Home&poll=true&__async=true&__source=waHome HTTP/1.1" 200 92 
0:0:0:0:0:0:0:1 -  -  [15/Mar/2016:00:18:04 +0000] "GET /openhab.app?sitemap=demo&sitemap=demo&w=0300&poll=true&__async=true&__source=waHome HTTP/1.1" 200 92 
0:0:0:0:0:0:0:1 -  -  [15/Mar/2016:00:18:06 +0000] "GET /openhab.app?sitemap=buiten&poll=true&__async=true&__source=waHome HTTP/1.1" 200 92 
192.168.1.118 -  -  [15/Mar/2016:00:18:08 +0000] "GET /openhab.app?sitemap=buiten&poll=true&__async=true&__source=waHome HTTP/1.1" 200 92 
0:0:0:0:0:0:0:1 -  -  [15/Mar/2016:00:18:14 +0000] "GET /openhab.app?sitemap=demo&sitemap=demo&w=Home&poll=true&__async=true&__source=waHome HTTP/1.1" 200 1903 
0:0:0:0:0:0:0:1 -  -  [15/Mar/2016:00:18:15 +0000] "GET /openhab.app?sitemap=demo&sitemap=demo&w=0300&poll=true&__async=true&__source=waHome HTTP/1.1" 200 92 
0:0:0:0:0:0:0:1 -  -  [15/Mar/2016:00:18:16 +0000] "GET /openhab.app?sitemap=buiten&poll=true&__async=true&__source=waHome HTTP/1.1" 200 92 
0:0:0:0:0:0:0:1 -  -  [15/Mar/2016:00:18:22 +0000] "GET /openhab.app?sitemap=demo&sitemap=demo&w=Home&poll=true&__async=true&__source=waHome HTTP/1.1" 200 1914 
192.168.1.118 -  -  [15/Mar/2016:00:18:18 +0000] "GET /openhab.app?sitemap=buiten&poll=true&__async=true&__source=waHome HTTP/1.1" 200 92 
0:0:0:0:0:0:0:1 -  -  [15/Mar/2016:00:18:25 +0000] "GET /openhab.app?sitemap=demo&sitemap=demo&w=0300&poll=true&__async=true&__source=waHome HTTP/1.1" 200 92 
0:0:0:0:0:0:0:1 -  -  [15/Mar/2016:00:18:27 +0000] "GET /openhab.app?sitemap=buiten&poll=true&__async=true&__source=waHome HTTP/1.1" 200 92 
0:0:0:0:0:0:0:1 -  -  [15/Mar/2016:00:18:27 +0000] "GET /openhab.app?sitemap=demo&sitemap=demo&w=Home&poll=true&__async=true&__source=waHome HTTP/1.1" 200 92 
192.168.1.118 -  -  [15/Mar/2016:00:18:29 +0000] "GET /openhab.app?sitemap=buiten&poll=true&__async=true&__source=waHome HTTP/1.1" 200 92 
0:0:0:0:0:0:0:1 -  -  [15/Mar/2016:00:18:36 +0000] "GET /openhab.app?sitemap=demo&sitemap=demo&w=0300&poll=true&__async=true&__source=waHome HTTP/1.1" 200 92 
192.168.1.118 -  -  [15/Mar/2016:00:18:39 +0000] "GET /openhab.app?sitemap=buiten&poll=true&__async=true&__source=waHome HTTP/1.1" 200 92 
0:0:0:0:0:0:0:1 -  -  [15/Mar/2016:00:18:38 +0000] "GET /openhab.app?sitemap=demo&sitemap=demo&w=Home&poll=true&__async=true&__source=waHome HTTP/1.1" 200 92 
0:0:0:0:0:0:0:1 -  -  [15/Mar/2016:00:18:37 +0000] "GET /openhab.app?sitemap=buiten&poll=true&__async=true&__source=waHome HTTP/1.1" 200 92 
192.168.1.118 -  -  [15/Mar/2016:00:18:53 +0000] "GET /openhab.app?sitemap=buiten&poll=true&__async=true&__source=waHome HTTP/1.1" 200 92 
0:0:0:0:0:0:0:1 -  -  [15/Mar/2016:00:18:53 +0000] "GET /openhab.app?sitemap=demo&sitemap=demo&w=0300&poll=true&__async=true&__source=waHome HTTP/1.1" 200 92 
0:0:0:0:0:0:0:1 -  -  [15/Mar/2016:00:18:53 +0000] "GET /openhab.app?sitemap=buiten&poll=true&__async=true&__source=waHome HTTP/1.1" 200 92 
0:0:0:0:0:0:0:1 -  -  [15/Mar/2016:00:18:53 +0000] "GET /openhab.app?sitemap=demo&sitemap=demo&w=Home&poll=true&__async=true&__source=waHome HTTP/1.1" 200 92 
192.168.1.118 -  -  [15/Mar/2016:00:19:04 +0000] "GET /openhab.app?sitemap=buiten&poll=true&__async=true&__source=waHome HTTP/1.1" 200 92 
0:0:0:0:0:0:0:1 -  -  [15/Mar/2016:00:19:04 +0000] "GET /openhab.app?sitemap=buiten&poll=true&__async=true&__source=waHome HTTP/1.1" 200 92 
0:0:0:0:0:0:0:1 -  -  [15/Mar/2016:00:19:04 +0000] "GET /openhab.app?sitemap=demo&sitemap=demo&w=Home&poll=true&__async=true&__source=waHome HTTP/1.1" 200 92 
0:0:0:0:0:0:0:1 -  -  [15/Mar/2016:00:19:04 +0000] "GET /openhab.app?sitemap=demo&sitemap=demo&w=0300&poll=true&__async=true&__source=waHome HTTP/1.1" 200 92 
0:0:0:0:0:0:0:1 -  -  [15/Mar/2016:00:19:17 +0000] "GET /openhab.app?sitemap=demo&sitemap=demo&w=Home&poll=true&__async=true&__source=waHome HTTP/1.1" 200 1914 
192.168.1.118 -  -  [15/Mar/2016:00:19:17 +0000] "GET /openhab.app?sitemap=buiten&poll=true&__async=true&__source=waHome HTTP/1.1" 200 92 
0:0:0:0:0:0:0:1 -  -  [15/Mar/2016:00:19:17 +0000] "GET /openhab.app?sitemap=demo&sitemap=demo&w=0300&poll=true&__async=true&__source=waHome HTTP/1.1" 200 92 
0:0:0:0:0:0:0:1 -  -  [15/Mar/2016:00:19:17 +0000] "GET /openhab.app?sitemap=buiten&poll=true&__async=true&__source=waHome HTTP/1.1" 200 92 
0:0:0:0:0:0:0:1 -  -  [15/Mar/2016:00:19:22 +0000] "GET /openhab.app?sitemap=demo&sitemap=demo&w=Home&poll=true&__async=true&__source=waHome HTTP/1.1" 200 92 
192.168.1.118 -  -  [15/Mar/2016:00:19:28 +0000] "GET /openhab.app?sitemap=buiten&poll=true&__async=true&__source=waHome HTTP/1.1" 200 92 
0:0:0:0:0:0:0:1 -  -  [15/Mar/2016:00:19:28 +0000] "GET /openhab.app?sitemap=demo&sitemap=demo&w=0300&poll=true&__async=true&__source=waHome HTTP/1.1" 200 92 
0:0:0:0:0:0:0:1 -  -  [15/Mar/2016:00:19:28 +0000] "GET /openhab.app?sitemap=buiten&poll=true&__async=true&__source=waHome HTTP/1.1" 200 92 
0:0:0:0:0:0:0:1 -  -  [15/Mar/2016:00:19:33 +0000] "GET /openhab.app?sitemap=demo&sitemap=demo&w=Home&poll=true&__async=true&__source=waHome HTTP/1.1" 200 92 
192.168.1.118 -  -  [15/Mar/2016:00:19:38 +0000] "GET /openhab.app?sitemap=buiten&poll=true&__async=true&__source=waHome HTTP/1.1" 200 92 
0:0:0:0:0:0:0:1 -  -  [15/Mar/2016:00:19:38 +0000] "GET /openhab.app?sitemap=demo&sitemap=demo&w=0300&poll=true&__async=true&__source=waHome HTTP/1.1" 200 92 
0:0:0:0:0:0:0:1 -  -  [15/Mar/2016:00:19:38 +0000] "GET /openhab.app?sitemap=buiten&poll=true&__async=true&__source=waHome HTTP/1.1" 200 92 
0:0:0:0:0:0:0:1 -  -  [15/Mar/2016:00:19:43 +0000] "GET /openhab.app?sitemap=demo&sitemap=demo&w=Home&poll=true&__async=true&__source=waHome HTTP/1.1" 200 92 
0:0:0:0:0:0:0:1 -  -  [15/Mar/2016:00:19:49 +0000] "GET /openhab.app?sitemap=demo&sitemap=demo&w=0300&poll=true&__async=true&__source=waHome HTTP/1.1" 200 92 
0:0:0:0:0:0:0:1 -  -  [15/Mar/2016:00:19:49 +0000] "GET /openhab.app?sitemap=buiten&poll=true&__async=true&__source=waHome HTTP/1.1" 200 92 
192.168.1.118 -  -  [15/Mar/2016:00:19:49 +0000] "GET /openhab.app?sitemap=buiten&poll=true&__async=true&__source=waHome HTTP/1.1" 200 92 
