0:0:0:0:0:0:0:1 -  -  [21/Mar/2016:23:39:27 +0000] "GET /openhab.app?sitemap=iotpi HTTP/1.1" 200 11410 
0:0:0:0:0:0:0:1 -  -  [21/Mar/2016:23:40:27 +0000] "GET /classicui/WebApp/Design/Render.css HTTP/1.1" 304 0 
0:0:0:0:0:0:0:1 -  -  [21/Mar/2016:23:40:27 +0000] "GET /classicui/jquery.miniColors.css HTTP/1.1" 304 0 
0:0:0:0:0:0:0:1 -  -  [21/Mar/2016:23:40:27 +0000] "GET /classicui/jquery.min.js HTTP/1.1" 304 0 
0:0:0:0:0:0:0:1 -  -  [21/Mar/2016:23:40:27 +0000] "GET /classicui/WebApp/Action/Logic.min.js HTTP/1.1" 304 0 
0:0:0:0:0:0:0:1 -  -  [21/Mar/2016:23:40:27 +0000] "GET /classicui/WebApp/Design/RenderRTL.css HTTP/1.1" 304 0 
0:0:0:0:0:0:0:1 -  -  [21/Mar/2016:23:40:27 +0000] "GET /classicui/WebApp/Design/openHAB.css HTTP/1.1" 304 0 
0:0:0:0:0:0:0:1 -  -  [21/Mar/2016:23:40:27 +0000] "GET /classicui/WebApp/Design/Firefox.css HTTP/1.1" 304 0 
0:0:0:0:0:0:0:1 -  -  [21/Mar/2016:23:40:27 +0000] "GET /classicui/jquery.miniColors.js HTTP/1.1" 304 0 
0:0:0:0:0:0:0:1 -  -  [21/Mar/2016:23:40:28 +0000] "GET /images/temperature.png HTTP/1.1" 304 0 
0:0:0:0:0:0:0:1 -  -  [21/Mar/2016:23:40:28 +0000] "GET /images/switch-off.png HTTP/1.1" 304 0 
0:0:0:0:0:0:0:1 -  -  [21/Mar/2016:23:40:28 +0000] "GET /images/none.png HTTP/1.1" 304 0 
0:0:0:0:0:0:0:1 -  -  [21/Mar/2016:23:40:28 +0000] "GET /images/garagedoor.png HTTP/1.1" 200 1191 
0:0:0:0:0:0:0:1 -  -  [21/Mar/2016:23:40:28 +0000] "GET /classicui/WebApp/Design/Img/bg.png HTTP/1.1" 304 0 
0:0:0:0:0:0:0:1 -  -  [21/Mar/2016:23:40:28 +0000] "GET /classicui/WebApp/Design/Img/select.png HTTP/1.1" 304 0 
0:0:0:0:0:0:0:1 -  -  [21/Mar/2016:23:40:28 +0000] "GET /classicui/WebApp/Design/Img/loader-white-100x12x1.png HTTP/1.1" 304 0 
0:0:0:0:0:0:0:1 -  -  [21/Mar/2016:23:40:29 +0000] "GET /classicui/WebApp/Design/Img/loader-white-100x12x2.png HTTP/1.1" 304 0 
0:0:0:0:0:0:0:1 -  -  [21/Mar/2016:23:40:29 +0000] "GET /classicui/WebApp/Design/Img/loader-white-100x12x4.png HTTP/1.1" 304 0 
0:0:0:0:0:0:0:1 -  -  [21/Mar/2016:23:40:29 +0000] "GET /classicui/WebApp/Design/Img/loader-white-100x12x5.png HTTP/1.1" 304 0 
0:0:0:0:0:0:0:1 -  -  [21/Mar/2016:23:40:29 +0000] "GET /classicui/WebApp/Design/Img/loader-white-100x12x3.png HTTP/1.1" 304 0 
0:0:0:0:0:0:0:1 -  -  [21/Mar/2016:23:40:29 +0000] "GET /classicui/WebApp/Design/Img/loader-gray-100x12x1.png HTTP/1.1" 304 0 
0:0:0:0:0:0:0:1 -  -  [21/Mar/2016:23:40:29 +0000] "GET /classicui/WebApp/Design/Img/bg-head.png HTTP/1.1" 304 0 
0:0:0:0:0:0:0:1 -  -  [21/Mar/2016:23:40:29 +0000] "GET /classicui/WebApp/Design/Img/loader-big-white-100x12x12.png HTTP/1.1" 304 0 
0:0:0:0:0:0:0:1 -  -  [21/Mar/2016:23:40:29 +0000] "GET /classicui/WebApp/Design/Img/loader-big-white-100x12x2.png HTTP/1.1" 304 0 
0:0:0:0:0:0:0:1 -  -  [21/Mar/2016:23:40:29 +0000] "GET /classicui/WebApp/Design/Img/loader-big-white-100x12x4.png HTTP/1.1" 304 0 
0:0:0:0:0:0:0:1 -  -  [21/Mar/2016:23:40:29 +0000] "GET /classicui/WebApp/Design/Img/loader-gray-100x12x5.png HTTP/1.1" 304 0 
0:0:0:0:0:0:0:1 -  -  [21/Mar/2016:23:40:29 +0000] "GET /classicui/WebApp/Design/Img/loader-big-white-100x12x7.png HTTP/1.1" 304 0 
0:0:0:0:0:0:0:1 -  -  [21/Mar/2016:23:40:29 +0000] "GET /classicui/WebApp/Design/Img/loader-big-white-100x12x10.png HTTP/1.1" 304 0 
0:0:0:0:0:0:0:1 -  -  [21/Mar/2016:23:40:29 +0000] "GET /classicui/WebApp/Design/Img/loader-white-100x12x6.png HTTP/1.1" 304 0 
0:0:0:0:0:0:0:1 -  -  [21/Mar/2016:23:40:29 +0000] "GET /classicui/WebApp/Design/Img/button-back-touch.png HTTP/1.1" 304 0 
0:0:0:0:0:0:0:1 -  -  [21/Mar/2016:23:40:29 +0000] "GET /classicui/WebApp/Design/Img/loader-gray-100x12x2.png HTTP/1.1" 304 0 
0:0:0:0:0:0:0:1 -  -  [21/Mar/2016:23:40:29 +0000] "GET /classicui/WebApp/Design/Img/loader-white-100x12x9.png HTTP/1.1" 304 0 
0:0:0:0:0:0:0:1 -  -  [21/Mar/2016:23:40:29 +0000] "GET /classicui/WebApp/Design/Img/button-simple-touch.png HTTP/1.1" 304 0 
0:0:0:0:0:0:0:1 -  -  [21/Mar/2016:23:40:29 +0000] "GET /classicui/WebApp/Design/Img/loader-big-white-100x12x1.png HTTP/1.1" 304 0 
0:0:0:0:0:0:0:1 -  -  [21/Mar/2016:23:40:29 +0000] "GET /classicui/WebApp/Design/Img/loader-gray-100x12x8.png HTTP/1.1" 304 0 
0:0:0:0:0:0:0:1 -  -  [21/Mar/2016:23:40:29 +0000] "GET /classicui/WebApp/Design/Img/loader-gray-100x12x12.png HTTP/1.1" 304 0 
0:0:0:0:0:0:0:1 -  -  [21/Mar/2016:23:40:29 +0000] "GET /classicui/WebApp/Design/Img/loader-gray-100x12x4.png HTTP/1.1" 304 0 
0:0:0:0:0:0:0:1 -  -  [21/Mar/2016:23:40:29 +0000] "GET /classicui/WebApp/Design/Img/loader-gray-100x12x3.png HTTP/1.1" 304 0 
0:0:0:0:0:0:0:1 -  -  [21/Mar/2016:23:40:29 +0000] "GET /classicui/WebApp/Design/Img/loader-gray-100x12x7.png HTTP/1.1" 304 0 
0:0:0:0:0:0:0:1 -  -  [21/Mar/2016:23:40:29 +0000] "GET /classicui/WebApp/Design/Img/loader-white-100x12x12.png HTTP/1.1" 304 0 
0:0:0:0:0:0:0:1 -  -  [21/Mar/2016:23:40:29 +0000] "GET /classicui/WebApp/Design/Img/chevron-select.png HTTP/1.1" 304 0 
0:0:0:0:0:0:0:1 -  -  [21/Mar/2016:23:40:29 +0000] "GET /classicui/WebApp/Design/Img/loader-gray-100x12x6.png HTTP/1.1" 304 0 
0:0:0:0:0:0:0:1 -  -  [21/Mar/2016:23:40:29 +0000] "GET /classicui/WebApp/Design/Img/loader-white-100x12x8.png HTTP/1.1" 304 0 
0:0:0:0:0:0:0:1 -  -  [21/Mar/2016:23:40:29 +0000] "GET /classicui/WebApp/Design/Img/check-sel.png HTTP/1.1" 304 0 
0:0:0:0:0:0:0:1 -  -  [21/Mar/2016:23:40:29 +0000] "GET /classicui/WebApp/Design/Img/loader-gray-100x12x11.png HTTP/1.1" 304 0 
0:0:0:0:0:0:0:1 -  -  [21/Mar/2016:23:40:29 +0000] "GET /classicui/WebApp/Design/Img/loader-big-white-100x12x6.png HTTP/1.1" 304 0 
0:0:0:0:0:0:0:1 -  -  [21/Mar/2016:23:40:29 +0000] "GET /classicui/WebApp/Design/Img/loader-big-white-100x12x5.png HTTP/1.1" 304 0 
0:0:0:0:0:0:0:1 -  -  [21/Mar/2016:23:40:29 +0000] "GET /classicui/WebApp/Design/Img/loader-big-white-100x12x8.png HTTP/1.1" 304 0 
0:0:0:0:0:0:0:1 -  -  [21/Mar/2016:23:40:29 +0000] "GET /classicui/WebApp/Design/Img/loader-white-100x12x10.png HTTP/1.1" 304 0 
0:0:0:0:0:0:0:1 -  -  [21/Mar/2016:23:40:29 +0000] "GET /classicui/WebApp/Design/Img/loader-big-white-100x12x9.png HTTP/1.1" 304 0 
0:0:0:0:0:0:0:1 -  -  [21/Mar/2016:23:40:29 +0000] "GET /classicui/WebApp/Design/Img/loader-gray-100x12x9.png HTTP/1.1" 304 0 
0:0:0:0:0:0:0:1 -  -  [21/Mar/2016:23:40:29 +0000] "GET /classicui/WebApp/Design/Img/loader-gray-100x12x10.png HTTP/1.1" 304 0 
0:0:0:0:0:0:0:1 -  -  [21/Mar/2016:23:40:29 +0000] "GET /classicui/WebApp/Design/Img/loader-white-100x12x7.png HTTP/1.1" 304 0 
0:0:0:0:0:0:0:1 -  -  [21/Mar/2016:23:40:29 +0000] "GET /classicui/WebApp/Design/Img/loader-white-100x12x11.png HTTP/1.1" 304 0 
0:0:0:0:0:0:0:1 -  -  [21/Mar/2016:23:40:29 +0000] "GET /classicui/WebApp/Design/Img/loader-big-white-100x12x3.png HTTP/1.1" 304 0 
0:0:0:0:0:0:0:1 -  -  [21/Mar/2016:23:40:29 +0000] "GET /classicui/WebApp/Design/Img/loader-big-white-100x12x11.png HTTP/1.1" 304 0 
0:0:0:0:0:0:0:1 -  -  [21/Mar/2016:23:40:29 +0000] "GET /classicui/WebApp/Design/Img/button-back.png HTTP/1.1" 304 0 
0:0:0:0:0:0:0:1 -  -  [21/Mar/2016:23:40:29 +0000] "GET /classicui/WebApp/Design/Img/button-simple.png HTTP/1.1" 304 0 
0:0:0:0:0:0:0:1 -  -  [21/Mar/2016:23:40:28 +0000] "GET /chart?groups=Temperature_Chart&period=h&random=1 HTTP/1.1" 200 2869 
0:0:0:0:0:0:0:1 -  -  [21/Mar/2016:23:40:30 +0000] "GET /classicui/WebApp/Design/Img/button-blue.png HTTP/1.1" 304 0 
0:0:0:0:0:0:0:1 -  -  [21/Mar/2016:23:40:30 +0000] "GET /classicui/WebApp/Design/Img/bg-switch.png HTTP/1.1" 304 0 
0:0:0:0:0:0:0:1 -  -  [21/Mar/2016:23:40:30 +0000] "GET /classicui/WebApp/Design/Img/bg-switch-thumb.png HTTP/1.1" 304 0 
0:0:0:0:0:0:0:1 -  -  [21/Mar/2016:23:40:30 +0000] "GET /classicui/WebApp/Design/Img/form-check-text.png HTTP/1.1" 304 0 
0:0:0:0:0:0:0:1 -  -  [21/Mar/2016:23:40:31 +0000] "GET /classicui/jquery.minicolors.png HTTP/1.1" 304 0 
0:0:0:0:0:0:0:1 -  -  [21/Mar/2016:23:40:31 +0000] "GET /images/favicon.ico HTTP/1.1" 304 0 
0:0:0:0:0:0:0:1 -  -  [21/Mar/2016:23:40:33 +0000] "GET /openhab.app?sitemap=iotpi&poll=true&__async=true&__source=waHome HTTP/1.1" 200 92 
0:0:0:0:0:0:0:1 -  -  [21/Mar/2016:23:40:43 +0000] "GET /openhab.app?sitemap=iotpi&poll=true&__async=true&__source=waHome HTTP/1.1" 200 92 
0:0:0:0:0:0:0:1 -  -  [21/Mar/2016:23:40:54 +0000] "GET /openhab.app?sitemap=iotpi&poll=true&__async=true&__source=waHome HTTP/1.1" 200 92 
0:0:0:0:0:0:0:1 -  -  [21/Mar/2016:23:41:04 +0000] "GET /openhab.app?sitemap=iotpi&poll=true&__async=true&__source=waHome HTTP/1.1" 200 92 
0:0:0:0:0:0:0:1 -  -  [21/Mar/2016:23:41:15 +0000] "GET /openhab.app?sitemap=iotpi&poll=true&__async=true&__source=waHome HTTP/1.1" 200 92 
0:0:0:0:0:0:0:1 -  -  [21/Mar/2016:23:41:25 +0000] "GET /openhab.app?sitemap=iotpi&poll=true&__async=true&__source=waHome HTTP/1.1" 200 92 
0:0:0:0:0:0:0:1 -  -  [21/Mar/2016:23:41:36 +0000] "GET /openhab.app?sitemap=iotpi&poll=true&__async=true&__source=waHome HTTP/1.1" 200 92 
0:0:0:0:0:0:0:1 -  -  [21/Mar/2016:23:41:47 +0000] "GET /openhab.app?sitemap=iotpi&poll=true&__async=true&__source=waHome HTTP/1.1" 200 92 
0:0:0:0:0:0:0:1 -  -  [21/Mar/2016:23:41:57 +0000] "GET /openhab.app?sitemap=iotpi&poll=true&__async=true&__source=waHome HTTP/1.1" 200 92 
0:0:0:0:0:0:0:1 -  -  [21/Mar/2016:23:42:08 +0000] "GET /openhab.app?sitemap=iotpi&poll=true&__async=true&__source=waHome HTTP/1.1" 200 92 
0:0:0:0:0:0:0:1 -  -  [21/Mar/2016:23:42:18 +0000] "GET /openhab.app?sitemap=iotpi&poll=true&__async=true&__source=waHome HTTP/1.1" 200 92 
0:0:0:0:0:0:0:1 -  -  [21/Mar/2016:23:42:29 +0000] "GET /openhab.app?sitemap=iotpi&poll=true&__async=true&__source=waHome HTTP/1.1" 200 92 
0:0:0:0:0:0:0:1 -  -  [21/Mar/2016:23:42:39 +0000] "GET /openhab.app?sitemap=iotpi&poll=true&__async=true&__source=waHome HTTP/1.1" 200 92 
0:0:0:0:0:0:0:1 -  -  [21/Mar/2016:23:42:50 +0000] "GET /openhab.app?sitemap=iotpi&poll=true&__async=true&__source=waHome HTTP/1.1" 200 92 
0:0:0:0:0:0:0:1 -  -  [21/Mar/2016:23:43:00 +0000] "GET /openhab.app?sitemap=iotpi&poll=true&__async=true&__source=waHome HTTP/1.1" 200 92 
0:0:0:0:0:0:0:1 -  -  [21/Mar/2016:23:43:11 +0000] "GET /openhab.app?sitemap=iotpi&poll=true&__async=true&__source=waHome HTTP/1.1" 200 92 
0:0:0:0:0:0:0:1 -  -  [21/Mar/2016:23:43:21 +0000] "GET /openhab.app?sitemap=iotpi&poll=true&__async=true&__source=waHome HTTP/1.1" 200 92 
0:0:0:0:0:0:0:1 -  -  [21/Mar/2016:23:43:32 +0000] "GET /openhab.app?sitemap=iotpi&poll=true&__async=true&__source=waHome HTTP/1.1" 200 92 
0:0:0:0:0:0:0:1 -  -  [21/Mar/2016:23:43:43 +0000] "GET /openhab.app?sitemap=iotpi&poll=true&__async=true&__source=waHome HTTP/1.1" 200 92 
0:0:0:0:0:0:0:1 -  -  [21/Mar/2016:23:43:54 +0000] "GET /openhab.app?sitemap=iotpi&poll=true&__async=true&__source=waHome HTTP/1.1" 200 92 
0:0:0:0:0:0:0:1 -  -  [21/Mar/2016:23:44:04 +0000] "GET /openhab.app?sitemap=iotpi&poll=true&__async=true&__source=waHome HTTP/1.1" 200 92 
0:0:0:0:0:0:0:1 -  -  [21/Mar/2016:23:44:15 +0000] "GET /openhab.app?sitemap=iotpi&poll=true&__async=true&__source=waHome HTTP/1.1" 200 92 
0:0:0:0:0:0:0:1 -  -  [21/Mar/2016:23:44:26 +0000] "GET /openhab.app?sitemap=iotpi&poll=true&__async=true&__source=waHome HTTP/1.1" 200 92 
0:0:0:0:0:0:0:1 -  -  [21/Mar/2016:23:44:36 +0000] "GET /openhab.app?sitemap=iotpi&poll=true&__async=true&__source=waHome HTTP/1.1" 200 92 
0:0:0:0:0:0:0:1 -  -  [21/Mar/2016:23:44:47 +0000] "GET /openhab.app?sitemap=iotpi&poll=true&__async=true&__source=waHome HTTP/1.1" 200 92 
0:0:0:0:0:0:0:1 -  -  [21/Mar/2016:23:44:57 +0000] "GET /openhab.app?sitemap=iotpi&poll=true&__async=true&__source=waHome HTTP/1.1" 200 92 
0:0:0:0:0:0:0:1 -  -  [21/Mar/2016:23:45:08 +0000] "GET /openhab.app?sitemap=iotpi&poll=true&__async=true&__source=waHome HTTP/1.1" 200 92 
0:0:0:0:0:0:0:1 -  -  [21/Mar/2016:23:45:18 +0000] "GET /openhab.app?sitemap=iotpi&poll=true&__async=true&__source=waHome HTTP/1.1" 200 92 
0:0:0:0:0:0:0:1 -  -  [21/Mar/2016:23:45:29 +0000] "GET /openhab.app?sitemap=iotpi&poll=true&__async=true&__source=waHome HTTP/1.1" 200 92 
0:0:0:0:0:0:0:1 -  -  [21/Mar/2016:23:45:39 +0000] "GET /openhab.app?sitemap=iotpi&poll=true&__async=true&__source=waHome HTTP/1.1" 200 92 
0:0:0:0:0:0:0:1 -  -  [21/Mar/2016:23:45:50 +0000] "GET /openhab.app?sitemap=iotpi&poll=true&__async=true&__source=waHome HTTP/1.1" 200 92 
0:0:0:0:0:0:0:1 -  -  [21/Mar/2016:23:46:08 +0000] "GET /openhab.app?sitemap=iotpi&poll=true&__async=true&__source=waHome HTTP/1.1" 200 92 
0:0:0:0:0:0:0:1 -  -  [21/Mar/2016:23:46:18 +0000] "GET /openhab.app?sitemap=iotpi&poll=true&__async=true&__source=waHome HTTP/1.1" 200 92 
0:0:0:0:0:0:0:1 -  -  [21/Mar/2016:23:46:29 +0000] "GET /openhab.app?sitemap=iotpi&poll=true&__async=true&__source=waHome HTTP/1.1" 200 92 
0:0:0:0:0:0:0:1 -  -  [21/Mar/2016:23:46:42 +0000] "GET /openhab.app?sitemap=iotpi&poll=true&__async=true&__source=waHome HTTP/1.1" 200 92 
0:0:0:0:0:0:0:1 -  -  [21/Mar/2016:23:46:53 +0000] "GET /openhab.app?sitemap=iotpi&poll=true&__async=true&__source=waHome HTTP/1.1" 200 92 
0:0:0:0:0:0:0:1 -  -  [21/Mar/2016:23:47:03 +0000] "GET /openhab.app?sitemap=iotpi&poll=true&__async=true&__source=waHome HTTP/1.1" 200 92 
0:0:0:0:0:0:0:1 -  -  [21/Mar/2016:23:47:15 +0000] "GET /openhab.app?sitemap=iotpi&poll=true&__async=true&__source=waHome HTTP/1.1" 200 92 
0:0:0:0:0:0:0:1 -  -  [21/Mar/2016:23:47:26 +0000] "GET /openhab.app?sitemap=iotpi&poll=true&__async=true&__source=waHome HTTP/1.1" 200 92 
0:0:0:0:0:0:0:1 -  -  [21/Mar/2016:23:47:36 +0000] "GET /openhab.app?sitemap=iotpi&poll=true&__async=true&__source=waHome HTTP/1.1" 200 92 
0:0:0:0:0:0:0:1 -  -  [21/Mar/2016:23:47:54 +0000] "GET /classicui/WebApp/Design/Img/form-check-texton.png HTTP/1.1" 304 0 
0:0:0:0:0:0:0:1 -  -  [21/Mar/2016:23:47:53 +0000] "GET /CMD?Toggle_1=TOGGLE&__async=true&__source=waHome HTTP/1.1" 200 13 
0:0:0:0:0:0:0:1 -  -  [21/Mar/2016:23:47:54 +0000] "GET /CMD?Toggle_1=TOGGLE&__async=true&__source=waHome HTTP/1.1" 200 13 
0:0:0:0:0:0:0:1 -  -  [21/Mar/2016:23:47:54 +0000] "GET /CMD?Toggle_1=TOGGLE&__async=true&__source=waHome HTTP/1.1" 200 13 
0:0:0:0:0:0:0:1 -  -  [21/Mar/2016:23:47:47 +0000] "GET /openhab.app?sitemap=iotpi&poll=true&__async=true&__source=waHome HTTP/1.1" 200 3944 
0:0:0:0:0:0:0:1 -  -  [21/Mar/2016:23:47:55 +0000] "GET /images/switch-on.png HTTP/1.1" 304 0 
0:0:0:0:0:0:0:1 -  -  [21/Mar/2016:23:47:55 +0000] "GET /images/slider-0.png HTTP/1.1" 200 1467 
0:0:0:0:0:0:0:1 -  -  [21/Mar/2016:23:47:55 +0000] "GET /images/colorwheel.png HTTP/1.1" 200 1930 
0:0:0:0:0:0:0:1 -  -  [21/Mar/2016:23:47:55 +0000] "GET /images/_down.png HTTP/1.1" 200 1690 
0:0:0:0:0:0:0:1 -  -  [21/Mar/2016:23:47:55 +0000] "GET /images/_up.png HTTP/1.1" 200 1697 
0:0:0:0:0:0:0:1 -  -  [21/Mar/2016:23:47:54 +0000] "GET /openhab.app?sitemap=iotpi&poll=true&__async=true&__source=waHome HTTP/1.1" 200 92 
0:0:0:0:0:0:0:1 -  -  [21/Mar/2016:23:48:05 +0000] "GET /openhab.app?sitemap=iotpi&poll=true&__async=true&__source=waHome HTTP/1.1" 200 92 
0:0:0:0:0:0:0:1 -  -  [21/Mar/2016:23:48:16 +0000] "GET /openhab.app?sitemap=iotpi&poll=true&__async=true&__source=waHome HTTP/1.1" 200 92 
0:0:0:0:0:0:0:1 -  -  [21/Mar/2016:23:48:26 +0000] "GET /openhab.app?sitemap=iotpi&poll=true&__async=true&__source=waHome HTTP/1.1" 200 92 
0:0:0:0:0:0:0:1 -  -  [21/Mar/2016:23:48:37 +0000] "GET /openhab.app?sitemap=iotpi&poll=true&__async=true&__source=waHome HTTP/1.1" 200 92 
0:0:0:0:0:0:0:1 -  -  [21/Mar/2016:23:48:47 +0000] "GET /openhab.app?sitemap=iotpi&poll=true&__async=true&__source=waHome HTTP/1.1" 200 92 
0:0:0:0:0:0:0:1 -  -  [21/Mar/2016:23:48:58 +0000] "GET /openhab.app?sitemap=iotpi&poll=true&__async=true&__source=waHome HTTP/1.1" 200 92 
0:0:0:0:0:0:0:1 -  -  [21/Mar/2016:23:49:15 +0000] "GET /CMD?Toggle_1=TOGGLE&__async=true&__source=waHome HTTP/1.1" 200 13 
0:0:0:0:0:0:0:1 -  -  [21/Mar/2016:23:49:08 +0000] "GET /openhab.app?sitemap=iotpi&poll=true&__async=true&__source=waHome HTTP/1.1" 200 2278 
0:0:0:0:0:0:0:1 -  -  [21/Mar/2016:23:49:15 +0000] "GET /openhab.app?sitemap=iotpi&poll=true&__async=true&__source=waHome HTTP/1.1" 200 92 
0:0:0:0:0:0:0:1 -  -  [21/Mar/2016:23:49:31 +0000] "GET /CMD?Toggle_1=TOGGLE&__async=true&__source=waHome HTTP/1.1" 200 13 
0:0:0:0:0:0:0:1 -  -  [21/Mar/2016:23:49:26 +0000] "GET /openhab.app?sitemap=iotpi&poll=true&__async=true&__source=waHome HTTP/1.1" 200 3944 
0:0:0:0:0:0:0:1 -  -  [21/Mar/2016:23:49:31 +0000] "GET /openhab.app?sitemap=iotpi&poll=true&__async=true&__source=waHome HTTP/1.1" 200 92 
0:0:0:0:0:0:0:1 -  -  [21/Mar/2016:23:49:41 +0000] "GET /openhab.app?sitemap=iotpi&poll=true&__async=true&__source=waHome HTTP/1.1" 200 92 
0:0:0:0:0:0:0:1 -  -  [21/Mar/2016:23:49:52 +0000] "GET /openhab.app?sitemap=iotpi&poll=true&__async=true&__source=waHome HTTP/1.1" 200 92 
0:0:0:0:0:0:0:1 -  -  [21/Mar/2016:23:50:02 +0000] "GET /openhab.app?sitemap=iotpi&poll=true&__async=true&__source=waHome HTTP/1.1" 200 92 
0:0:0:0:0:0:0:1 -  -  [21/Mar/2016:23:50:13 +0000] "GET /openhab.app?sitemap=iotpi&poll=true&__async=true&__source=waHome HTTP/1.1" 200 92 
0:0:0:0:0:0:0:1 -  -  [21/Mar/2016:23:50:24 +0000] "GET /openhab.app?sitemap=iotpi&poll=true&__async=true&__source=waHome HTTP/1.1" 200 92 
0:0:0:0:0:0:0:1 -  -  [21/Mar/2016:23:50:34 +0000] "GET /openhab.app?sitemap=iotpi&poll=true&__async=true&__source=waHome HTTP/1.1" 200 92 
0:0:0:0:0:0:0:1 -  -  [21/Mar/2016:23:50:45 +0000] "GET /openhab.app?sitemap=iotpi&poll=true&__async=true&__source=waHome HTTP/1.1" 200 92 
0:0:0:0:0:0:0:1 -  -  [21/Mar/2016:23:50:55 +0000] "GET /openhab.app?sitemap=iotpi&poll=true&__async=true&__source=waHome HTTP/1.1" 200 92 
0:0:0:0:0:0:0:1 -  -  [21/Mar/2016:23:51:06 +0000] "GET /openhab.app?sitemap=iotpi&poll=true&__async=true&__source=waHome HTTP/1.1" 200 92 
0:0:0:0:0:0:0:1 -  -  [21/Mar/2016:23:51:16 +0000] "GET /openhab.app?sitemap=iotpi&poll=true&__async=true&__source=waHome HTTP/1.1" 200 92 
0:0:0:0:0:0:0:1 -  -  [21/Mar/2016:23:51:27 +0000] "GET /openhab.app?sitemap=iotpi&poll=true&__async=true&__source=waHome HTTP/1.1" 200 92 
0:0:0:0:0:0:0:1 -  -  [21/Mar/2016:23:51:37 +0000] "GET /openhab.app?sitemap=iotpi&poll=true&__async=true&__source=waHome HTTP/1.1" 200 92 
0:0:0:0:0:0:0:1 -  -  [21/Mar/2016:23:51:48 +0000] "GET /openhab.app?sitemap=iotpi&poll=true&__async=true&__source=waHome HTTP/1.1" 200 92 
0:0:0:0:0:0:0:1 -  -  [21/Mar/2016:23:51:59 +0000] "GET /openhab.app?sitemap=iotpi&poll=true&__async=true&__source=waHome HTTP/1.1" 200 92 
0:0:0:0:0:0:0:1 -  -  [21/Mar/2016:23:52:09 +0000] "GET /openhab.app?sitemap=iotpi&poll=true&__async=true&__source=waHome HTTP/1.1" 200 92 
0:0:0:0:0:0:0:1 -  -  [21/Mar/2016:23:52:20 +0000] "GET /openhab.app?sitemap=iotpi&poll=true&__async=true&__source=waHome HTTP/1.1" 200 92 
0:0:0:0:0:0:0:1 -  -  [21/Mar/2016:23:52:30 +0000] "GET /openhab.app?sitemap=iotpi&poll=true&__async=true&__source=waHome HTTP/1.1" 200 92 
0:0:0:0:0:0:0:1 -  -  [21/Mar/2016:23:52:41 +0000] "GET /openhab.app?sitemap=iotpi&poll=true&__async=true&__source=waHome HTTP/1.1" 200 92 
0:0:0:0:0:0:0:1 -  -  [21/Mar/2016:23:52:51 +0000] "GET /openhab.app?sitemap=iotpi&poll=true&__async=true&__source=waHome HTTP/1.1" 200 92 
0:0:0:0:0:0:0:1 -  -  [21/Mar/2016:23:53:02 +0000] "GET /openhab.app?sitemap=iotpi&poll=true&__async=true&__source=waHome HTTP/1.1" 200 92 
0:0:0:0:0:0:0:1 -  -  [21/Mar/2016:23:53:12 +0000] "GET /openhab.app?sitemap=iotpi&poll=true&__async=true&__source=waHome HTTP/1.1" 200 92 
0:0:0:0:0:0:0:1 -  -  [21/Mar/2016:23:53:23 +0000] "GET /openhab.app?sitemap=iotpi&poll=true&__async=true&__source=waHome HTTP/1.1" 200 92 
0:0:0:0:0:0:0:1 -  -  [21/Mar/2016:23:53:34 +0000] "GET /openhab.app?sitemap=iotpi&poll=true&__async=true&__source=waHome HTTP/1.1" 200 92 
0:0:0:0:0:0:0:1 -  -  [21/Mar/2016:23:53:44 +0000] "GET /openhab.app?sitemap=iotpi&poll=true&__async=true&__source=waHome HTTP/1.1" 200 92 
0:0:0:0:0:0:0:1 -  -  [21/Mar/2016:23:53:55 +0000] "GET /openhab.app?sitemap=iotpi&poll=true&__async=true&__source=waHome HTTP/1.1" 200 92 
0:0:0:0:0:0:0:1 -  -  [21/Mar/2016:23:54:05 +0000] "GET /openhab.app?sitemap=iotpi&poll=true&__async=true&__source=waHome HTTP/1.1" 200 92 
0:0:0:0:0:0:0:1 -  -  [21/Mar/2016:23:54:16 +0000] "GET /openhab.app?sitemap=iotpi&poll=true&__async=true&__source=waHome HTTP/1.1" 200 92 
0:0:0:0:0:0:0:1 -  -  [21/Mar/2016:23:54:26 +0000] "GET /openhab.app?sitemap=iotpi&poll=true&__async=true&__source=waHome HTTP/1.1" 200 92 
0:0:0:0:0:0:0:1 -  -  [21/Mar/2016:23:54:37 +0000] "GET /openhab.app?sitemap=iotpi&poll=true&__async=true&__source=waHome HTTP/1.1" 200 92 
0:0:0:0:0:0:0:1 -  -  [21/Mar/2016:23:54:47 +0000] "GET /openhab.app?sitemap=iotpi&poll=true&__async=true&__source=waHome HTTP/1.1" 200 92 
0:0:0:0:0:0:0:1 -  -  [21/Mar/2016:23:54:58 +0000] "GET /openhab.app?sitemap=iotpi&poll=true&__async=true&__source=waHome HTTP/1.1" 200 92 
0:0:0:0:0:0:0:1 -  -  [21/Mar/2016:23:55:08 +0000] "GET /openhab.app?sitemap=iotpi&poll=true&__async=true&__source=waHome HTTP/1.1" 200 92 
0:0:0:0:0:0:0:1 -  -  [21/Mar/2016:23:55:19 +0000] "GET /openhab.app?sitemap=iotpi&poll=true&__async=true&__source=waHome HTTP/1.1" 200 92 
0:0:0:0:0:0:0:1 -  -  [21/Mar/2016:23:55:29 +0000] "GET /openhab.app?sitemap=iotpi&poll=true&__async=true&__source=waHome HTTP/1.1" 200 92 
0:0:0:0:0:0:0:1 -  -  [21/Mar/2016:23:55:40 +0000] "GET /openhab.app?sitemap=iotpi&poll=true&__async=true&__source=waHome HTTP/1.1" 200 92 
0:0:0:0:0:0:0:1 -  -  [21/Mar/2016:23:55:50 +0000] "GET /openhab.app?sitemap=iotpi&poll=true&__async=true&__source=waHome HTTP/1.1" 200 92 
0:0:0:0:0:0:0:1 -  -  [21/Mar/2016:23:56:01 +0000] "GET /openhab.app?sitemap=iotpi&poll=true&__async=true&__source=waHome HTTP/1.1" 200 92 
0:0:0:0:0:0:0:1 -  -  [21/Mar/2016:23:56:11 +0000] "GET /openhab.app?sitemap=iotpi&poll=true&__async=true&__source=waHome HTTP/1.1" 200 92 
0:0:0:0:0:0:0:1 -  -  [21/Mar/2016:23:56:22 +0000] "GET /openhab.app?sitemap=iotpi&poll=true&__async=true&__source=waHome HTTP/1.1" 200 92 
0:0:0:0:0:0:0:1 -  -  [21/Mar/2016:23:56:33 +0000] "GET /openhab.app?sitemap=iotpi&poll=true&__async=true&__source=waHome HTTP/1.1" 200 92 
0:0:0:0:0:0:0:1 -  -  [21/Mar/2016:23:56:43 +0000] "GET /openhab.app?sitemap=iotpi&poll=true&__async=true&__source=waHome HTTP/1.1" 200 92 
0:0:0:0:0:0:0:1 -  -  [21/Mar/2016:23:56:54 +0000] "GET /openhab.app?sitemap=iotpi&poll=true&__async=true&__source=waHome HTTP/1.1" 200 92 
0:0:0:0:0:0:0:1 -  -  [21/Mar/2016:23:57:04 +0000] "GET /openhab.app?sitemap=iotpi&poll=true&__async=true&__source=waHome HTTP/1.1" 200 92 
0:0:0:0:0:0:0:1 -  -  [21/Mar/2016:23:57:15 +0000] "GET /openhab.app?sitemap=iotpi&poll=true&__async=true&__source=waHome HTTP/1.1" 200 92 
0:0:0:0:0:0:0:1 -  -  [21/Mar/2016:23:57:25 +0000] "GET /openhab.app?sitemap=iotpi&poll=true&__async=true&__source=waHome HTTP/1.1" 200 92 
0:0:0:0:0:0:0:1 -  -  [21/Mar/2016:23:57:36 +0000] "GET /openhab.app?sitemap=iotpi&poll=true&__async=true&__source=waHome HTTP/1.1" 200 92 
0:0:0:0:0:0:0:1 -  -  [21/Mar/2016:23:57:46 +0000] "GET /openhab.app?sitemap=iotpi&poll=true&__async=true&__source=waHome HTTP/1.1" 200 92 
0:0:0:0:0:0:0:1 -  -  [21/Mar/2016:23:57:57 +0000] "GET /openhab.app?sitemap=iotpi&poll=true&__async=true&__source=waHome HTTP/1.1" 200 92 
0:0:0:0:0:0:0:1 -  -  [21/Mar/2016:23:58:07 +0000] "GET /openhab.app?sitemap=iotpi&poll=true&__async=true&__source=waHome HTTP/1.1" 200 92 
0:0:0:0:0:0:0:1 -  -  [21/Mar/2016:23:58:18 +0000] "GET /openhab.app?sitemap=iotpi&poll=true&__async=true&__source=waHome HTTP/1.1" 200 92 
0:0:0:0:0:0:0:1 -  -  [21/Mar/2016:23:58:28 +0000] "GET /openhab.app?sitemap=iotpi&poll=true&__async=true&__source=waHome HTTP/1.1" 200 92 
0:0:0:0:0:0:0:1 -  -  [21/Mar/2016:23:58:39 +0000] "GET /openhab.app?sitemap=iotpi&poll=true&__async=true&__source=waHome HTTP/1.1" 200 92 
0:0:0:0:0:0:0:1 -  -  [21/Mar/2016:23:58:50 +0000] "GET /openhab.app?sitemap=iotpi&poll=true&__async=true&__source=waHome HTTP/1.1" 200 92 
0:0:0:0:0:0:0:1 -  -  [21/Mar/2016:23:59:00 +0000] "GET /openhab.app?sitemap=iotpi&poll=true&__async=true&__source=waHome HTTP/1.1" 200 92 
0:0:0:0:0:0:0:1 -  -  [21/Mar/2016:23:59:11 +0000] "GET /openhab.app?sitemap=iotpi&poll=true&__async=true&__source=waHome HTTP/1.1" 200 92 
0:0:0:0:0:0:0:1 -  -  [21/Mar/2016:23:59:29 +0000] "GET /openhab.app?sitemap=iotpi&poll=true&__async=true&__source=waHome HTTP/1.1" 200 92 
0:0:0:0:0:0:0:1 -  -  [21/Mar/2016:23:59:39 +0000] "GET /openhab.app?sitemap=iotpi&poll=true&__async=true&__source=waHome HTTP/1.1" 200 92 
