2016-05-02 18:49:22 - iot_hue_color1 state updated to OFF
2016-05-02 18:49:22 - iot_hue_switch1 state updated to OFF
2016-05-02 18:52:30 - iot_hue_switch1 received command ON
2016-05-02 18:52:32 - iot_hue_switch1 received command OFF
2016-05-02 18:52:34 - iot_hue_switch1 received command ON
2016-05-02 18:53:48 - iot_hue_color1 state updated to ON
2016-05-02 18:53:48 - iot_hue_color1 state updated to 81.9230769230769197974950657226145267486572265625,57,100
2016-05-02 18:53:48 - iot_hue_switch1 state updated to ON
2016-05-02 18:55:01 - iot_hue_switch1 received command OFF
2016-05-02 18:55:02 - iot_hue_switch1 received command ON
2016-05-02 18:55:04 - iot_hue_color1 received command 117.5,18.823529411764707,100
2016-05-02 18:55:04 - iot_hue_color1 received command 209.0909090909091,64.70588235294117,100
2016-05-02 18:55:05 - iot_hue_color1 received command 209.15254237288136,69.41176470588235,100
2016-05-02 18:55:05 - iot_hue_color1 received command 209.84455958549222,75.68627450980392,100
2016-05-02 18:55:05 - iot_hue_color1 received command 300,96.07843137254902,100
2016-05-02 18:55:06 - iot_hue_color1 received command 355.05882352941177,100,100
2016-05-02 18:55:06 - iot_hue_color1 received command 4.9411764705882355,100,100
2016-05-02 18:55:07 - iot_hue_color1 received command 4.031620553359684,99.2156862745098,100
2016-05-02 18:55:08 - iot_hue_color1 received command 10.064516129032258,60.78431372549019,100
2016-05-02 18:55:08 - iot_hue_color1 received command 88.8,49.01960784313725,100
2016-05-02 18:55:08 - iot_hue_color1 received command 92.23140495867769,47.450980392156865,100
2016-05-02 18:55:09 - iot_hue_color1 received command 7.5,12.549019607843137,100
2016-05-02 18:55:09 - iot_hue_color1 state updated to 92.23076923076922639666008763015270233154296875,48,100
2016-05-02 18:55:09 - iot_hue_color1 received command 296.9747899159664,46.666666666666664,100
2016-05-02 18:55:09 - iot_hue_color1 received command 0.9411764705882353,100,100
2016-05-02 18:55:09 - iot_hue_color1 received command 16.941176470588236,100,100
2016-05-02 18:55:19 - iot_hue_color1 state updated to 16.939560439560437998807174153625965118408203125,100,100
2016-05-02 18:55:44 - iot_hue_color1 received command 345.9259259259259,63.529411764705884,100
2016-05-02 18:55:45 - iot_hue_color1 received command 343.9751552795031,63.13725490196078,100
2016-05-02 18:55:45 - iot_hue_color1 received command 328.8721804511278,52.15686274509804,100
2016-05-02 18:55:45 - iot_hue_color1 received command 308.0412371134021,38.03921568627451,100
2016-05-02 18:55:46 - iot_hue_color1 received command 254.7945205479452,28.627450980392158,100
2016-05-02 18:55:46 - iot_hue_color1 received command 185.29411764705884,26.666666666666668,100
2016-05-02 18:55:47 - iot_hue_color1 received command 126.99029126213591,80.7843137254902,100
2016-05-02 18:55:47 - iot_hue_color1 received command 221.1206896551724,90.98039215686275,100
2016-05-02 18:55:49 - iot_hue_color1 received command 221.0810810810811,90.98360655737704,47.84313725490196
2016-05-02 18:55:49 - iot_hue_color1 state updated to 221.08241758241757679570582695305347442626953125,91,48
2016-05-02 18:55:50 - iot_hue_color1 received command 221.11675126903555,90.78341013824884,85.09803921568627
2016-05-02 18:55:51 - iot_hue_color1 received command 220.96774193548387,91.17647058823529,80
2016-05-02 18:55:51 - iot_hue_color1 received command 220.76923076923075,91.22807017543859,67.05882352941177
2016-05-02 18:55:52 - iot_hue_color1 received command 194.75409836065575,36.3095238095238,65.88235294117646
2016-05-02 18:55:52 - iot_hue_color1 received command 342.85714285714283,70.83333333333333,65.88235294117646
2016-05-02 18:55:53 - iot_hue_color1 received command 341.8487394957983,70.83333333333333,65.88235294117646
2016-05-02 18:55:53 - iot_hue_color1 received command 24.770642201834864,64.88095238095238,65.88235294117646
2016-05-02 18:55:56 - iot_hue_color1 received command 57.19626168224299,63.69047619047619,65.88235294117646
2016-05-02 18:55:57 - iot_hue_color1 received command 117,59.52380952380952,65.88235294117646
2016-05-02 18:55:57 - iot_hue_color1 received command 146.02409638554218,98.80952380952381,65.88235294117646
2016-05-02 18:55:57 - iot_hue_color1 received command 149.10179640718565,99.4047619047619,65.88235294117646
2016-05-02 18:55:58 - iot_hue_color1 received command 210.1818181818182,98.21428571428572,65.88235294117646
2016-05-02 18:55:59 - iot_hue_color1 received command 214.15384615384613,98.48484848484848,25.88235294117647
2016-05-02 18:55:59 - iot_hue_color1 received command 214,99.17355371900825,94.90196078431373
2016-05-02 18:55:59 - iot_hue_color1 state updated to 214,99,95
2016-05-02 18:55:59 - iot_hue_color1 received command 214.03361344537814,99.16666666666667,94.11764705882352
2016-05-02 18:56:00 - iot_hue_color1 received command 214.54545454545453,100,12.941176470588236
2016-05-02 18:56:09 - iot_hue_color1 state updated to 214.543956043956058010735432617366313934326171875,100,13
2016-05-02 18:56:16 - iot_hue_color1 received command 213.1578947368421,100,14.901960784313726
2016-05-02 18:56:16 - iot_hue_color1 received command 214.0625,98.96907216494846,76.07843137254902
2016-05-02 18:56:17 - iot_hue_color1 received command 214,99.17355371900825,94.90196078431373
2016-05-02 18:56:18 - iot_hue_color1 received command 213.91304347826087,100,18.03921568627451
2016-05-02 18:56:19 - iot_hue_color1 received command 221.53846153846155,65,7.8431372549019605
2016-05-02 18:56:19 - iot_hue_color1 received command 224,75,7.8431372549019605
2016-05-02 18:56:19 - iot_hue_color1 state updated to 224,75,8
2016-05-02 18:56:19 - iot_hue_color1 received command 240,80,7.8431372549019605
2016-05-02 18:56:20 - iot_hue_color1 received command 272.7272727272727,55,7.8431372549019605
2016-05-02 18:56:22 - iot_hue_color1 received command 315,38.70967741935483,12.156862745098039
2016-05-02 18:56:22 - iot_hue_color1 received command 316,37.1900826446281,94.90196078431373
2016-05-02 18:56:23 - iot_hue_color1 received command 310,40,5.88235294117647
2016-05-02 18:56:24 - iot_hue_color1 received command 317.1428571428571,38.88888888888889,7.0588235294117645
2016-05-02 18:56:25 - iot_hue_color1 received command 315.6,37.03703703703704,52.94117647058823
2016-05-02 18:56:25 - iot_hue_color1 received command 315.9493670886076,37.264150943396224,83.13725490196079
2016-05-02 18:56:26 - iot_hue_color1 received command 315.95744680851067,37.301587301587304,98.82352941176471
2016-05-02 18:56:27 - iot_hue_color1 received command 315.6521739130435,37.5,72.15686274509804
2016-05-02 18:56:27 - iot_hue_color1 received command 316.25,37.5,50.19607843137255
2016-05-02 18:56:28 - iot_hue_color1 received command 316.875,36.7816091954023,34.11764705882353
2016-05-02 18:56:29 - iot_hue_color1 state updated to 316.873626373626393615268170833587646484375,37,34
2016-05-02 19:02:00 - iot_hue_color1 state updated to ON
2016-05-02 19:02:00 - iot_hue_color1 state updated to 316.873626373626393615268170833587646484375,37,34
2016-05-02 19:02:00 - iot_hue_switch1 state updated to ON
2016-05-02 19:22:58 - iot_hue_color1 state updated to ON
2016-05-02 19:22:58 - iot_hue_color1 state updated to 316.873626373626393615268170833587646484375,37,34
2016-05-02 19:22:58 - iot_hue_switch1 state updated to ON
2016-05-02 19:24:09 - iot_insteon_dimmer received command 0
2016-05-02 19:24:09 - iot_insteon_dimmer received command 0
2016-05-02 19:24:09 - iot_insteon_dimmer received command 0
2016-05-02 19:24:10 - iot_insteon_dimmer received command 6
2016-05-02 19:24:10 - iot_insteon_dimmer received command 17
2016-05-02 19:24:10 - iot_insteon_dimmer received command 25
2016-05-02 19:24:10 - iot_insteon_dimmer received command 44
2016-05-02 19:24:10 - iot_insteon_dimmer received command 73
2016-05-02 19:24:10 - iot_insteon_dimmer received command 73
2016-05-02 19:24:14 - iot_insteon_dimmer received command 67
2016-05-02 19:24:14 - iot_insteon_dimmer received command 85
2016-05-02 19:24:15 - iot_insteon_dimmer received command 91
2016-05-02 19:24:15 - iot_insteon_dimmer received command 91
2016-05-02 19:24:15 - iot_insteon_dimmer received command 91
2016-05-02 19:24:15 - iot_insteon_dimmer received command 91
2016-05-02 19:24:16 - iot_insteon_dimmer received command 88
2016-05-02 19:24:16 - iot_insteon_dimmer received command 57
2016-05-02 19:24:16 - iot_insteon_dimmer received command 11
2016-05-02 19:25:10 - iot_hue_color1 state updated to OFF
2016-05-02 19:25:10 - iot_hue_switch1 state updated to OFF
2016-05-02 19:33:17 - iot_hue_color1 state updated to OFF
2016-05-02 19:33:17 - iot_hue_switch1 state updated to OFF
2016-05-02 19:36:49 - iot_hue_color1 state updated to ON
2016-05-02 19:36:49 - iot_hue_color1 state updated to 81.9230769230769197974950657226145267486572265625,57,100
2016-05-02 19:36:49 - iot_hue_switch1 state updated to ON
2016-05-02 19:38:43 - iot_insteon_switch received command ON
2016-05-02 19:38:46 - iot_insteon_switch received command OFF
2016-05-02 19:38:47 - iot_insteon_switch received command ON
2016-05-02 19:38:49 - iot_insteon_switch received command OFF
2016-05-02 19:38:51 - iot_insteon_switch received command ON
2016-05-02 19:42:09 - iot_hue_color1 state updated to ON
2016-05-02 19:42:09 - iot_hue_color1 state updated to 81.9230769230769197974950657226145267486572265625,57,100
2016-05-02 19:42:09 - iot_hue_switch1 state updated to ON
2016-05-02 19:44:16 - iot_insteon_switch received command ON
2016-05-02 19:44:19 - iot_insteon_switch received command OFF
2016-05-02 19:44:21 - iot_insteon_switch received command ON
2016-05-02 19:44:25 - iot_insteon_switch received command OFF
2016-05-02 19:50:42 - iot_hue_color1 state updated to ON
2016-05-02 19:50:42 - iot_hue_color1 state updated to 81.9230769230769197974950657226145267486572265625,57,100
2016-05-02 19:50:42 - iot_hue_switch1 state updated to ON
2016-05-02 19:53:07 - iot_insteon_switch received command ON
2016-05-02 19:53:09 - iot_insteon_switch received command OFF
2016-05-02 19:53:12 - iot_insteon_switch received command ON
2016-05-02 19:53:14 - iot_insteon_switch received command OFF
2016-05-02 19:53:22 - iot_insteon_switch received command ON
2016-05-02 19:53:25 - iot_hue_switch1 received command OFF
2016-05-02 19:53:30 - iot_insteon_switch received command OFF
2016-05-02 19:53:31 - iot_insteon_switch received command ON
2016-05-02 19:53:32 - iot_hue_switch1 received command ON
2016-05-02 19:59:30 - iot_hue_color1 state updated to ON
2016-05-02 19:59:30 - iot_hue_color1 state updated to 81.9230769230769197974950657226145267486572265625,57,100
2016-05-02 19:59:30 - iot_hue_switch1 state updated to ON
2016-05-02 20:09:29 - iot_hue_color1 state updated to ON
2016-05-02 20:09:29 - iot_hue_color1 state updated to 81.9230769230769197974950657226145267486572265625,57,100
2016-05-02 20:09:29 - iot_hue_switch1 state updated to ON
2016-05-02 20:09:44 - iot_insteon_switch received command ON
2016-05-02 20:09:46 - iot_insteon_switch received command OFF
2016-05-02 20:09:48 - iot_insteon_switch received command ON
2016-05-02 20:09:50 - iot_insteon_dimmer received command 1
2016-05-02 20:09:51 - iot_insteon_dimmer received command 37
2016-05-02 20:09:51 - iot_insteon_dimmer received command 100
2016-05-02 20:09:57 - iot_insteon_dimmer received command 20
2016-05-02 20:09:57 - iot_insteon_dimmer received command 20
2016-05-02 20:09:58 - iot_insteon_dimmer received command 10
2016-05-02 20:09:58 - iot_insteon_dimmer received command 10
2016-05-02 20:09:58 - iot_insteon_dimmer received command 48
2016-05-02 20:09:59 - iot_insteon_dimmer received command 53
2016-05-02 20:09:59 - iot_insteon_dimmer received command 100
2016-05-02 20:10:00 - iot_insteon_switch received command OFF
2016-05-02 20:12:52 - iot_hue_color1 state updated to ON
2016-05-02 20:12:52 - iot_hue_color1 state updated to 81.9230769230769197974950657226145267486572265625,57,100
2016-05-02 20:12:52 - iot_hue_switch1 state updated to ON
2016-05-02 20:12:54 - iot_insteon_switch received command ON
2016-05-02 20:12:55 - iot_insteon_switch received command OFF
2016-05-02 20:20:31 - iot_hue_color1 state updated to ON
2016-05-02 20:20:31 - iot_hue_color1 state updated to 81.9230769230769197974950657226145267486572265625,57,100
2016-05-02 20:20:31 - iot_hue_switch1 state updated to ON
2016-05-02 20:20:43 - iot_insteon_switch received command ON
2016-05-02 20:20:44 - iot_insteon_switch received command OFF
2016-05-02 20:21:06 - iot_insteon_dimmer received command 63
2016-05-02 20:21:06 - iot_insteon_dimmer received command 63
2016-05-02 20:21:07 - iot_insteon_dimmer received command 63
2016-05-02 20:21:07 - iot_insteon_dimmer received command 67
2016-05-02 20:21:07 - iot_insteon_dimmer received command 100
2016-05-02 20:21:13 - iot_hue_switch1 received command OFF
2016-05-02 20:21:14 - iot_hue_switch1 received command ON
2016-05-02 20:21:15 - iot_insteon_switch received command ON
2016-05-02 20:59:20 - iot_hue_color1 state updated to ON
2016-05-02 20:59:20 - iot_hue_color1 state updated to 81.9230769230769197974950657226145267486572265625,57,100
2016-05-02 20:59:20 - iot_hue_switch1 state updated to ON
2016-05-02 21:11:19 - iot_hue_color1 state updated to ON
2016-05-02 21:11:19 - iot_hue_color1 state updated to 81.9230769230769197974950657226145267486572265625,57,100
2016-05-02 21:11:19 - iot_hue_switch1 state updated to ON
2016-05-02 21:28:41 - iot_hue_color1 state updated to ON
2016-05-02 21:28:41 - iot_hue_color1 state updated to 81.9230769230769197974950657226145267486572265625,57,100
2016-05-02 21:28:41 - iot_hue_switch1 state updated to ON
2016-05-02 21:29:21 - iot_insteon_dimmer_fastonoff received command OFF
2016-05-02 21:29:23 - iot_insteon_dimmer_fastonoff received command ON
2016-05-02 21:29:24 - iot_insteon_dimmer_fastonoff received command OFF
2016-05-02 23:15:22 - iot_hue_color1 state updated to ON
2016-05-02 23:15:22 - iot_hue_color1 state updated to 81.9230769230769197974950657226145267486572265625,57,100
2016-05-02 23:15:22 - iot_hue_switch1 state updated to ON
2016-05-02 23:21:30 - iot_hue_color1 state updated to OFF
2016-05-02 23:21:30 - iot_hue_switch1 state updated to OFF
2016-05-02 23:21:40 - iot_hue_color1 state updated to ON
2016-05-02 23:21:40 - iot_hue_switch1 state updated to ON
2016-05-02 23:23:36 - iot_hue_color1 state updated to OFF
2016-05-02 23:23:36 - iot_hue_switch1 state updated to OFF
2016-05-02 23:23:56 - iot_hue_color1 state updated to ON
2016-05-02 23:23:57 - iot_hue_switch1 state updated to ON
2016-05-02 23:26:19 - iot_hue_switch1 received command OFF
2016-05-02 23:26:20 - iot_hue_switch1 received command ON
2016-05-02 23:26:21 - iot_hue_switch1 received command OFF
2016-05-02 23:26:22 - iot_hue_switch1 received command ON
2016-05-02 23:26:28 - iot_hue_switch1 received command OFF
2016-05-02 23:26:28 - iot_hue_switch1 received command ON
2016-05-02 23:26:30 - iot_insteon_dimmer_fastonoff received command OFF
2016-05-02 23:26:31 - iot_insteon_dimmer_fastonoff received command ON
2016-05-02 23:26:32 - iot_insteon_dimmer_fastonoff received command OFF
2016-05-02 23:26:33 - iot_insteon_switch received command ON
2016-05-02 23:48:19 - iot_hue_switch1 received command OFF
2016-05-02 23:48:19 - iot_hue_color1 state updated to OFF
2016-05-02 23:48:19 - iot_hue_switch1 state updated to OFF
2016-05-02 23:48:20 - iot_hue_switch1 received command ON
2016-05-02 23:48:21 - iot_hue_switch1 received command OFF
2016-05-02 23:48:22 - iot_hue_switch1 received command ON
2016-05-02 23:48:30 - iot_hue_color1 state updated to ON
2016-05-02 23:48:30 - iot_hue_switch1 state updated to ON
