2016-03-25 19:52:26.517 [INFO ] [.o.core.internal.CoreActivator] - openHAB runtime has been started (v1.8.1).
2016-03-25 19:52:35.721 [INFO ] [o.o.i.s.i.DiscoveryServiceImpl] - mDNS service has been started
2016-03-25 19:52:35.944 [INFO ] [o.o.i.s.i.DiscoveryServiceImpl] - Service Discovery initialization completed.
2016-03-25 19:52:42.398 [INFO ] [c.internal.ModelRepositoryImpl] - Loading model 'rrd4j.persist'
2016-03-25 19:52:45.333 [INFO ] [c.internal.ModelRepositoryImpl] - Loading model 'logging.persist'
2016-03-25 19:52:45.401 [INFO ] [c.internal.ModelRepositoryImpl] - Loading model 'db4o.persist'
2016-03-25 19:52:45.464 [INFO ] [c.internal.ModelRepositoryImpl] - Loading model 'exec.persist'
2016-03-25 19:52:45.700 [INFO ] [c.internal.ModelRepositoryImpl] - Loading model 'iotpi.items'
2016-03-25 19:52:56.087 [INFO ] [penhab.io.rest.RESTApplication] - Started REST API at /rest
2016-03-25 19:52:56.459 [INFO ] [c.internal.ModelRepositoryImpl] - Loading model 'iotpi.sitemap'
2016-03-25 19:52:57.334 [INFO ] [c.internal.ModelRepositoryImpl] - Loading model 'demo.script'
2016-03-25 19:53:01.624 [INFO ] [.o.u.w.i.servlet.WebAppServlet] - Started Classic UI at /classicui/openhab.app
2016-03-25 19:53:10.575 [INFO ] [.service.AbstractActiveService] - HTTP Refresh Service has been started
2016-03-25 19:53:10.795 [INFO ] [.p.rrd4j.internal.RRD4jService] - Removing invalid defintion component = null heartbeat = 0 min/max = 0.0/0.0 step = 0 0 archives(s) = [] 0 items(s) = []
2016-03-25 19:53:14.044 [INFO ] [.service.AbstractActiveService] - Hue Refresh Service has been started
2016-03-25 19:53:14.045 [INFO ] [.service.AbstractActiveService] - NTP Refresh Service has been started
2016-03-25 20:04:28.246 [INFO ] [c.internal.ModelRepositoryImpl] - Refreshing model 'iotpi.sitemap'
2016-03-25 20:07:28.373 [INFO ] [c.internal.ModelRepositoryImpl] - Refreshing model 'iotpi.items'
2016-03-25 20:07:36.612 [WARN ] [.o.u.w.i.render.SwitchRenderer] - Cannot determine item type of 'Toggle_2'
org.openhab.core.items.ItemNotFoundException: Item 'Toggle_2' could not be found in the item registry
	at org.openhab.core.internal.items.ItemRegistryImpl.getItem(ItemRegistryImpl.java:80) ~[na:na]
	at org.openhab.ui.internal.items.ItemUIRegistryImpl.getItem(ItemUIRegistryImpl.java:554) ~[na:na]
	at org.openhab.ui.webapp.internal.render.SwitchRenderer.renderWidget(SwitchRenderer.java:57) ~[org.openhab.ui.webapp_1.8.1.jar:na]
	at org.openhab.ui.webapp.internal.render.PageRenderer.renderWidget(PageRenderer.java:158) [org.openhab.ui.webapp_1.8.1.jar:na]
	at org.openhab.ui.webapp.internal.render.PageRenderer.processChildren(PageRenderer.java:121) [org.openhab.ui.webapp_1.8.1.jar:na]
	at org.openhab.ui.webapp.internal.render.PageRenderer.processChildren(PageRenderer.java:138) [org.openhab.ui.webapp_1.8.1.jar:na]
	at org.openhab.ui.webapp.internal.render.PageRenderer.processPage(PageRenderer.java:86) [org.openhab.ui.webapp_1.8.1.jar:na]
	at org.openhab.ui.webapp.internal.servlet.WebAppServlet.service(WebAppServlet.java:127) [org.openhab.ui.webapp_1.8.1.jar:na]
	at org.eclipse.equinox.http.servlet.internal.ServletRegistration.service(ServletRegistration.java:61) [org.eclipse.equinox.http.servlet_1.1.300.v20120522-1841.jar:na]
	at org.eclipse.equinox.http.servlet.internal.ProxyServlet.processAlias(ProxyServlet.java:128) [org.eclipse.equinox.http.servlet_1.1.300.v20120522-1841.jar:na]
	at org.eclipse.equinox.http.servlet.internal.ProxyServlet.service(ProxyServlet.java:60) [org.eclipse.equinox.http.servlet_1.1.300.v20120522-1841.jar:na]
	at javax.servlet.http.HttpServlet.service(HttpServlet.java:848) [javax.servlet_3.0.0.v201112011016.jar:na]
	at org.eclipse.jetty.servlet.ServletHolder.handle(ServletHolder.java:598) [org.eclipse.jetty.servlet_8.1.3.v20120522.jar:8.1.3.v20120522]
	at org.eclipse.jetty.servlet.ServletHandler.doHandle(ServletHandler.java:486) [org.eclipse.jetty.servlet_8.1.3.v20120522.jar:8.1.3.v20120522]
	at org.eclipse.jetty.server.session.SessionHandler.doHandle(SessionHandler.java:231) [org.eclipse.jetty.server_8.1.3.v20120522.jar:8.1.3.v20120522]
	at org.eclipse.jetty.server.handler.ContextHandler.doHandle(ContextHandler.java:1065) [org.eclipse.jetty.server_8.1.3.v20120522.jar:8.1.3.v20120522]
	at org.eclipse.jetty.servlet.ServletHandler.doScope(ServletHandler.java:413) [org.eclipse.jetty.servlet_8.1.3.v20120522.jar:8.1.3.v20120522]
	at org.eclipse.jetty.server.session.SessionHandler.doScope(SessionHandler.java:192) [org.eclipse.jetty.server_8.1.3.v20120522.jar:8.1.3.v20120522]
	at org.eclipse.jetty.server.handler.ContextHandler.doScope(ContextHandler.java:999) [org.eclipse.jetty.server_8.1.3.v20120522.jar:8.1.3.v20120522]
	at org.eclipse.jetty.server.handler.ScopedHandler.handle(ScopedHandler.java:117) [org.eclipse.jetty.server_8.1.3.v20120522.jar:8.1.3.v20120522]
	at org.eclipse.jetty.server.handler.ContextHandlerCollection.handle(ContextHandlerCollection.java:250) [org.eclipse.jetty.server_8.1.3.v20120522.jar:8.1.3.v20120522]
	at org.eclipse.jetty.server.handler.HandlerCollection.handle(HandlerCollection.java:149) [org.eclipse.jetty.server_8.1.3.v20120522.jar:8.1.3.v20120522]
	at org.eclipse.jetty.server.handler.HandlerWrapper.handle(HandlerWrapper.java:111) [org.eclipse.jetty.server_8.1.3.v20120522.jar:8.1.3.v20120522]
	at org.eclipse.jetty.server.Server.handle(Server.java:350) [org.eclipse.jetty.server_8.1.3.v20120522.jar:8.1.3.v20120522]
	at org.eclipse.jetty.server.AbstractHttpConnection.handleRequest(AbstractHttpConnection.java:454) [org.eclipse.jetty.server_8.1.3.v20120522.jar:8.1.3.v20120522]
	at org.eclipse.jetty.server.AbstractHttpConnection.headerComplete(AbstractHttpConnection.java:890) [org.eclipse.jetty.server_8.1.3.v20120522.jar:8.1.3.v20120522]
	at org.eclipse.jetty.server.AbstractHttpConnection$RequestHandler.headerComplete(AbstractHttpConnection.java:944) [org.eclipse.jetty.server_8.1.3.v20120522.jar:8.1.3.v20120522]
	at org.eclipse.jetty.http.HttpParser.parseNext(HttpParser.java:630) [org.eclipse.jetty.http_8.1.3.v20120522.jar:8.1.3.v20120522]
	at org.eclipse.jetty.http.HttpParser.parseAvailable(HttpParser.java:230) [org.eclipse.jetty.http_8.1.3.v20120522.jar:8.1.3.v20120522]
	at org.eclipse.jetty.server.AsyncHttpConnection.handle(AsyncHttpConnection.java:77) [org.eclipse.jetty.server_8.1.3.v20120522.jar:8.1.3.v20120522]
	at org.eclipse.jetty.io.nio.SelectChannelEndPoint.handle(SelectChannelEndPoint.java:606) [org.eclipse.jetty.io_8.1.3.v20120522.jar:8.1.3.v20120522]
	at org.eclipse.jetty.io.nio.SelectChannelEndPoint$1.run(SelectChannelEndPoint.java:46) [org.eclipse.jetty.io_8.1.3.v20120522.jar:8.1.3.v20120522]
	at org.eclipse.jetty.util.thread.QueuedThreadPool.runJob(QueuedThreadPool.java:603) [org.eclipse.jetty.util_8.1.3.v20120522.jar:8.1.3.v20120522]
	at org.eclipse.jetty.util.thread.QueuedThreadPool$3.run(QueuedThreadPool.java:538) [org.eclipse.jetty.util_8.1.3.v20120522.jar:8.1.3.v20120522]
	at java.lang.Thread.run(Thread.java:745) [na:1.7.0_95]
2016-03-25 20:07:36.621 [ERROR] [o.u.i.items.ItemUIRegistryImpl] - Cannot retrieve item Toggle_2 for widget org.openhab.model.sitemap.Switch
2016-03-25 20:07:36.623 [ERROR] [o.u.i.items.ItemUIRegistryImpl] - Cannot retrieve item Toggle_2 for widget org.openhab.model.sitemap.Switch
2016-03-25 20:07:36.625 [ERROR] [o.u.i.items.ItemUIRegistryImpl] - Cannot retrieve item Toggle_2 for widget org.openhab.model.sitemap.Switch
2016-03-25 20:07:36.626 [ERROR] [o.u.i.items.ItemUIRegistryImpl] - Cannot retrieve item Toggle_2 for widget org.openhab.model.sitemap.Switch
2016-03-25 20:07:36.628 [ERROR] [o.u.i.items.ItemUIRegistryImpl] - Cannot retrieve visibility item Toggle_2 for widget org.openhab.model.sitemap.Colorpicker
2016-03-25 20:07:36.629 [ERROR] [o.u.i.items.ItemUIRegistryImpl] - Cannot retrieve item Color_2 for widget org.openhab.model.sitemap.Colorpicker
2016-03-25 20:07:36.632 [ERROR] [o.u.i.items.ItemUIRegistryImpl] - Cannot retrieve item Color_2 for widget org.openhab.model.sitemap.Colorpicker
2016-03-25 20:07:36.634 [ERROR] [o.u.i.items.ItemUIRegistryImpl] - Cannot retrieve item Color_2 for widget org.openhab.model.sitemap.Colorpicker
2016-03-25 20:07:36.635 [ERROR] [o.u.i.items.ItemUIRegistryImpl] - Cannot retrieve item Color_2 for widget org.openhab.model.sitemap.Colorpicker
2016-03-25 20:07:48.429 [INFO ] [c.internal.ModelRepositoryImpl] - Refreshing model 'iotpi.items'
2016-03-25 20:14:31.204 [INFO ] [.o.core.internal.CoreActivator] - openHAB runtime has been started (v1.8.1).
2016-03-25 20:14:38.231 [INFO ] [o.o.i.s.i.DiscoveryServiceImpl] - mDNS service has been started
2016-03-25 20:14:38.452 [INFO ] [o.o.i.s.i.DiscoveryServiceImpl] - Service Discovery initialization completed.
2016-03-25 20:14:45.071 [INFO ] [c.internal.ModelRepositoryImpl] - Loading model 'rrd4j.persist'
2016-03-25 20:14:46.275 [INFO ] [c.internal.ModelRepositoryImpl] - Loading model 'logging.persist'
2016-03-25 20:14:46.346 [INFO ] [c.internal.ModelRepositoryImpl] - Loading model 'db4o.persist'
2016-03-25 20:14:46.406 [INFO ] [c.internal.ModelRepositoryImpl] - Loading model 'exec.persist'
2016-03-25 20:14:46.652 [INFO ] [c.internal.ModelRepositoryImpl] - Loading model 'iotpi.items'
2016-03-25 20:14:56.495 [INFO ] [penhab.io.rest.RESTApplication] - Started REST API at /rest
2016-03-25 20:14:57.321 [INFO ] [c.internal.ModelRepositoryImpl] - Loading model 'iotpi.sitemap'
2016-03-25 20:14:58.181 [INFO ] [c.internal.ModelRepositoryImpl] - Loading model 'demo.script'
2016-03-25 20:15:02.113 [INFO ] [.o.u.w.i.servlet.WebAppServlet] - Started Classic UI at /classicui/openhab.app
2016-03-25 20:15:08.928 [INFO ] [.service.AbstractActiveService] - HTTP Refresh Service has been started
2016-03-25 20:15:09.306 [INFO ] [.p.rrd4j.internal.RRD4jService] - Removing invalid defintion component = null heartbeat = 0 min/max = 0.0/0.0 step = 0 0 archives(s) = [] 0 items(s) = []
2016-03-25 20:15:13.270 [INFO ] [.service.AbstractActiveService] - Hue Refresh Service has been started
2016-03-25 20:15:13.271 [INFO ] [.service.AbstractActiveService] - NTP Refresh Service has been started
2016-03-25 20:16:22.173 [WARN ] [.o.u.w.i.render.SwitchRenderer] - Cannot determine item type of 'Toggle_2'
org.openhab.core.items.ItemNotFoundException: Item 'Toggle_2' could not be found in the item registry
	at org.openhab.core.internal.items.ItemRegistryImpl.getItem(ItemRegistryImpl.java:80) ~[na:na]
	at org.openhab.ui.internal.items.ItemUIRegistryImpl.getItem(ItemUIRegistryImpl.java:554) ~[na:na]
	at org.openhab.ui.webapp.internal.render.SwitchRenderer.renderWidget(SwitchRenderer.java:57) ~[org.openhab.ui.webapp_1.8.1.jar:na]
	at org.openhab.ui.webapp.internal.render.PageRenderer.renderWidget(PageRenderer.java:158) [org.openhab.ui.webapp_1.8.1.jar:na]
	at org.openhab.ui.webapp.internal.render.PageRenderer.processChildren(PageRenderer.java:121) [org.openhab.ui.webapp_1.8.1.jar:na]
	at org.openhab.ui.webapp.internal.render.PageRenderer.processChildren(PageRenderer.java:138) [org.openhab.ui.webapp_1.8.1.jar:na]
	at org.openhab.ui.webapp.internal.render.PageRenderer.processPage(PageRenderer.java:86) [org.openhab.ui.webapp_1.8.1.jar:na]
	at org.openhab.ui.webapp.internal.servlet.WebAppServlet.service(WebAppServlet.java:127) [org.openhab.ui.webapp_1.8.1.jar:na]
	at org.eclipse.equinox.http.servlet.internal.ServletRegistration.service(ServletRegistration.java:61) [org.eclipse.equinox.http.servlet_1.1.300.v20120522-1841.jar:na]
	at org.eclipse.equinox.http.servlet.internal.ProxyServlet.processAlias(ProxyServlet.java:128) [org.eclipse.equinox.http.servlet_1.1.300.v20120522-1841.jar:na]
	at org.eclipse.equinox.http.servlet.internal.ProxyServlet.service(ProxyServlet.java:60) [org.eclipse.equinox.http.servlet_1.1.300.v20120522-1841.jar:na]
	at javax.servlet.http.HttpServlet.service(HttpServlet.java:848) [javax.servlet_3.0.0.v201112011016.jar:na]
	at org.eclipse.jetty.servlet.ServletHolder.handle(ServletHolder.java:598) [org.eclipse.jetty.servlet_8.1.3.v20120522.jar:8.1.3.v20120522]
	at org.eclipse.jetty.servlet.ServletHandler.doHandle(ServletHandler.java:486) [org.eclipse.jetty.servlet_8.1.3.v20120522.jar:8.1.3.v20120522]
	at org.eclipse.jetty.server.session.SessionHandler.doHandle(SessionHandler.java:231) [org.eclipse.jetty.server_8.1.3.v20120522.jar:8.1.3.v20120522]
	at org.eclipse.jetty.server.handler.ContextHandler.doHandle(ContextHandler.java:1065) [org.eclipse.jetty.server_8.1.3.v20120522.jar:8.1.3.v20120522]
	at org.eclipse.jetty.servlet.ServletHandler.doScope(ServletHandler.java:413) [org.eclipse.jetty.servlet_8.1.3.v20120522.jar:8.1.3.v20120522]
	at org.eclipse.jetty.server.session.SessionHandler.doScope(SessionHandler.java:192) [org.eclipse.jetty.server_8.1.3.v20120522.jar:8.1.3.v20120522]
	at org.eclipse.jetty.server.handler.ContextHandler.doScope(ContextHandler.java:999) [org.eclipse.jetty.server_8.1.3.v20120522.jar:8.1.3.v20120522]
	at org.eclipse.jetty.server.handler.ScopedHandler.handle(ScopedHandler.java:117) [org.eclipse.jetty.server_8.1.3.v20120522.jar:8.1.3.v20120522]
	at org.eclipse.jetty.server.handler.ContextHandlerCollection.handle(ContextHandlerCollection.java:250) [org.eclipse.jetty.server_8.1.3.v20120522.jar:8.1.3.v20120522]
	at org.eclipse.jetty.server.handler.HandlerCollection.handle(HandlerCollection.java:149) [org.eclipse.jetty.server_8.1.3.v20120522.jar:8.1.3.v20120522]
	at org.eclipse.jetty.server.handler.HandlerWrapper.handle(HandlerWrapper.java:111) [org.eclipse.jetty.server_8.1.3.v20120522.jar:8.1.3.v20120522]
	at org.eclipse.jetty.server.Server.handle(Server.java:350) [org.eclipse.jetty.server_8.1.3.v20120522.jar:8.1.3.v20120522]
	at org.eclipse.jetty.server.AbstractHttpConnection.handleRequest(AbstractHttpConnection.java:454) [org.eclipse.jetty.server_8.1.3.v20120522.jar:8.1.3.v20120522]
	at org.eclipse.jetty.server.AbstractHttpConnection.headerComplete(AbstractHttpConnection.java:890) [org.eclipse.jetty.server_8.1.3.v20120522.jar:8.1.3.v20120522]
	at org.eclipse.jetty.server.AbstractHttpConnection$RequestHandler.headerComplete(AbstractHttpConnection.java:944) [org.eclipse.jetty.server_8.1.3.v20120522.jar:8.1.3.v20120522]
	at org.eclipse.jetty.http.HttpParser.parseNext(HttpParser.java:630) [org.eclipse.jetty.http_8.1.3.v20120522.jar:8.1.3.v20120522]
	at org.eclipse.jetty.http.HttpParser.parseAvailable(HttpParser.java:230) [org.eclipse.jetty.http_8.1.3.v20120522.jar:8.1.3.v20120522]
	at org.eclipse.jetty.server.AsyncHttpConnection.handle(AsyncHttpConnection.java:77) [org.eclipse.jetty.server_8.1.3.v20120522.jar:8.1.3.v20120522]
	at org.eclipse.jetty.io.nio.SelectChannelEndPoint.handle(SelectChannelEndPoint.java:606) [org.eclipse.jetty.io_8.1.3.v20120522.jar:8.1.3.v20120522]
	at org.eclipse.jetty.io.nio.SelectChannelEndPoint$1.run(SelectChannelEndPoint.java:46) [org.eclipse.jetty.io_8.1.3.v20120522.jar:8.1.3.v20120522]
	at org.eclipse.jetty.util.thread.QueuedThreadPool.runJob(QueuedThreadPool.java:603) [org.eclipse.jetty.util_8.1.3.v20120522.jar:8.1.3.v20120522]
	at org.eclipse.jetty.util.thread.QueuedThreadPool$3.run(QueuedThreadPool.java:538) [org.eclipse.jetty.util_8.1.3.v20120522.jar:8.1.3.v20120522]
	at java.lang.Thread.run(Thread.java:745) [na:1.7.0_95]
2016-03-25 20:16:22.182 [ERROR] [o.u.i.items.ItemUIRegistryImpl] - Cannot retrieve item Toggle_2 for widget org.openhab.model.sitemap.Switch
2016-03-25 20:16:22.185 [ERROR] [o.u.i.items.ItemUIRegistryImpl] - Cannot retrieve item Toggle_2 for widget org.openhab.model.sitemap.Switch
2016-03-25 20:16:22.186 [ERROR] [o.u.i.items.ItemUIRegistryImpl] - Cannot retrieve item Toggle_2 for widget org.openhab.model.sitemap.Switch
2016-03-25 20:16:22.188 [ERROR] [o.u.i.items.ItemUIRegistryImpl] - Cannot retrieve item Toggle_2 for widget org.openhab.model.sitemap.Switch
2016-03-25 20:16:22.189 [ERROR] [o.u.i.items.ItemUIRegistryImpl] - Cannot retrieve visibility item Toggle_2 for widget org.openhab.model.sitemap.Colorpicker
2016-03-25 20:16:22.190 [ERROR] [o.u.i.items.ItemUIRegistryImpl] - Cannot retrieve item Color_2 for widget org.openhab.model.sitemap.Colorpicker
2016-03-25 20:16:22.193 [ERROR] [o.u.i.items.ItemUIRegistryImpl] - Cannot retrieve item Color_2 for widget org.openhab.model.sitemap.Colorpicker
2016-03-25 20:16:22.195 [ERROR] [o.u.i.items.ItemUIRegistryImpl] - Cannot retrieve item Color_2 for widget org.openhab.model.sitemap.Colorpicker
2016-03-25 20:16:22.196 [ERROR] [o.u.i.items.ItemUIRegistryImpl] - Cannot retrieve item Color_2 for widget org.openhab.model.sitemap.Colorpicker
2016-03-25 20:16:28.605 [WARN ] [.o.u.w.i.render.SwitchRenderer] - Cannot determine item type of 'Toggle_2'
org.openhab.core.items.ItemNotFoundException: Item 'Toggle_2' could not be found in the item registry
	at org.openhab.core.internal.items.ItemRegistryImpl.getItem(ItemRegistryImpl.java:80) ~[na:na]
	at org.openhab.ui.internal.items.ItemUIRegistryImpl.getItem(ItemUIRegistryImpl.java:554) ~[na:na]
	at org.openhab.ui.webapp.internal.render.SwitchRenderer.renderWidget(SwitchRenderer.java:57) ~[org.openhab.ui.webapp_1.8.1.jar:na]
	at org.openhab.ui.webapp.internal.render.PageRenderer.renderWidget(PageRenderer.java:158) [org.openhab.ui.webapp_1.8.1.jar:na]
	at org.openhab.ui.webapp.internal.render.PageRenderer.processChildren(PageRenderer.java:121) [org.openhab.ui.webapp_1.8.1.jar:na]
	at org.openhab.ui.webapp.internal.render.PageRenderer.processChildren(PageRenderer.java:138) [org.openhab.ui.webapp_1.8.1.jar:na]
	at org.openhab.ui.webapp.internal.render.PageRenderer.processPage(PageRenderer.java:86) [org.openhab.ui.webapp_1.8.1.jar:na]
	at org.openhab.ui.webapp.internal.servlet.WebAppServlet.service(WebAppServlet.java:127) [org.openhab.ui.webapp_1.8.1.jar:na]
	at org.eclipse.equinox.http.servlet.internal.ServletRegistration.service(ServletRegistration.java:61) [org.eclipse.equinox.http.servlet_1.1.300.v20120522-1841.jar:na]
	at org.eclipse.equinox.http.servlet.internal.ProxyServlet.processAlias(ProxyServlet.java:128) [org.eclipse.equinox.http.servlet_1.1.300.v20120522-1841.jar:na]
	at org.eclipse.equinox.http.servlet.internal.ProxyServlet.service(ProxyServlet.java:60) [org.eclipse.equinox.http.servlet_1.1.300.v20120522-1841.jar:na]
	at javax.servlet.http.HttpServlet.service(HttpServlet.java:848) [javax.servlet_3.0.0.v201112011016.jar:na]
	at org.eclipse.jetty.servlet.ServletHolder.handle(ServletHolder.java:598) [org.eclipse.jetty.servlet_8.1.3.v20120522.jar:8.1.3.v20120522]
	at org.eclipse.jetty.servlet.ServletHandler.doHandle(ServletHandler.java:486) [org.eclipse.jetty.servlet_8.1.3.v20120522.jar:8.1.3.v20120522]
	at org.eclipse.jetty.server.session.SessionHandler.doHandle(SessionHandler.java:231) [org.eclipse.jetty.server_8.1.3.v20120522.jar:8.1.3.v20120522]
	at org.eclipse.jetty.server.handler.ContextHandler.doHandle(ContextHandler.java:1065) [org.eclipse.jetty.server_8.1.3.v20120522.jar:8.1.3.v20120522]
	at org.eclipse.jetty.servlet.ServletHandler.doScope(ServletHandler.java:413) [org.eclipse.jetty.servlet_8.1.3.v20120522.jar:8.1.3.v20120522]
	at org.eclipse.jetty.server.session.SessionHandler.doScope(SessionHandler.java:192) [org.eclipse.jetty.server_8.1.3.v20120522.jar:8.1.3.v20120522]
	at org.eclipse.jetty.server.handler.ContextHandler.doScope(ContextHandler.java:999) [org.eclipse.jetty.server_8.1.3.v20120522.jar:8.1.3.v20120522]
	at org.eclipse.jetty.server.handler.ScopedHandler.handle(ScopedHandler.java:117) [org.eclipse.jetty.server_8.1.3.v20120522.jar:8.1.3.v20120522]
	at org.eclipse.jetty.server.handler.ContextHandlerCollection.handle(ContextHandlerCollection.java:250) [org.eclipse.jetty.server_8.1.3.v20120522.jar:8.1.3.v20120522]
	at org.eclipse.jetty.server.handler.HandlerCollection.handle(HandlerCollection.java:149) [org.eclipse.jetty.server_8.1.3.v20120522.jar:8.1.3.v20120522]
	at org.eclipse.jetty.server.handler.HandlerWrapper.handle(HandlerWrapper.java:111) [org.eclipse.jetty.server_8.1.3.v20120522.jar:8.1.3.v20120522]
	at org.eclipse.jetty.server.Server.handle(Server.java:350) [org.eclipse.jetty.server_8.1.3.v20120522.jar:8.1.3.v20120522]
	at org.eclipse.jetty.server.AbstractHttpConnection.handleRequest(AbstractHttpConnection.java:454) [org.eclipse.jetty.server_8.1.3.v20120522.jar:8.1.3.v20120522]
	at org.eclipse.jetty.server.AbstractHttpConnection.headerComplete(AbstractHttpConnection.java:890) [org.eclipse.jetty.server_8.1.3.v20120522.jar:8.1.3.v20120522]
	at org.eclipse.jetty.server.AbstractHttpConnection$RequestHandler.headerComplete(AbstractHttpConnection.java:944) [org.eclipse.jetty.server_8.1.3.v20120522.jar:8.1.3.v20120522]
	at org.eclipse.jetty.http.HttpParser.parseNext(HttpParser.java:630) [org.eclipse.jetty.http_8.1.3.v20120522.jar:8.1.3.v20120522]
	at org.eclipse.jetty.http.HttpParser.parseAvailable(HttpParser.java:230) [org.eclipse.jetty.http_8.1.3.v20120522.jar:8.1.3.v20120522]
	at org.eclipse.jetty.server.AsyncHttpConnection.handle(AsyncHttpConnection.java:77) [org.eclipse.jetty.server_8.1.3.v20120522.jar:8.1.3.v20120522]
	at org.eclipse.jetty.io.nio.SelectChannelEndPoint.handle(SelectChannelEndPoint.java:606) [org.eclipse.jetty.io_8.1.3.v20120522.jar:8.1.3.v20120522]
	at org.eclipse.jetty.io.nio.SelectChannelEndPoint$1.run(SelectChannelEndPoint.java:46) [org.eclipse.jetty.io_8.1.3.v20120522.jar:8.1.3.v20120522]
	at org.eclipse.jetty.util.thread.QueuedThreadPool.runJob(QueuedThreadPool.java:603) [org.eclipse.jetty.util_8.1.3.v20120522.jar:8.1.3.v20120522]
	at org.eclipse.jetty.util.thread.QueuedThreadPool$3.run(QueuedThreadPool.java:538) [org.eclipse.jetty.util_8.1.3.v20120522.jar:8.1.3.v20120522]
	at java.lang.Thread.run(Thread.java:745) [na:1.7.0_95]
2016-03-25 20:16:28.621 [ERROR] [o.u.i.items.ItemUIRegistryImpl] - Cannot retrieve item Toggle_2 for widget org.openhab.model.sitemap.Switch
2016-03-25 20:16:28.625 [ERROR] [o.u.i.items.ItemUIRegistryImpl] - Cannot retrieve item Toggle_2 for widget org.openhab.model.sitemap.Switch
2016-03-25 20:16:28.628 [ERROR] [o.u.i.items.ItemUIRegistryImpl] - Cannot retrieve item Toggle_2 for widget org.openhab.model.sitemap.Switch
2016-03-25 20:16:28.631 [ERROR] [o.u.i.items.ItemUIRegistryImpl] - Cannot retrieve item Toggle_2 for widget org.openhab.model.sitemap.Switch
2016-03-25 20:16:28.634 [ERROR] [o.u.i.items.ItemUIRegistryImpl] - Cannot retrieve visibility item Toggle_2 for widget org.openhab.model.sitemap.Colorpicker
2016-03-25 20:16:28.636 [ERROR] [o.u.i.items.ItemUIRegistryImpl] - Cannot retrieve item Color_2 for widget org.openhab.model.sitemap.Colorpicker
2016-03-25 20:16:28.640 [ERROR] [o.u.i.items.ItemUIRegistryImpl] - Cannot retrieve item Color_2 for widget org.openhab.model.sitemap.Colorpicker
2016-03-25 20:16:28.642 [ERROR] [o.u.i.items.ItemUIRegistryImpl] - Cannot retrieve item Color_2 for widget org.openhab.model.sitemap.Colorpicker
2016-03-25 20:16:28.644 [ERROR] [o.u.i.items.ItemUIRegistryImpl] - Cannot retrieve item Color_2 for widget org.openhab.model.sitemap.Colorpicker
2016-03-25 20:16:50.179 [WARN ] [.o.u.w.i.render.SwitchRenderer] - Cannot determine item type of 'Toggle_2'
org.openhab.core.items.ItemNotFoundException: Item 'Toggle_2' could not be found in the item registry
	at org.openhab.core.internal.items.ItemRegistryImpl.getItem(ItemRegistryImpl.java:80) ~[na:na]
	at org.openhab.ui.internal.items.ItemUIRegistryImpl.getItem(ItemUIRegistryImpl.java:554) ~[na:na]
	at org.openhab.ui.webapp.internal.render.SwitchRenderer.renderWidget(SwitchRenderer.java:57) ~[org.openhab.ui.webapp_1.8.1.jar:na]
	at org.openhab.ui.webapp.internal.render.PageRenderer.renderWidget(PageRenderer.java:158) [org.openhab.ui.webapp_1.8.1.jar:na]
	at org.openhab.ui.webapp.internal.render.PageRenderer.processChildren(PageRenderer.java:121) [org.openhab.ui.webapp_1.8.1.jar:na]
	at org.openhab.ui.webapp.internal.render.PageRenderer.processChildren(PageRenderer.java:138) [org.openhab.ui.webapp_1.8.1.jar:na]
	at org.openhab.ui.webapp.internal.render.PageRenderer.processPage(PageRenderer.java:86) [org.openhab.ui.webapp_1.8.1.jar:na]
	at org.openhab.ui.webapp.internal.servlet.WebAppServlet.service(WebAppServlet.java:127) [org.openhab.ui.webapp_1.8.1.jar:na]
	at org.eclipse.equinox.http.servlet.internal.ServletRegistration.service(ServletRegistration.java:61) [org.eclipse.equinox.http.servlet_1.1.300.v20120522-1841.jar:na]
	at org.eclipse.equinox.http.servlet.internal.ProxyServlet.processAlias(ProxyServlet.java:128) [org.eclipse.equinox.http.servlet_1.1.300.v20120522-1841.jar:na]
	at org.eclipse.equinox.http.servlet.internal.ProxyServlet.service(ProxyServlet.java:60) [org.eclipse.equinox.http.servlet_1.1.300.v20120522-1841.jar:na]
	at javax.servlet.http.HttpServlet.service(HttpServlet.java:848) [javax.servlet_3.0.0.v201112011016.jar:na]
	at org.eclipse.jetty.servlet.ServletHolder.handle(ServletHolder.java:598) [org.eclipse.jetty.servlet_8.1.3.v20120522.jar:8.1.3.v20120522]
	at org.eclipse.jetty.servlet.ServletHandler.doHandle(ServletHandler.java:486) [org.eclipse.jetty.servlet_8.1.3.v20120522.jar:8.1.3.v20120522]
	at org.eclipse.jetty.server.session.SessionHandler.doHandle(SessionHandler.java:231) [org.eclipse.jetty.server_8.1.3.v20120522.jar:8.1.3.v20120522]
	at org.eclipse.jetty.server.handler.ContextHandler.doHandle(ContextHandler.java:1065) [org.eclipse.jetty.server_8.1.3.v20120522.jar:8.1.3.v20120522]
	at org.eclipse.jetty.servlet.ServletHandler.doScope(ServletHandler.java:413) [org.eclipse.jetty.servlet_8.1.3.v20120522.jar:8.1.3.v20120522]
	at org.eclipse.jetty.server.session.SessionHandler.doScope(SessionHandler.java:192) [org.eclipse.jetty.server_8.1.3.v20120522.jar:8.1.3.v20120522]
	at org.eclipse.jetty.server.handler.ContextHandler.doScope(ContextHandler.java:999) [org.eclipse.jetty.server_8.1.3.v20120522.jar:8.1.3.v20120522]
	at org.eclipse.jetty.server.handler.ScopedHandler.handle(ScopedHandler.java:117) [org.eclipse.jetty.server_8.1.3.v20120522.jar:8.1.3.v20120522]
	at org.eclipse.jetty.server.handler.ContextHandlerCollection.handle(ContextHandlerCollection.java:250) [org.eclipse.jetty.server_8.1.3.v20120522.jar:8.1.3.v20120522]
	at org.eclipse.jetty.server.handler.HandlerCollection.handle(HandlerCollection.java:149) [org.eclipse.jetty.server_8.1.3.v20120522.jar:8.1.3.v20120522]
	at org.eclipse.jetty.server.handler.HandlerWrapper.handle(HandlerWrapper.java:111) [org.eclipse.jetty.server_8.1.3.v20120522.jar:8.1.3.v20120522]
	at org.eclipse.jetty.server.Server.handle(Server.java:350) [org.eclipse.jetty.server_8.1.3.v20120522.jar:8.1.3.v20120522]
	at org.eclipse.jetty.server.AbstractHttpConnection.handleRequest(AbstractHttpConnection.java:454) [org.eclipse.jetty.server_8.1.3.v20120522.jar:8.1.3.v20120522]
	at org.eclipse.jetty.server.AbstractHttpConnection.headerComplete(AbstractHttpConnection.java:890) [org.eclipse.jetty.server_8.1.3.v20120522.jar:8.1.3.v20120522]
	at org.eclipse.jetty.server.AbstractHttpConnection$RequestHandler.headerComplete(AbstractHttpConnection.java:944) [org.eclipse.jetty.server_8.1.3.v20120522.jar:8.1.3.v20120522]
	at org.eclipse.jetty.http.HttpParser.parseNext(HttpParser.java:630) [org.eclipse.jetty.http_8.1.3.v20120522.jar:8.1.3.v20120522]
	at org.eclipse.jetty.http.HttpParser.parseAvailable(HttpParser.java:230) [org.eclipse.jetty.http_8.1.3.v20120522.jar:8.1.3.v20120522]
	at org.eclipse.jetty.server.AsyncHttpConnection.handle(AsyncHttpConnection.java:77) [org.eclipse.jetty.server_8.1.3.v20120522.jar:8.1.3.v20120522]
	at org.eclipse.jetty.io.nio.SelectChannelEndPoint.handle(SelectChannelEndPoint.java:606) [org.eclipse.jetty.io_8.1.3.v20120522.jar:8.1.3.v20120522]
	at org.eclipse.jetty.io.nio.SelectChannelEndPoint$1.run(SelectChannelEndPoint.java:46) [org.eclipse.jetty.io_8.1.3.v20120522.jar:8.1.3.v20120522]
	at org.eclipse.jetty.util.thread.QueuedThreadPool.runJob(QueuedThreadPool.java:603) [org.eclipse.jetty.util_8.1.3.v20120522.jar:8.1.3.v20120522]
	at org.eclipse.jetty.util.thread.QueuedThreadPool$3.run(QueuedThreadPool.java:538) [org.eclipse.jetty.util_8.1.3.v20120522.jar:8.1.3.v20120522]
	at java.lang.Thread.run(Thread.java:745) [na:1.7.0_95]
2016-03-25 20:16:50.187 [ERROR] [o.u.i.items.ItemUIRegistryImpl] - Cannot retrieve item Toggle_2 for widget org.openhab.model.sitemap.Switch
2016-03-25 20:16:50.189 [ERROR] [o.u.i.items.ItemUIRegistryImpl] - Cannot retrieve item Toggle_2 for widget org.openhab.model.sitemap.Switch
2016-03-25 20:16:50.191 [ERROR] [o.u.i.items.ItemUIRegistryImpl] - Cannot retrieve item Toggle_2 for widget org.openhab.model.sitemap.Switch
2016-03-25 20:16:50.193 [ERROR] [o.u.i.items.ItemUIRegistryImpl] - Cannot retrieve item Toggle_2 for widget org.openhab.model.sitemap.Switch
2016-03-25 20:16:50.194 [ERROR] [o.u.i.items.ItemUIRegistryImpl] - Cannot retrieve visibility item Toggle_2 for widget org.openhab.model.sitemap.Colorpicker
2016-03-25 20:16:50.196 [ERROR] [o.u.i.items.ItemUIRegistryImpl] - Cannot retrieve item Color_2 for widget org.openhab.model.sitemap.Colorpicker
2016-03-25 20:16:50.199 [ERROR] [o.u.i.items.ItemUIRegistryImpl] - Cannot retrieve item Color_2 for widget org.openhab.model.sitemap.Colorpicker
2016-03-25 20:16:50.202 [ERROR] [o.u.i.items.ItemUIRegistryImpl] - Cannot retrieve item Color_2 for widget org.openhab.model.sitemap.Colorpicker
2016-03-25 20:16:50.204 [ERROR] [o.u.i.items.ItemUIRegistryImpl] - Cannot retrieve item Color_2 for widget org.openhab.model.sitemap.Colorpicker
2016-03-25 20:16:54.825 [WARN ] [.o.u.w.i.render.SwitchRenderer] - Cannot determine item type of 'Toggle_2'
org.openhab.core.items.ItemNotFoundException: Item 'Toggle_2' could not be found in the item registry
	at org.openhab.core.internal.items.ItemRegistryImpl.getItem(ItemRegistryImpl.java:80) ~[na:na]
	at org.openhab.ui.internal.items.ItemUIRegistryImpl.getItem(ItemUIRegistryImpl.java:554) ~[na:na]
	at org.openhab.ui.webapp.internal.render.SwitchRenderer.renderWidget(SwitchRenderer.java:57) ~[org.openhab.ui.webapp_1.8.1.jar:na]
	at org.openhab.ui.webapp.internal.render.PageRenderer.renderWidget(PageRenderer.java:158) [org.openhab.ui.webapp_1.8.1.jar:na]
	at org.openhab.ui.webapp.internal.render.PageRenderer.processChildren(PageRenderer.java:121) [org.openhab.ui.webapp_1.8.1.jar:na]
	at org.openhab.ui.webapp.internal.render.PageRenderer.processChildren(PageRenderer.java:138) [org.openhab.ui.webapp_1.8.1.jar:na]
	at org.openhab.ui.webapp.internal.render.PageRenderer.processPage(PageRenderer.java:86) [org.openhab.ui.webapp_1.8.1.jar:na]
	at org.openhab.ui.webapp.internal.servlet.WebAppServlet.service(WebAppServlet.java:127) [org.openhab.ui.webapp_1.8.1.jar:na]
	at org.eclipse.equinox.http.servlet.internal.ServletRegistration.service(ServletRegistration.java:61) [org.eclipse.equinox.http.servlet_1.1.300.v20120522-1841.jar:na]
	at org.eclipse.equinox.http.servlet.internal.ProxyServlet.processAlias(ProxyServlet.java:128) [org.eclipse.equinox.http.servlet_1.1.300.v20120522-1841.jar:na]
	at org.eclipse.equinox.http.servlet.internal.ProxyServlet.service(ProxyServlet.java:60) [org.eclipse.equinox.http.servlet_1.1.300.v20120522-1841.jar:na]
	at javax.servlet.http.HttpServlet.service(HttpServlet.java:848) [javax.servlet_3.0.0.v201112011016.jar:na]
	at org.eclipse.jetty.servlet.ServletHolder.handle(ServletHolder.java:598) [org.eclipse.jetty.servlet_8.1.3.v20120522.jar:8.1.3.v20120522]
	at org.eclipse.jetty.servlet.ServletHandler.doHandle(ServletHandler.java:486) [org.eclipse.jetty.servlet_8.1.3.v20120522.jar:8.1.3.v20120522]
	at org.eclipse.jetty.server.session.SessionHandler.doHandle(SessionHandler.java:231) [org.eclipse.jetty.server_8.1.3.v20120522.jar:8.1.3.v20120522]
	at org.eclipse.jetty.server.handler.ContextHandler.doHandle(ContextHandler.java:1065) [org.eclipse.jetty.server_8.1.3.v20120522.jar:8.1.3.v20120522]
	at org.eclipse.jetty.servlet.ServletHandler.doScope(ServletHandler.java:413) [org.eclipse.jetty.servlet_8.1.3.v20120522.jar:8.1.3.v20120522]
	at org.eclipse.jetty.server.session.SessionHandler.doScope(SessionHandler.java:192) [org.eclipse.jetty.server_8.1.3.v20120522.jar:8.1.3.v20120522]
	at org.eclipse.jetty.server.handler.ContextHandler.doScope(ContextHandler.java:999) [org.eclipse.jetty.server_8.1.3.v20120522.jar:8.1.3.v20120522]
	at org.eclipse.jetty.server.handler.ScopedHandler.handle(ScopedHandler.java:117) [org.eclipse.jetty.server_8.1.3.v20120522.jar:8.1.3.v20120522]
	at org.eclipse.jetty.server.handler.ContextHandlerCollection.handle(ContextHandlerCollection.java:250) [org.eclipse.jetty.server_8.1.3.v20120522.jar:8.1.3.v20120522]
	at org.eclipse.jetty.server.handler.HandlerCollection.handle(HandlerCollection.java:149) [org.eclipse.jetty.server_8.1.3.v20120522.jar:8.1.3.v20120522]
	at org.eclipse.jetty.server.handler.HandlerWrapper.handle(HandlerWrapper.java:111) [org.eclipse.jetty.server_8.1.3.v20120522.jar:8.1.3.v20120522]
	at org.eclipse.jetty.server.Server.handle(Server.java:350) [org.eclipse.jetty.server_8.1.3.v20120522.jar:8.1.3.v20120522]
	at org.eclipse.jetty.server.AbstractHttpConnection.handleRequest(AbstractHttpConnection.java:454) [org.eclipse.jetty.server_8.1.3.v20120522.jar:8.1.3.v20120522]
	at org.eclipse.jetty.server.AbstractHttpConnection.headerComplete(AbstractHttpConnection.java:890) [org.eclipse.jetty.server_8.1.3.v20120522.jar:8.1.3.v20120522]
	at org.eclipse.jetty.server.AbstractHttpConnection$RequestHandler.headerComplete(AbstractHttpConnection.java:944) [org.eclipse.jetty.server_8.1.3.v20120522.jar:8.1.3.v20120522]
	at org.eclipse.jetty.http.HttpParser.parseNext(HttpParser.java:630) [org.eclipse.jetty.http_8.1.3.v20120522.jar:8.1.3.v20120522]
	at org.eclipse.jetty.http.HttpParser.parseAvailable(HttpParser.java:230) [org.eclipse.jetty.http_8.1.3.v20120522.jar:8.1.3.v20120522]
	at org.eclipse.jetty.server.AsyncHttpConnection.handle(AsyncHttpConnection.java:77) [org.eclipse.jetty.server_8.1.3.v20120522.jar:8.1.3.v20120522]
	at org.eclipse.jetty.io.nio.SelectChannelEndPoint.handle(SelectChannelEndPoint.java:606) [org.eclipse.jetty.io_8.1.3.v20120522.jar:8.1.3.v20120522]
	at org.eclipse.jetty.io.nio.SelectChannelEndPoint$1.run(SelectChannelEndPoint.java:46) [org.eclipse.jetty.io_8.1.3.v20120522.jar:8.1.3.v20120522]
	at org.eclipse.jetty.util.thread.QueuedThreadPool.runJob(QueuedThreadPool.java:603) [org.eclipse.jetty.util_8.1.3.v20120522.jar:8.1.3.v20120522]
	at org.eclipse.jetty.util.thread.QueuedThreadPool$3.run(QueuedThreadPool.java:538) [org.eclipse.jetty.util_8.1.3.v20120522.jar:8.1.3.v20120522]
	at java.lang.Thread.run(Thread.java:745) [na:1.7.0_95]
2016-03-25 20:16:54.833 [ERROR] [o.u.i.items.ItemUIRegistryImpl] - Cannot retrieve item Toggle_2 for widget org.openhab.model.sitemap.Switch
2016-03-25 20:16:54.835 [ERROR] [o.u.i.items.ItemUIRegistryImpl] - Cannot retrieve item Toggle_2 for widget org.openhab.model.sitemap.Switch
2016-03-25 20:16:54.837 [ERROR] [o.u.i.items.ItemUIRegistryImpl] - Cannot retrieve item Toggle_2 for widget org.openhab.model.sitemap.Switch
2016-03-25 20:16:54.838 [ERROR] [o.u.i.items.ItemUIRegistryImpl] - Cannot retrieve item Toggle_2 for widget org.openhab.model.sitemap.Switch
2016-03-25 20:16:54.839 [ERROR] [o.u.i.items.ItemUIRegistryImpl] - Cannot retrieve visibility item Toggle_2 for widget org.openhab.model.sitemap.Colorpicker
2016-03-25 20:16:54.841 [ERROR] [o.u.i.items.ItemUIRegistryImpl] - Cannot retrieve item Color_2 for widget org.openhab.model.sitemap.Colorpicker
2016-03-25 20:16:54.843 [ERROR] [o.u.i.items.ItemUIRegistryImpl] - Cannot retrieve item Color_2 for widget org.openhab.model.sitemap.Colorpicker
2016-03-25 20:16:54.845 [ERROR] [o.u.i.items.ItemUIRegistryImpl] - Cannot retrieve item Color_2 for widget org.openhab.model.sitemap.Colorpicker
2016-03-25 20:16:54.847 [ERROR] [o.u.i.items.ItemUIRegistryImpl] - Cannot retrieve item Color_2 for widget org.openhab.model.sitemap.Colorpicker
