2016-03-09 04:54:16,724 - Temperature_GF_Corridor  : 18.70000000
2016-03-09 04:54:16,742 - Temperature_GF_Toilet    : 17.90000000
2016-03-09 04:54:16,762 - Temperature_GF_Living    : 20.50000000
2016-03-09 04:54:16,789 - Temperature_GF_Kitchen   : 21.50000000
2016-03-09 04:54:16,810 - Temperature_FF_Bath      : 21.60000000
2016-03-09 04:54:16,834 - Temperature_FF_Office    : 19.00000000
2016-03-09 04:54:16,851 - Temperature_FF_Child     : 21.60000000
2016-03-09 04:54:16,871 - Temperature_FF_Bed       : 20.30000000
2016-03-09 04:55:00,467 - Temperature_GF_Corridor  : 20.40000000
2016-03-09 04:55:00,526 - Temperature_GF_Toilet    : 21.80000000
2016-03-09 04:55:00,627 - Temperature_GF_Living    : 21.20000000
2016-03-09 04:55:00,640 - Temperature_GF_Kitchen   : 18.60000000
2016-03-09 04:55:00,652 - Temperature_FF_Bath      : 22.20000000
2016-03-09 04:55:00,665 - Temperature_FF_Office    : 17.80000000
2016-03-09 04:55:00,682 - Temperature_FF_Child     : 21.30000000
2016-03-09 04:55:00,696 - Temperature_FF_Bed       : 21.70000000
2016-03-10 00:00:00,188 - Temperature_GF_Corridor  : 18.60000000
2016-03-10 00:00:00,211 - Temperature_GF_Toilet    : 21.80000000
2016-03-10 00:00:00,239 - Temperature_GF_Living    : 19.60000000
2016-03-10 00:00:00,260 - Temperature_GF_Kitchen   : 21.50000000
2016-03-10 00:00:00,283 - Temperature_FF_Bath      : 22.40000000
2016-03-10 00:00:00,306 - Temperature_FF_Office    : 20.70000000
2016-03-10 00:00:00,332 - Temperature_FF_Child     : 19.40000000
2016-03-10 00:00:00,356 - Temperature_FF_Bed       : 22.10000000
2016-03-10 00:07:38,105 - Temperature_GF_Corridor  : 21.10000000
2016-03-10 00:07:38,132 - Temperature_GF_Toilet    : 21.80000000
2016-03-10 00:07:38,190 - Temperature_GF_Living    : 22.10000000
2016-03-10 00:07:38,224 - Temperature_GF_Kitchen   : 17.70000000
2016-03-10 00:07:38,262 - Temperature_FF_Bath      : 21.00000000
2016-03-10 00:07:38,313 - Temperature_FF_Office    : 22.20000000
2016-03-10 00:07:38,365 - Temperature_FF_Child     : 20.00000000
2016-03-10 00:07:38,452 - Temperature_FF_Bed       : 17.90000000
2016-03-10 00:10:00,176 - Temperature_GF_Corridor  : 18.30000000
2016-03-10 00:10:00,229 - Temperature_GF_Toilet    : 17.80000000
2016-03-10 00:10:00,313 - Temperature_GF_Kitchen   : 21.30000000
2016-03-10 00:10:00,362 - Temperature_FF_Bath      : 20.60000000
2016-03-10 00:10:00,401 - Temperature_FF_Office    : 19.40000000
2016-03-10 00:10:00,431 - Temperature_FF_Child     : 19.20000000
2016-03-10 00:10:00,473 - Temperature_FF_Bed       : 18.80000000
2016-03-10 00:15:00,130 - Temperature_GF_Corridor  : 18.10000000
2016-03-10 00:15:00,168 - Temperature_GF_Living    : 18.80000000
2016-03-10 00:15:00,198 - Temperature_GF_Kitchen   : 20.30000000
2016-03-10 00:15:00,250 - Temperature_FF_Bath      : 19.40000000
2016-03-10 00:15:00,314 - Temperature_FF_Office    : 19.00000000
2016-03-10 00:15:00,365 - Temperature_FF_Child     : 17.70000000
2016-03-10 00:15:00,424 - Temperature_FF_Bed       : 18.70000000
2016-03-10 00:20:00,042 - Temperature_GF_Corridor  : 21.20000000
2016-03-10 00:20:00,066 - Temperature_GF_Toilet    : 19.30000000
2016-03-10 00:20:00,110 - Temperature_GF_Kitchen   : 20.10000000
2016-03-10 00:20:00,140 - Temperature_FF_Bath      : 21.30000000
2016-03-10 00:20:00,166 - Temperature_FF_Office    : 21.50000000
2016-03-10 00:20:00,203 - Temperature_FF_Child     : 17.80000000
2016-03-10 00:20:00,237 - Temperature_FF_Bed       : 22.50000000
2016-03-10 00:45:03,061 - Temperature_GF_Corridor  : 22.00000000
2016-03-10 00:45:03,140 - Temperature_GF_Toilet    : 17.60000000
2016-03-10 00:45:03,182 - Temperature_GF_Living    : 21.60000000
2016-03-10 00:45:03,224 - Temperature_GF_Kitchen   : 18.90000000
2016-03-10 00:45:03,312 - Temperature_FF_Bath      : 21.50000000
2016-03-10 00:45:03,346 - Temperature_FF_Office    : 21.20000000
2016-03-10 00:45:03,415 - Temperature_FF_Child     : 18.40000000
2016-03-10 00:45:03,479 - Temperature_FF_Bed       : 17.90000000
2016-03-10 00:45:03,539 - Temperature_GF_Corridor  : 20.80000000
2016-03-10 00:45:03,583 - Temperature_GF_Toilet    : 22.00000000
2016-03-10 00:45:03,620 - Temperature_GF_Living    : 22.30000000
2016-03-10 00:45:03,661 - Temperature_GF_Kitchen   : 19.50000000
2016-03-10 00:45:03,695 - Temperature_FF_Bath      : 19.70000000
2016-03-10 00:45:03,728 - Temperature_FF_Office    : 22.20000000
2016-03-10 00:45:03,765 - Temperature_FF_Child     : 22.10000000
2016-03-10 00:45:03,800 - Temperature_FF_Bed       : 21.50000000
2016-03-10 00:50:00,053 - Temperature_GF_Corridor  : 18.50000000
2016-03-10 00:50:00,080 - Temperature_GF_Toilet    : 20.10000000
2016-03-10 00:50:00,110 - Temperature_GF_Living    : 21.00000000
2016-03-10 00:50:00,143 - Temperature_GF_Kitchen   : 20.70000000
2016-03-10 00:50:00,197 - Temperature_FF_Bath      : 19.10000000
2016-03-10 00:50:00,242 - Temperature_FF_Office    : 22.30000000
2016-03-10 00:50:00,267 - Temperature_FF_Child     : 21.10000000
2016-03-10 00:50:00,292 - Temperature_FF_Bed       : 21.80000000
2016-03-10 00:55:00,088 - Temperature_GF_Corridor  : 20.20000000
2016-03-10 00:55:00,116 - Temperature_GF_Toilet    : 21.80000000
2016-03-10 00:55:00,168 - Temperature_GF_Living    : 17.80000000
2016-03-10 00:55:00,215 - Temperature_GF_Kitchen   : 20.40000000
2016-03-10 00:55:00,259 - Temperature_FF_Bath      : 21.20000000
2016-03-10 00:55:00,292 - Temperature_FF_Office    : 19.30000000
2016-03-10 00:55:00,320 - Temperature_FF_Child     : 20.10000000
2016-03-10 00:55:00,349 - Temperature_FF_Bed       : 20.90000000
