2016-03-21 22:44:23.149 [DEBUG] [.zwave.internal.ZWaveActivator:36  ]- Z-Wave binding started. Version 1.8.1
2016-03-21 22:44:24.206 [DEBUG] [.z.internal.ZWaveActiveBinding:175 ]- ConverterHandler not initialised. Polling disabled.
2016-03-21 23:41:41.109 [DEBUG] [.zwave.internal.ZWaveActivator:36  ]- Z-Wave binding started. Version 1.8.1
2016-03-21 23:41:41.388 [DEBUG] [.z.internal.ZWaveActiveBinding:175 ]- ConverterHandler not initialised. Polling disabled.
2016-03-21 23:41:41.403 [INFO ] [.z.internal.ZWaveActiveBinding:325 ]- Update config, port = /dev/ttyAMA0
2016-03-21 23:41:41.405 [INFO ] [.z.internal.ZWaveActiveBinding:330 ]- Update config, healtime = 12
2016-03-21 23:41:41.406 [INFO ] [.z.internal.ZWaveActiveBinding:375 ]- Update config, setSUC = true
2016-03-21 23:41:41.407 [DEBUG] [.z.internal.ZWaveActiveBinding:282 ]- Initialising zwave binding
2016-03-21 23:41:41.496 [INFO ] [b.z.i.protocol.ZWaveController:148 ]- Starting Z-Wave controller
2016-03-21 23:41:41.499 [INFO ] [b.z.i.protocol.ZWaveController:156 ]- Z-Wave timeout is set to 5000ms. Soft reset is false.
2016-03-21 23:41:41.501 [INFO ] [b.z.i.protocol.ZWaveController:322 ]- Connecting to serial port /dev/ttyAMA0
2016-03-21 23:41:41.662 [ERROR] [b.z.i.protocol.ZWaveController:344 ]- Serial Error: Port /dev/ttyAMA0 does not exist
2016-03-22 00:08:05.043 [DEBUG] [.zwave.internal.ZWaveActivator:36  ]- Z-Wave binding started. Version 1.8.1
2016-03-22 00:08:07.587 [DEBUG] [.z.internal.ZWaveActiveBinding:175 ]- ConverterHandler not initialised. Polling disabled.
2016-03-22 00:08:13.290 [INFO ] [.z.internal.ZWaveActiveBinding:325 ]- Update config, port = /dev/ttyAMA0
2016-03-22 00:08:13.292 [INFO ] [.z.internal.ZWaveActiveBinding:330 ]- Update config, healtime = 12
2016-03-22 00:08:13.294 [INFO ] [.z.internal.ZWaveActiveBinding:375 ]- Update config, setSUC = true
2016-03-22 00:08:13.295 [DEBUG] [.z.internal.ZWaveActiveBinding:282 ]- Initialising zwave binding
2016-03-22 00:08:13.395 [INFO ] [b.z.i.protocol.ZWaveController:148 ]- Starting Z-Wave controller
2016-03-22 00:08:13.397 [INFO ] [b.z.i.protocol.ZWaveController:156 ]- Z-Wave timeout is set to 5000ms. Soft reset is false.
2016-03-22 00:08:13.398 [INFO ] [b.z.i.protocol.ZWaveController:322 ]- Connecting to serial port /dev/ttyAMA0
2016-03-22 00:08:13.558 [ERROR] [b.z.i.protocol.ZWaveController:344 ]- Serial Error: Port /dev/ttyAMA0 does not exist
2016-03-22 00:46:10.749 [DEBUG] [.zwave.internal.ZWaveActivator:36  ]- Z-Wave binding started. Version 1.8.1
2016-03-22 00:46:10.974 [DEBUG] [.z.internal.ZWaveActiveBinding:175 ]- ConverterHandler not initialised. Polling disabled.
2016-03-22 00:46:10.978 [INFO ] [.z.internal.ZWaveActiveBinding:325 ]- Update config, port = /dev/ttyAMA0
2016-03-22 00:46:10.980 [INFO ] [.z.internal.ZWaveActiveBinding:330 ]- Update config, healtime = 12
2016-03-22 00:46:10.981 [INFO ] [.z.internal.ZWaveActiveBinding:375 ]- Update config, setSUC = true
2016-03-22 00:46:10.982 [DEBUG] [.z.internal.ZWaveActiveBinding:282 ]- Initialising zwave binding
2016-03-22 00:46:11.056 [INFO ] [b.z.i.protocol.ZWaveController:148 ]- Starting Z-Wave controller
2016-03-22 00:46:11.057 [INFO ] [b.z.i.protocol.ZWaveController:156 ]- Z-Wave timeout is set to 5000ms. Soft reset is false.
2016-03-22 00:46:11.059 [INFO ] [b.z.i.protocol.ZWaveController:322 ]- Connecting to serial port /dev/ttyAMA0
2016-03-22 00:46:11.185 [ERROR] [b.z.i.protocol.ZWaveController:344 ]- Serial Error: Port /dev/ttyAMA0 does not exist
